{"C:\\projects\\swagger-sentinel\\packages\\core\\src\\cli.ts": {"path":"C:\\projects\\swagger-sentinel\\packages\\core\\src\\cli.ts","statementMap":{"0":{"start":{"line":27,"column":18},"end":{"line":27,"column":62}},"1":{"start":{"line":28,"column":16},"end":{"line":28,"column":58}},"2":{"start":{"line":29,"column":12},"end":{"line":29,"column":56}},"3":{"start":{"line":32,"column":17},"end":{"line":32,"column":30}},"4":{"start":{"line":34,"column":1},"end":{"line":37,"column":null}},"5":{"start":{"line":39,"column":1},"end":{"line":147,"column":null}},"6":{"start":{"line":56,"column":3},"end":{"line":145,"column":null}},"7":{"start":{"line":57,"column":10},"end":{"line":57,"column":31}},"8":{"start":{"line":58,"column":26},"end":{"line":61,"column":null}},"9":{"start":{"line":63,"column":33},"end":{"line":63,"column":35}},"10":{"start":{"line":64,"column":4},"end":{"line":66,"column":null}},"11":{"start":{"line":65,"column":33},"end":{"line":65,"column":null}},"12":{"start":{"line":66,"column":5},"end":{"line":66,"column":null}},"13":{"start":{"line":69,"column":17},"end":{"line":69,"column":41}},"14":{"start":{"line":71,"column":4},"end":{"line":79,"column":null}},"15":{"start":{"line":72,"column":28},"end":{"line":72,"column":null}},"16":{"start":{"line":73,"column":18},"end":{"line":73,"column":null}},"17":{"start":{"line":74,"column":22},"end":{"line":74,"column":38}},"18":{"start":{"line":75,"column":5},"end":{"line":79,"column":null}},"19":{"start":{"line":76,"column":6},"end":{"line":76,"column":null}},"20":{"start":{"line":77,"column":6},"end":{"line":79,"column":null}},"21":{"start":{"line":83,"column":20},"end":{"line":87,"column":6}},"22":{"start":{"line":90,"column":4},"end":{"line":102,"column":null}},"23":{"start":{"line":91,"column":5},"end":{"line":99,"column":null}},"24":{"start":{"line":93,"column":23},"end":{"line":93,"column":null}},"25":{"start":{"line":94,"column":6},"end":{"line":96,"column":null}},"26":{"start":{"line":95,"column":25},"end":{"line":95,"column":65}},"27":{"start":{"line":96,"column":7},"end":{"line":96,"column":null}},"28":{"start":{"line":96,"column":22},"end":{"line":96,"column":null}},"29":{"start":{"line":98,"column":6},"end":{"line":99,"column":null}},"30":{"start":{"line":99,"column":7},"end":{"line":99,"column":null}},"31":{"start":{"line":104,"column":10},"end":{"line":104,"column":67}},"32":{"start":{"line":106,"column":4},"end":{"line":109,"column":null}},"33":{"start":{"line":107,"column":5},"end":{"line":107,"column":null}},"34":{"start":{"line":109,"column":5},"end":{"line":109,"column":null}},"35":{"start":{"line":113,"column":4},"end":{"line":122,"column":null}},"36":{"start":{"line":117,"column":5},"end":{"line":122,"column":null}},"37":{"start":{"line":118,"column":21},"end":{"line":118,"column":31}},"38":{"start":{"line":120,"column":13},"end":{"line":120,"column":61}},"39":{"start":{"line":121,"column":7},"end":{"line":121,"column":null}},"40":{"start":{"line":121,"column":23},"end":{"line":121,"column":null}},"41":{"start":{"line":126,"column":4},"end":{"line":129,"column":null}},"42":{"start":{"line":127,"column":11},"end":{"line":127,"column":63}},"43":{"start":{"line":128,"column":5},"end":{"line":128,"column":null}},"44":{"start":{"line":129,"column":5},"end":{"line":129,"column":null}},"45":{"start":{"line":132,"column":22},"end":{"line":133,"column":null}},"46":{"start":{"line":133,"column":12},"end":{"line":133,"column":null}},"47":{"start":{"line":135,"column":24},"end":{"line":136,"column":null}},"48":{"start":{"line":136,"column":12},"end":{"line":136,"column":null}},"49":{"start":{"line":139,"column":4},"end":{"line":141,"column":null}},"50":{"start":{"line":143,"column":18},"end":{"line":143,"column":null}},"51":{"start":{"line":144,"column":4},"end":{"line":144,"column":null}},"52":{"start":{"line":145,"column":4},"end":{"line":145,"column":null}},"53":{"start":{"line":152,"column":1},"end":{"line":213,"column":null}},"54":{"start":{"line":168,"column":3},"end":{"line":211,"column":null}},"55":{"start":{"line":169,"column":10},"end":{"line":169,"column":31}},"56":{"start":{"line":170,"column":22},"end":{"line":170,"column":43}},"57":{"start":{"line":172,"column":26},"end":{"line":183,"column":null}},"58":{"start":{"line":185,"column":17},"end":{"line":185,"column":41}},"59":{"start":{"line":186,"column":23},"end":{"line":190,"column":null}},"60":{"start":{"line":191,"column":10},"end":{"line":191,"column":44}},"61":{"start":{"line":193,"column":4},"end":{"line":194,"column":null}},"62":{"start":{"line":194,"column":5},"end":{"line":194,"column":null}},"63":{"start":{"line":197,"column":4},"end":{"line":200,"column":null}},"64":{"start":{"line":198,"column":22},"end":{"line":198,"column":74}},"65":{"start":{"line":199,"column":5},"end":{"line":199,"column":null}},"66":{"start":{"line":200,"column":5},"end":{"line":200,"column":null}},"67":{"start":{"line":203,"column":4},"end":{"line":207,"column":null}},"68":{"start":{"line":209,"column":18},"end":{"line":209,"column":null}},"69":{"start":{"line":210,"column":4},"end":{"line":210,"column":null}},"70":{"start":{"line":211,"column":4},"end":{"line":211,"column":null}},"71":{"start":{"line":218,"column":1},"end":{"line":312,"column":null}},"72":{"start":{"line":231,"column":3},"end":{"line":310,"column":null}},"73":{"start":{"line":232,"column":21},"end":{"line":232,"column":null}},"74":{"start":{"line":233,"column":17},"end":{"line":233,"column":null}},"75":{"start":{"line":235,"column":5},"end":{"line":237,"column":null}},"76":{"start":{"line":239,"column":4},"end":{"line":245,"column":null}},"77":{"start":{"line":240,"column":5},"end":{"line":244,"column":null}},"78":{"start":{"line":245,"column":5},"end":{"line":245,"column":null}},"79":{"start":{"line":248,"column":4},"end":{"line":250,"column":null}},"80":{"start":{"line":251,"column":17},"end":{"line":251,"column":41}},"81":{"start":{"line":253,"column":27},"end":{"line":253,"column":null}},"82":{"start":{"line":255,"column":4},"end":{"line":259,"column":null}},"83":{"start":{"line":260,"column":19},"end":{"line":260,"column":69}},"84":{"start":{"line":262,"column":4},"end":{"line":268,"column":null}},"85":{"start":{"line":263,"column":5},"end":{"line":267,"column":null}},"86":{"start":{"line":268,"column":5},"end":{"line":268,"column":null}},"87":{"start":{"line":271,"column":4},"end":{"line":271,"column":null}},"88":{"start":{"line":272,"column":4},"end":{"line":284,"column":null}},"89":{"start":{"line":273,"column":5},"end":{"line":273,"column":null}},"90":{"start":{"line":274,"column":5},"end":{"line":277,"column":null}},"91":{"start":{"line":275,"column":6},"end":{"line":277,"column":null}},"92":{"start":{"line":279,"column":5},"end":{"line":282,"column":null}},"93":{"start":{"line":280,"column":6},"end":{"line":282,"column":null}},"94":{"start":{"line":284,"column":5},"end":{"line":284,"column":null}},"95":{"start":{"line":287,"column":4},"end":{"line":305,"column":null}},"96":{"start":{"line":288,"column":18},"end":{"line":288,"column":null}},"97":{"start":{"line":289,"column":5},"end":{"line":289,"column":null}},"98":{"start":{"line":290,"column":5},"end":{"line":294,"column":null}},"99":{"start":{"line":296,"column":5},"end":{"line":300,"column":null}},"100":{"start":{"line":301,"column":5},"end":{"line":305,"column":null}},"101":{"start":{"line":308,"column":18},"end":{"line":308,"column":null}},"102":{"start":{"line":309,"column":4},"end":{"line":309,"column":null}},"103":{"start":{"line":310,"column":4},"end":{"line":310,"column":null}},"104":{"start":{"line":316,"column":1},"end":{"line":349,"column":null}},"105":{"start":{"line":321,"column":20},"end":{"line":321,"column":null}},"106":{"start":{"line":322,"column":9},"end":{"line":322,"column":30}},"107":{"start":{"line":323,"column":25},"end":{"line":326,"column":null}},"108":{"start":{"line":328,"column":3},"end":{"line":328,"column":null}},"109":{"start":{"line":330,"column":25},"end":{"line":340,"column":null}},"110":{"start":{"line":331,"column":4},"end":{"line":340,"column":null}},"111":{"start":{"line":332,"column":18},"end":{"line":332,"column":42}},"112":{"start":{"line":333,"column":21},"end":{"line":333,"column":71}},"113":{"start":{"line":334,"column":5},"end":{"line":336,"column":null}},"114":{"start":{"line":337,"column":5},"end":{"line":337,"column":null}},"115":{"start":{"line":339,"column":19},"end":{"line":339,"column":null}},"116":{"start":{"line":340,"column":5},"end":{"line":340,"column":null}},"117":{"start":{"line":344,"column":3},"end":{"line":344,"column":null}},"118":{"start":{"line":346,"column":3},"end":{"line":348,"column":null}},"119":{"start":{"line":347,"column":4},"end":{"line":347,"column":null}},"120":{"start":{"line":354,"column":1},"end":{"line":395,"column":null}},"121":{"start":{"line":359,"column":3},"end":{"line":393,"column":null}},"122":{"start":{"line":360,"column":17},"end":{"line":360,"column":41}},"123":{"start":{"line":362,"column":4},"end":{"line":365,"column":null}},"124":{"start":{"line":363,"column":5},"end":{"line":365,"column":null}},"125":{"start":{"line":366,"column":4},"end":{"line":366,"column":null}},"126":{"start":{"line":366,"column":20},"end":{"line":366,"column":null}},"127":{"start":{"line":367,"column":4},"end":{"line":368,"column":null}},"128":{"start":{"line":368,"column":5},"end":{"line":368,"column":null}},"129":{"start":{"line":370,"column":22},"end":{"line":370,"column":null}},"130":{"start":{"line":371,"column":18},"end":{"line":371,"column":null}},"131":{"start":{"line":372,"column":4},"end":{"line":382,"column":null}},"132":{"start":{"line":373,"column":5},"end":{"line":382,"column":null}},"133":{"start":{"line":382,"column":6},"end":{"line":382,"column":null}},"134":{"start":{"line":382,"column":50},"end":{"line":382,"column":null}},"135":{"start":{"line":386,"column":4},"end":{"line":386,"column":null}},"136":{"start":{"line":387,"column":4},"end":{"line":389,"column":null}},"137":{"start":{"line":391,"column":18},"end":{"line":391,"column":null}},"138":{"start":{"line":392,"column":4},"end":{"line":392,"column":null}},"139":{"start":{"line":393,"column":4},"end":{"line":393,"column":null}},"140":{"start":{"line":400,"column":1},"end":{"line":449,"column":null}},"141":{"start":{"line":405,"column":3},"end":{"line":447,"column":null}},"142":{"start":{"line":406,"column":17},"end":{"line":406,"column":41}},"143":{"start":{"line":407,"column":17},"end":{"line":407,"column":44}},"144":{"start":{"line":409,"column":4},"end":{"line":425,"column":null}},"145":{"start":{"line":410,"column":5},"end":{"line":425,"column":null}},"146":{"start":{"line":419,"column":18},"end":{"line":419,"column":null}},"147":{"start":{"line":422,"column":6},"end":{"line":425,"column":null}},"148":{"start":{"line":423,"column":7},"end":{"line":425,"column":null}},"149":{"start":{"line":424,"column":8},"end":{"line":424,"column":null}},"150":{"start":{"line":424,"column":28},"end":{"line":424,"column":null}},"151":{"start":{"line":425,"column":8},"end":{"line":425,"column":null}},"152":{"start":{"line":431,"column":4},"end":{"line":433,"column":null}},"153":{"start":{"line":432,"column":5},"end":{"line":432,"column":null}},"154":{"start":{"line":433,"column":5},"end":{"line":433,"column":null}},"155":{"start":{"line":436,"column":4},"end":{"line":436,"column":null}},"156":{"start":{"line":437,"column":4},"end":{"line":440,"column":null}},"157":{"start":{"line":438,"column":5},"end":{"line":438,"column":null}},"158":{"start":{"line":439,"column":5},"end":{"line":440,"column":null}},"159":{"start":{"line":440,"column":6},"end":{"line":440,"column":null}},"160":{"start":{"line":443,"column":4},"end":{"line":443,"column":null}},"161":{"start":{"line":445,"column":18},"end":{"line":445,"column":null}},"162":{"start":{"line":446,"column":4},"end":{"line":446,"column":null}},"163":{"start":{"line":447,"column":4},"end":{"line":447,"column":null}},"164":{"start":{"line":454,"column":1},"end":{"line":541,"column":null}},"165":{"start":{"line":503,"column":4},"end":{"line":538,"column":null}},"166":{"start":{"line":504,"column":20},"end":{"line":504,"column":56}},"167":{"start":{"line":505,"column":24},"end":{"line":505,"column":53}},"168":{"start":{"line":506,"column":21},"end":{"line":506,"column":48}},"169":{"start":{"line":507,"column":21},"end":{"line":507,"column":48}},"170":{"start":{"line":508,"column":11},"end":{"line":508,"column":59}},"171":{"start":{"line":509,"column":18},"end":{"line":509,"column":56}},"172":{"start":{"line":511,"column":5},"end":{"line":514,"column":null}},"173":{"start":{"line":512,"column":6},"end":{"line":512,"column":null}},"174":{"start":{"line":514,"column":6},"end":{"line":514,"column":null}},"175":{"start":{"line":517,"column":5},"end":{"line":531,"column":null}},"176":{"start":{"line":518,"column":47},"end":{"line":522,"column":null}},"177":{"start":{"line":523,"column":24},"end":{"line":528,"column":null}},"178":{"start":{"line":530,"column":6},"end":{"line":530,"column":null}},"179":{"start":{"line":531,"column":6},"end":{"line":531,"column":null}},"180":{"start":{"line":534,"column":5},"end":{"line":534,"column":null}},"181":{"start":{"line":536,"column":19},"end":{"line":536,"column":null}},"182":{"start":{"line":537,"column":5},"end":{"line":537,"column":null}},"183":{"start":{"line":538,"column":5},"end":{"line":538,"column":null}},"184":{"start":{"line":568,"column":49},"end":{"line":574,"column":null}},"185":{"start":{"line":580,"column":18},"end":{"line":580,"column":null}},"186":{"start":{"line":581,"column":2},"end":{"line":583,"column":null}},"187":{"start":{"line":582,"column":3},"end":{"line":582,"column":null}},"188":{"start":{"line":583,"column":3},"end":{"line":583,"column":null}},"189":{"start":{"line":586,"column":19},"end":{"line":586,"column":null}},"190":{"start":{"line":587,"column":22},"end":{"line":587,"column":null}},"191":{"start":{"line":588,"column":22},"end":{"line":588,"column":null}},"192":{"start":{"line":590,"column":2},"end":{"line":590,"column":null}},"193":{"start":{"line":592,"column":2},"end":{"line":599,"column":null}},"194":{"start":{"line":593,"column":3},"end":{"line":593,"column":null}},"195":{"start":{"line":594,"column":3},"end":{"line":597,"column":null}},"196":{"start":{"line":595,"column":4},"end":{"line":597,"column":null}},"197":{"start":{"line":599,"column":3},"end":{"line":599,"column":null}},"198":{"start":{"line":602,"column":2},"end":{"line":611,"column":null}},"199":{"start":{"line":603,"column":3},"end":{"line":605,"column":null}},"200":{"start":{"line":606,"column":3},"end":{"line":609,"column":null}},"201":{"start":{"line":607,"column":4},"end":{"line":609,"column":null}},"202":{"start":{"line":611,"column":3},"end":{"line":611,"column":null}},"203":{"start":{"line":614,"column":2},"end":{"line":621,"column":null}},"204":{"start":{"line":615,"column":3},"end":{"line":615,"column":null}},"205":{"start":{"line":616,"column":3},"end":{"line":619,"column":null}},"206":{"start":{"line":617,"column":4},"end":{"line":619,"column":null}},"207":{"start":{"line":621,"column":3},"end":{"line":621,"column":null}},"208":{"start":{"line":624,"column":2},"end":{"line":631,"column":null}},"209":{"start":{"line":625,"column":3},"end":{"line":629,"column":null}},"210":{"start":{"line":631,"column":3},"end":{"line":631,"column":null}},"211":{"start":{"line":634,"column":2},"end":{"line":638,"column":null}},"212":{"start":{"line":640,"column":2},"end":{"line":642,"column":null}},"213":{"start":{"line":648,"column":2},"end":{"line":649,"column":null}},"214":{"start":{"line":649,"column":3},"end":{"line":649,"column":null}},"215":{"start":{"line":651,"column":2},"end":{"line":653,"column":null}},"216":{"start":{"line":660,"column":2},"end":{"line":660,"column":null}},"217":{"start":{"line":660,"column":24},"end":{"line":660,"column":null}},"218":{"start":{"line":661,"column":2},"end":{"line":661,"column":null}},"219":{"start":{"line":661,"column":23},"end":{"line":661,"column":null}},"220":{"start":{"line":662,"column":2},"end":{"line":662,"column":null}},"221":{"start":{"line":668,"column":34},"end":{"line":694,"column":null}},"222":{"start":{"line":696,"column":2},"end":{"line":699,"column":null}},"223":{"start":{"line":697,"column":3},"end":{"line":699,"column":null}},"224":{"start":{"line":702,"column":2},"end":{"line":702,"column":null}},"225":{"start":{"line":710,"column":2},"end":{"line":710,"column":null}},"226":{"start":{"line":710,"column":27},"end":{"line":710,"column":null}},"227":{"start":{"line":712,"column":17},"end":{"line":712,"column":30}},"228":{"start":{"line":713,"column":2},"end":{"line":716,"column":null}},"229":{"start":{"line":714,"column":3},"end":{"line":716,"column":null}},"230":{"start":{"line":719,"column":2},"end":{"line":719,"column":null}},"231":{"start":{"line":727,"column":3},"end":{"line":729,"column":null}},"232":{"start":{"line":732,"column":3},"end":{"line":736,"column":null}},"233":{"start":{"line":738,"column":2},"end":{"line":742,"column":null}},"234":{"start":{"line":752,"column":26},"end":{"line":752,"column":28}},"235":{"start":{"line":753,"column":22},"end":{"line":753,"column":46}},"236":{"start":{"line":754,"column":26},"end":{"line":754,"column":69}},"237":{"start":{"line":755,"column":20},"end":{"line":755,"column":44}},"238":{"start":{"line":757,"column":24},"end":{"line":757,"column":null}},"239":{"start":{"line":758,"column":27},"end":{"line":758,"column":null}},"240":{"start":{"line":759,"column":27},"end":{"line":759,"column":null}},"241":{"start":{"line":760,"column":20},"end":{"line":760,"column":59}},"242":{"start":{"line":761,"column":20},"end":{"line":764,"column":null}},"243":{"start":{"line":767,"column":3},"end":{"line":771,"column":null}},"244":{"start":{"line":772,"column":23},"end":{"line":775,"column":null}},"245":{"start":{"line":777,"column":19},"end":{"line":777,"column":60}},"246":{"start":{"line":780,"column":3},"end":{"line":784,"column":null}},"247":{"start":{"line":787,"column":3},"end":{"line":791,"column":null}},"248":{"start":{"line":793,"column":8},"end":{"line":793,"column":73}},"249":{"start":{"line":793,"column":45},"end":{"line":793,"column":73}},"250":{"start":{"line":795,"column":2},"end":{"line":797,"column":null}},"251":{"start":{"line":798,"column":2},"end":{"line":802,"column":null}},"252":{"start":{"line":799,"column":3},"end":{"line":799,"column":null}},"253":{"start":{"line":800,"column":3},"end":{"line":802,"column":null}},"254":{"start":{"line":805,"column":2},"end":{"line":805,"column":null}},"255":{"start":{"line":806,"column":2},"end":{"line":806,"column":null}},"256":{"start":{"line":807,"column":2},"end":{"line":807,"column":null}},"257":{"start":{"line":808,"column":2},"end":{"line":808,"column":null}},"258":{"start":{"line":809,"column":2},"end":{"line":809,"column":null}},"259":{"start":{"line":810,"column":2},"end":{"line":810,"column":null}},"260":{"start":{"line":811,"column":2},"end":{"line":811,"column":null}},"261":{"start":{"line":812,"column":2},"end":{"line":812,"column":null}},"262":{"start":{"line":813,"column":2},"end":{"line":813,"column":null}},"263":{"start":{"line":814,"column":2},"end":{"line":814,"column":null}},"264":{"start":{"line":815,"column":2},"end":{"line":815,"column":null}},"265":{"start":{"line":816,"column":2},"end":{"line":816,"column":null}},"266":{"start":{"line":817,"column":2},"end":{"line":817,"column":null}},"267":{"start":{"line":818,"column":2},"end":{"line":818,"column":null}},"268":{"start":{"line":819,"column":2},"end":{"line":819,"column":null}},"269":{"start":{"line":820,"column":2},"end":{"line":820,"column":null}},"270":{"start":{"line":821,"column":2},"end":{"line":821,"column":null}},"271":{"start":{"line":822,"column":2},"end":{"line":822,"column":null}},"272":{"start":{"line":823,"column":2},"end":{"line":823,"column":null}},"273":{"start":{"line":824,"column":2},"end":{"line":824,"column":null}},"274":{"start":{"line":825,"column":2},"end":{"line":825,"column":null}},"275":{"start":{"line":826,"column":2},"end":{"line":826,"column":null}},"276":{"start":{"line":827,"column":2},"end":{"line":827,"column":null}},"277":{"start":{"line":828,"column":2},"end":{"line":828,"column":null}},"278":{"start":{"line":829,"column":2},"end":{"line":829,"column":null}},"279":{"start":{"line":830,"column":2},"end":{"line":830,"column":null}},"280":{"start":{"line":831,"column":2},"end":{"line":831,"column":null}},"281":{"start":{"line":832,"column":2},"end":{"line":832,"column":null}},"282":{"start":{"line":833,"column":2},"end":{"line":833,"column":null}},"283":{"start":{"line":834,"column":2},"end":{"line":834,"column":null}},"284":{"start":{"line":835,"column":2},"end":{"line":835,"column":null}},"285":{"start":{"line":836,"column":2},"end":{"line":836,"column":null}},"286":{"start":{"line":837,"column":2},"end":{"line":837,"column":null}},"287":{"start":{"line":838,"column":2},"end":{"line":838,"column":null}},"288":{"start":{"line":839,"column":2},"end":{"line":839,"column":null}},"289":{"start":{"line":840,"column":2},"end":{"line":840,"column":null}},"290":{"start":{"line":841,"column":2},"end":{"line":841,"column":null}},"291":{"start":{"line":842,"column":2},"end":{"line":842,"column":null}},"292":{"start":{"line":843,"column":2},"end":{"line":843,"column":null}},"293":{"start":{"line":844,"column":2},"end":{"line":844,"column":null}},"294":{"start":{"line":845,"column":2},"end":{"line":845,"column":null}},"295":{"start":{"line":846,"column":2},"end":{"line":846,"column":null}},"296":{"start":{"line":847,"column":2},"end":{"line":847,"column":null}},"297":{"start":{"line":848,"column":2},"end":{"line":848,"column":null}},"298":{"start":{"line":849,"column":2},"end":{"line":849,"column":null}},"299":{"start":{"line":850,"column":2},"end":{"line":850,"column":null}},"300":{"start":{"line":851,"column":2},"end":{"line":851,"column":null}},"301":{"start":{"line":852,"column":2},"end":{"line":852,"column":null}},"302":{"start":{"line":853,"column":2},"end":{"line":853,"column":null}},"303":{"start":{"line":854,"column":2},"end":{"line":854,"column":null}},"304":{"start":{"line":855,"column":2},"end":{"line":855,"column":null}},"305":{"start":{"line":856,"column":2},"end":{"line":856,"column":null}},"306":{"start":{"line":857,"column":2},"end":{"line":857,"column":null}},"307":{"start":{"line":858,"column":2},"end":{"line":858,"column":null}},"308":{"start":{"line":859,"column":2},"end":{"line":859,"column":null}},"309":{"start":{"line":861,"column":2},"end":{"line":871,"column":null}},"310":{"start":{"line":862,"column":3},"end":{"line":862,"column":null}},"311":{"start":{"line":863,"column":3},"end":{"line":863,"column":null}},"312":{"start":{"line":864,"column":3},"end":{"line":864,"column":null}},"313":{"start":{"line":865,"column":3},"end":{"line":865,"column":null}},"314":{"start":{"line":866,"column":3},"end":{"line":870,"column":null}},"315":{"start":{"line":867,"column":4},"end":{"line":869,"column":null}},"316":{"start":{"line":871,"column":3},"end":{"line":871,"column":null}},"317":{"start":{"line":874,"column":2},"end":{"line":884,"column":null}},"318":{"start":{"line":875,"column":3},"end":{"line":875,"column":null}},"319":{"start":{"line":876,"column":3},"end":{"line":876,"column":null}},"320":{"start":{"line":877,"column":3},"end":{"line":877,"column":null}},"321":{"start":{"line":878,"column":3},"end":{"line":878,"column":null}},"322":{"start":{"line":879,"column":3},"end":{"line":883,"column":null}},"323":{"start":{"line":880,"column":4},"end":{"line":882,"column":null}},"324":{"start":{"line":884,"column":3},"end":{"line":884,"column":null}},"325":{"start":{"line":887,"column":2},"end":{"line":897,"column":null}},"326":{"start":{"line":888,"column":3},"end":{"line":888,"column":null}},"327":{"start":{"line":889,"column":3},"end":{"line":889,"column":null}},"328":{"start":{"line":890,"column":3},"end":{"line":890,"column":null}},"329":{"start":{"line":891,"column":3},"end":{"line":891,"column":null}},"330":{"start":{"line":892,"column":3},"end":{"line":896,"column":null}},"331":{"start":{"line":893,"column":4},"end":{"line":895,"column":null}},"332":{"start":{"line":897,"column":3},"end":{"line":897,"column":null}},"333":{"start":{"line":900,"column":2},"end":{"line":900,"column":null}},"334":{"start":{"line":901,"column":2},"end":{"line":901,"column":null}},"335":{"start":{"line":902,"column":2},"end":{"line":908,"column":null}},"336":{"start":{"line":903,"column":3},"end":{"line":905,"column":null}},"337":{"start":{"line":906,"column":3},"end":{"line":908,"column":null}},"338":{"start":{"line":910,"column":2},"end":{"line":913,"column":null}},"339":{"start":{"line":911,"column":3},"end":{"line":913,"column":null}},"340":{"start":{"line":915,"column":2},"end":{"line":918,"column":null}},"341":{"start":{"line":916,"column":3},"end":{"line":918,"column":null}},"342":{"start":{"line":920,"column":2},"end":{"line":921,"column":null}},"343":{"start":{"line":921,"column":3},"end":{"line":921,"column":null}},"344":{"start":{"line":923,"column":2},"end":{"line":923,"column":null}},"345":{"start":{"line":925,"column":2},"end":{"line":925,"column":null}},"346":{"start":{"line":929,"column":15},"end":{"line":929,"column":null}},"347":{"start":{"line":930,"column":28},"end":{"line":930,"column":61}},"348":{"start":{"line":931,"column":22},"end":{"line":931,"column":null}},"349":{"start":{"line":932,"column":23},"end":{"line":932,"column":47}},"350":{"start":{"line":933,"column":17},"end":{"line":933,"column":48}},"351":{"start":{"line":935,"column":3},"end":{"line":939,"column":null}},"352":{"start":{"line":940,"column":24},"end":{"line":940,"column":53}},"353":{"start":{"line":942,"column":2},"end":{"line":942,"column":null}},"354":{"start":{"line":946,"column":23},"end":{"line":946,"column":48}},"355":{"start":{"line":947,"column":25},"end":{"line":947,"column":52}},"356":{"start":{"line":948,"column":23},"end":{"line":948,"column":48}},"357":{"start":{"line":949,"column":2},"end":{"line":949,"column":null}},"358":{"start":{"line":953,"column":2},"end":{"line":953,"column":null}},"359":{"start":{"line":953,"column":24},"end":{"line":953,"column":null}},"360":{"start":{"line":954,"column":2},"end":{"line":954,"column":null}},"361":{"start":{"line":954,"column":26},"end":{"line":954,"column":null}},"362":{"start":{"line":955,"column":2},"end":{"line":955,"column":null}},"363":{"start":{"line":961,"column":2},"end":{"line":961,"column":null}},"364":{"start":{"line":961,"column":30},"end":{"line":961,"column":null}},"365":{"start":{"line":962,"column":2},"end":{"line":962,"column":null}},"366":{"start":{"line":962,"column":29},"end":{"line":962,"column":null}},"367":{"start":{"line":963,"column":2},"end":{"line":963,"column":null}},"368":{"start":{"line":967,"column":2},"end":{"line":967,"column":null}},"369":{"start":{"line":967,"column":19},"end":{"line":967,"column":null}},"370":{"start":{"line":969,"column":20},"end":{"line":969,"column":58}},"371":{"start":{"line":970,"column":27},"end":{"line":972,"column":null}},"372":{"start":{"line":974,"column":23},"end":{"line":974,"column":65}},"373":{"start":{"line":975,"column":2},"end":{"line":975,"column":null}},"374":{"start":{"line":979,"column":17},"end":{"line":979,"column":48}},"375":{"start":{"line":979,"column":39},"end":{"line":979,"column":48}},"376":{"start":{"line":980,"column":17},"end":{"line":980,"column":75}},"377":{"start":{"line":980,"column":39},"end":{"line":980,"column":75}},"378":{"start":{"line":981,"column":19},"end":{"line":982,"column":null}},"379":{"start":{"line":982,"column":10},"end":{"line":982,"column":null}},"380":{"start":{"line":984,"column":22},"end":{"line":985,"column":null}},"381":{"start":{"line":985,"column":10},"end":{"line":985,"column":null}},"382":{"start":{"line":988,"column":2},"end":{"line":988,"column":null}},"383":{"start":{"line":989,"column":2},"end":{"line":1000,"column":null}},"384":{"start":{"line":990,"column":3},"end":{"line":997,"column":null}},"385":{"start":{"line":991,"column":4},"end":{"line":991,"column":null}},"386":{"start":{"line":992,"column":14},"end":{"line":997,"column":null}},"387":{"start":{"line":993,"column":4},"end":{"line":993,"column":null}},"388":{"start":{"line":994,"column":14},"end":{"line":997,"column":null}},"389":{"start":{"line":995,"column":4},"end":{"line":995,"column":null}},"390":{"start":{"line":997,"column":4},"end":{"line":997,"column":null}},"391":{"start":{"line":999,"column":3},"end":{"line":1000,"column":null}},"392":{"start":{"line":1000,"column":4},"end":{"line":1000,"column":null}},"393":{"start":{"line":1004,"column":16},"end":{"line":1004,"column":null}},"394":{"start":{"line":1005,"column":20},"end":{"line":1005,"column":null}},"395":{"start":{"line":1006,"column":2},"end":{"line":1006,"column":null}},"396":{"start":{"line":1008,"column":2},"end":{"line":1015,"column":null}},"397":{"start":{"line":1009,"column":3},"end":{"line":1011,"column":null}},"398":{"start":{"line":1013,"column":3},"end":{"line":1015,"column":null}},"399":{"start":{"line":1018,"column":2},"end":{"line":1019,"column":null}},"400":{"start":{"line":1019,"column":3},"end":{"line":1019,"column":null}},"401":{"start":{"line":1020,"column":2},"end":{"line":1021,"column":null}},"402":{"start":{"line":1021,"column":3},"end":{"line":1021,"column":null}},"403":{"start":{"line":1022,"column":2},"end":{"line":1023,"column":null}},"404":{"start":{"line":1023,"column":3},"end":{"line":1023,"column":null}},"405":{"start":{"line":1024,"column":2},"end":{"line":1024,"column":null}},"406":{"start":{"line":1030,"column":1},"end":{"line":1093,"column":null}},"407":{"start":{"line":1035,"column":3},"end":{"line":1043,"column":null}},"408":{"start":{"line":1036,"column":10},"end":{"line":1036,"column":40}},"409":{"start":{"line":1037,"column":4},"end":{"line":1041,"column":null}},"410":{"start":{"line":1038,"column":5},"end":{"line":1038,"column":null}},"411":{"start":{"line":1040,"column":5},"end":{"line":1040,"column":null}},"412":{"start":{"line":1041,"column":5},"end":{"line":1041,"column":null}},"413":{"start":{"line":1043,"column":4},"end":{"line":1043,"column":null}},"414":{"start":{"line":1046,"column":22},"end":{"line":1054,"column":null}},"415":{"start":{"line":1055,"column":21},"end":{"line":1055,"column":null}},"416":{"start":{"line":1057,"column":3},"end":{"line":1057,"column":null}},"417":{"start":{"line":1059,"column":3},"end":{"line":1083,"column":null}},"418":{"start":{"line":1060,"column":4},"end":{"line":1064,"column":null}},"419":{"start":{"line":1064,"column":5},"end":{"line":1064,"column":null}},"420":{"start":{"line":1066,"column":10},"end":{"line":1066,"column":41}},"421":{"start":{"line":1067,"column":4},"end":{"line":1067,"column":null}},"422":{"start":{"line":1069,"column":4},"end":{"line":1081,"column":null}},"423":{"start":{"line":1070,"column":20},"end":{"line":1072,"column":25}},"424":{"start":{"line":1074,"column":6},"end":{"line":1078,"column":null}},"425":{"start":{"line":1079,"column":5},"end":{"line":1081,"column":null}},"426":{"start":{"line":1083,"column":4},"end":{"line":1083,"column":null}},"427":{"start":{"line":1086,"column":3},"end":{"line":1091,"column":null}},"428":{"start":{"line":1087,"column":4},"end":{"line":1091,"column":null}},"429":{"start":{"line":1098,"column":1},"end":{"line":1104,"column":null}},"430":{"start":{"line":1102,"column":39},"end":{"line":1102,"column":null}},"431":{"start":{"line":1103,"column":3},"end":{"line":1103,"column":null}},"432":{"start":{"line":1106,"column":1},"end":{"line":1106,"column":null}},"433":{"start":{"line":1111,"column":1},"end":{"line":1114,"column":null}},"434":{"start":{"line":1116,"column":0},"end":{"line":1120,"column":null}},"435":{"start":{"line":1117,"column":1},"end":{"line":1120,"column":null}},"436":{"start":{"line":1118,"column":2},"end":{"line":1118,"column":null}},"437":{"start":{"line":1119,"column":2},"end":{"line":1119,"column":null}}},"fnMap":{"0":{"name":"run","decl":{"start":{"line":31,"column":22},"end":{"line":31,"column":26}},"loc":{"start":{"line":31,"column":57},"end":{"line":1106,"column":null}},"line":31},"1":{"name":"(anonymous_1)","decl":{"start":{"line":55,"column":10},"end":{"line":55,"column":17}},"loc":{"start":{"line":55,"column":72},"end":{"line":147,"column":null}},"line":55},"2":{"name":"(anonymous_2)","decl":{"start":{"line":90,"column":12},"end":{"line":90,"column":21}},"loc":{"start":{"line":90,"column":27},"end":{"line":102,"column":null}},"line":90},"3":{"name":"(anonymous_3)","decl":{"start":{"line":118,"column":7},"end":{"line":118,"column":15}},"loc":{"start":{"line":118,"column":21},"end":{"line":118,"column":31}},"line":118},"4":{"name":"(anonymous_4)","decl":{"start":{"line":119,"column":7},"end":{"line":119,"column":16}},"loc":{"start":{"line":119,"column":22},"end":{"line":122,"column":null}},"line":119},"5":{"name":"(anonymous_5)","decl":{"start":{"line":132,"column":30},"end":{"line":132,"column":null}},"loc":{"start":{"line":133,"column":12},"end":{"line":133,"column":null}},"line":133},"6":{"name":"(anonymous_6)","decl":{"start":{"line":135,"column":32},"end":{"line":135,"column":null}},"loc":{"start":{"line":136,"column":12},"end":{"line":136,"column":null}},"line":136},"7":{"name":"(anonymous_7)","decl":{"start":{"line":167,"column":10},"end":{"line":167,"column":17}},"loc":{"start":{"line":167,"column":72},"end":{"line":213,"column":null}},"line":167},"8":{"name":"(anonymous_8)","decl":{"start":{"line":230,"column":10},"end":{"line":230,"column":17}},"loc":{"start":{"line":230,"column":72},"end":{"line":312,"column":null}},"line":230},"9":{"name":"(anonymous_9)","decl":{"start":{"line":320,"column":10},"end":{"line":320,"column":17}},"loc":{"start":{"line":320,"column":72},"end":{"line":349,"column":null}},"line":320},"10":{"name":"(anonymous_10)","decl":{"start":{"line":330,"column":25},"end":{"line":330,"column":37}},"loc":{"start":{"line":330,"column":37},"end":{"line":340,"column":null}},"line":330},"11":{"name":"(anonymous_11)","decl":{"start":{"line":346,"column":56},"end":{"line":346,"column":72}},"loc":{"start":{"line":346,"column":72},"end":{"line":348,"column":null}},"line":346},"12":{"name":"(anonymous_12)","decl":{"start":{"line":358,"column":10},"end":{"line":358,"column":17}},"loc":{"start":{"line":358,"column":38},"end":{"line":395,"column":null}},"line":358},"13":{"name":"(anonymous_13)","decl":{"start":{"line":404,"column":10},"end":{"line":404,"column":17}},"loc":{"start":{"line":404,"column":38},"end":{"line":449,"column":null}},"line":404},"14":{"name":"(anonymous_14)","decl":{"start":{"line":498,"column":3},"end":{"line":498,"column":null}},"loc":{"start":{"line":502,"column":8},"end":{"line":541,"column":null}},"line":502},"15":{"name":"printDiffResults","decl":{"start":{"line":576,"column":10},"end":{"line":576,"column":null}},"loc":{"start":{"line":579,"column":3},"end":{"line":642,"column":null}},"line":579},"16":{"name":"normalizeFailOnLevel","decl":{"start":{"line":647,"column":10},"end":{"line":647,"column":31}},"loc":{"start":{"line":647,"column":60},"end":{"line":653,"column":null}},"line":647},"17":{"name":"shouldFail","decl":{"start":{"line":656,"column":10},"end":{"line":656,"column":null}},"loc":{"start":{"line":659,"column":12},"end":{"line":662,"column":null}},"line":659},"18":{"name":"parseRiskScoreConfig","decl":{"start":{"line":665,"column":10},"end":{"line":665,"column":null}},"loc":{"start":{"line":667,"column":20},"end":{"line":702,"column":null}},"line":667},"19":{"name":"parseOptionalNumber","decl":{"start":{"line":705,"column":10},"end":{"line":705,"column":null}},"loc":{"start":{"line":709,"column":11},"end":{"line":719,"column":null}},"line":709},"20":{"name":"calculateRiskScore","decl":{"start":{"line":722,"column":10},"end":{"line":722,"column":null}},"loc":{"start":{"line":725,"column":20},"end":{"line":742,"column":null}},"line":725},"21":{"name":"generateBreakingSummary","decl":{"start":{"line":745,"column":10},"end":{"line":745,"column":null}},"loc":{"start":{"line":751,"column":11},"end":{"line":925,"column":null}},"line":751},"22":{"name":"(anonymous_22)","decl":{"start":{"line":793,"column":8},"end":{"line":793,"column":27}},"loc":{"start":{"line":793,"column":45},"end":{"line":793,"column":73}},"line":793},"23":{"name":"(anonymous_23)","decl":{"start":{"line":866,"column":26},"end":{"line":866,"column":35}},"loc":{"start":{"line":866,"column":51},"end":{"line":870,"column":null}},"line":866},"24":{"name":"(anonymous_24)","decl":{"start":{"line":879,"column":29},"end":{"line":879,"column":38}},"loc":{"start":{"line":879,"column":54},"end":{"line":883,"column":null}},"line":879},"25":{"name":"(anonymous_25)","decl":{"start":{"line":892,"column":29},"end":{"line":892,"column":38}},"loc":{"start":{"line":892,"column":54},"end":{"line":896,"column":null}},"line":892},"26":{"name":"buildRiskGauge","decl":{"start":{"line":928,"column":10},"end":{"line":928,"column":25}},"loc":{"start":{"line":928,"column":73},"end":{"line":942,"column":null}},"line":928},"27":{"name":"buildBadge","decl":{"start":{"line":945,"column":10},"end":{"line":945,"column":21}},"loc":{"start":{"line":945,"column":76},"end":{"line":949,"column":null}},"line":945},"28":{"name":"getRiskBadgeColor","decl":{"start":{"line":952,"column":10},"end":{"line":952,"column":28}},"loc":{"start":{"line":952,"column":54},"end":{"line":955,"column":null}},"line":952},"29":{"name":"getReleaseBadgeColor","decl":{"start":{"line":958,"column":10},"end":{"line":958,"column":null}},"loc":{"start":{"line":960,"column":11},"end":{"line":963,"column":null}},"line":960},"30":{"name":"buildSummaryLogoPath","decl":{"start":{"line":966,"column":10},"end":{"line":966,"column":31}},"loc":{"start":{"line":966,"column":60},"end":{"line":975,"column":null}},"line":966},"31":{"name":"printResults","decl":{"start":{"line":978,"column":10},"end":{"line":978,"column":23}},"loc":{"start":{"line":978,"column":69},"end":{"line":1024,"column":null}},"line":978},"32":{"name":"(anonymous_32)","decl":{"start":{"line":979,"column":25},"end":{"line":979,"column":33}},"loc":{"start":{"line":979,"column":39},"end":{"line":979,"column":48}},"line":979},"33":{"name":"(anonymous_33)","decl":{"start":{"line":980,"column":25},"end":{"line":980,"column":33}},"loc":{"start":{"line":980,"column":39},"end":{"line":980,"column":75}},"line":980},"34":{"name":"(anonymous_34)","decl":{"start":{"line":981,"column":27},"end":{"line":981,"column":null}},"loc":{"start":{"line":982,"column":10},"end":{"line":982,"column":null}},"line":982},"35":{"name":"(anonymous_35)","decl":{"start":{"line":984,"column":30},"end":{"line":984,"column":null}},"loc":{"start":{"line":985,"column":10},"end":{"line":985,"column":null}},"line":985},"36":{"name":"(anonymous_36)","decl":{"start":{"line":1034,"column":3},"end":{"line":1034,"column":11}},"loc":{"start":{"line":1034,"column":72},"end":{"line":1093,"column":null}},"line":1034},"37":{"name":"(anonymous_37)","decl":{"start":{"line":1101,"column":10},"end":{"line":1101,"column":22}},"loc":{"start":{"line":1101,"column":22},"end":{"line":1104,"column":null}},"line":1101},"38":{"name":"(anonymous_38)","decl":{"start":{"line":1117,"column":7},"end":{"line":1117,"column":14}},"loc":{"start":{"line":1117,"column":22},"end":{"line":1120,"column":null}},"line":1117}},"branchMap":{"0":{"loc":{"start":{"line":31,"column":26},"end":{"line":31,"column":57}},"type":"default-arg","locations":[{"start":{"line":31,"column":43},"end":{"line":31,"column":57}}],"line":31},"1":{"loc":{"start":{"line":60,"column":13},"end":{"line":60,"column":null}},"type":"binary-expr","locations":[{"start":{"line":60,"column":13},"end":{"line":60,"column":31}},{"start":{"line":60,"column":31},"end":{"line":60,"column":48}},{"start":{"line":60,"column":48},"end":{"line":60,"column":null}}],"line":60},"2":{"loc":{"start":{"line":64,"column":4},"end":{"line":66,"column":null}},"type":"if","locations":[{"start":{"line":64,"column":4},"end":{"line":66,"column":null}},{"start":{},"end":{}}],"line":64},"3":{"loc":{"start":{"line":71,"column":4},"end":{"line":79,"column":null}},"type":"if","locations":[{"start":{"line":71,"column":4},"end":{"line":79,"column":null}},{"start":{},"end":{}}],"line":71},"4":{"loc":{"start":{"line":75,"column":5},"end":{"line":79,"column":null}},"type":"if","locations":[{"start":{"line":75,"column":5},"end":{"line":79,"column":null}},{"start":{},"end":{}}],"line":75},"5":{"loc":{"start":{"line":91,"column":5},"end":{"line":99,"column":null}},"type":"if","locations":[{"start":{"line":91,"column":5},"end":{"line":99,"column":null}},{"start":{},"end":{}}],"line":91},"6":{"loc":{"start":{"line":94,"column":6},"end":{"line":96,"column":null}},"type":"if","locations":[{"start":{"line":94,"column":6},"end":{"line":96,"column":null}},{"start":{},"end":{}}],"line":94},"7":{"loc":{"start":{"line":94,"column":10},"end":{"line":94,"column":36}},"type":"binary-expr","locations":[{"start":{"line":94,"column":10},"end":{"line":94,"column":25}},{"start":{"line":94,"column":25},"end":{"line":94,"column":36}}],"line":94},"8":{"loc":{"start":{"line":96,"column":7},"end":{"line":96,"column":null}},"type":"if","locations":[{"start":{"line":96,"column":7},"end":{"line":96,"column":null}},{"start":{},"end":{}}],"line":96},"9":{"loc":{"start":{"line":98,"column":6},"end":{"line":99,"column":null}},"type":"if","locations":[{"start":{"line":98,"column":6},"end":{"line":99,"column":null}},{"start":{},"end":{}}],"line":98},"10":{"loc":{"start":{"line":106,"column":4},"end":{"line":109,"column":null}},"type":"if","locations":[{"start":{"line":106,"column":4},"end":{"line":109,"column":null}},{"start":{"line":108,"column":11},"end":{"line":109,"column":null}}],"line":106},"11":{"loc":{"start":{"line":113,"column":4},"end":{"line":122,"column":null}},"type":"if","locations":[{"start":{"line":113,"column":4},"end":{"line":122,"column":null}},{"start":{},"end":{}}],"line":113},"12":{"loc":{"start":{"line":114,"column":5},"end":{"line":115,"column":null}},"type":"binary-expr","locations":[{"start":{"line":114,"column":5},"end":{"line":114,"column":null}},{"start":{"line":114,"column":13},"end":{"line":115,"column":23}},{"start":{"line":115,"column":27},"end":{"line":115,"column":null}}],"line":114},"13":{"loc":{"start":{"line":121,"column":7},"end":{"line":121,"column":null}},"type":"if","locations":[{"start":{"line":121,"column":7},"end":{"line":121,"column":null}},{"start":{},"end":{}}],"line":121},"14":{"loc":{"start":{"line":126,"column":4},"end":{"line":129,"column":null}},"type":"if","locations":[{"start":{"line":126,"column":4},"end":{"line":129,"column":null}},{"start":{},"end":{}}],"line":126},"15":{"loc":{"start":{"line":133,"column":12},"end":{"line":133,"column":null}},"type":"binary-expr","locations":[{"start":{"line":133,"column":12},"end":{"line":133,"column":38}},{"start":{"line":133,"column":38},"end":{"line":133,"column":null}}],"line":133},"16":{"loc":{"start":{"line":136,"column":12},"end":{"line":136,"column":null}},"type":"binary-expr","locations":[{"start":{"line":136,"column":12},"end":{"line":136,"column":40}},{"start":{"line":136,"column":40},"end":{"line":136,"column":null}}],"line":136},"17":{"loc":{"start":{"line":140,"column":5},"end":{"line":140,"column":null}},"type":"cond-expr","locations":[{"start":{"line":140,"column":58},"end":{"line":140,"column":62}},{"start":{"line":140,"column":62},"end":{"line":140,"column":null}}],"line":140},"18":{"loc":{"start":{"line":140,"column":5},"end":{"line":140,"column":58}},"type":"binary-expr","locations":[{"start":{"line":140,"column":5},"end":{"line":140,"column":19}},{"start":{"line":140,"column":19},"end":{"line":140,"column":43}},{"start":{"line":140,"column":43},"end":{"line":140,"column":58}}],"line":140},"19":{"loc":{"start":{"line":170,"column":22},"end":{"line":170,"column":43}},"type":"binary-expr","locations":[{"start":{"line":170,"column":22},"end":{"line":170,"column":41}},{"start":{"line":170,"column":41},"end":{"line":170,"column":43}}],"line":170},"20":{"loc":{"start":{"line":175,"column":6},"end":{"line":177,"column":null}},"type":"cond-expr","locations":[{"start":{"line":176,"column":9},"end":{"line":176,"column":null}},{"start":{"line":177,"column":9},"end":{"line":177,"column":null}}],"line":175},"21":{"loc":{"start":{"line":177,"column":9},"end":{"line":177,"column":null}},"type":"binary-expr","locations":[{"start":{"line":177,"column":9},"end":{"line":177,"column":29}},{"start":{"line":177,"column":29},"end":{"line":177,"column":null}}],"line":177},"22":{"loc":{"start":{"line":179,"column":6},"end":{"line":181,"column":null}},"type":"cond-expr","locations":[{"start":{"line":180,"column":9},"end":{"line":180,"column":null}},{"start":{"line":181,"column":9},"end":{"line":181,"column":null}}],"line":179},"23":{"loc":{"start":{"line":181,"column":9},"end":{"line":181,"column":null}},"type":"binary-expr","locations":[{"start":{"line":181,"column":9},"end":{"line":181,"column":30}},{"start":{"line":181,"column":30},"end":{"line":181,"column":null}}],"line":181},"24":{"loc":{"start":{"line":182,"column":11},"end":{"line":182,"column":null}},"type":"cond-expr","locations":[{"start":{"line":182,"column":35},"end":{"line":182,"column":50}},{"start":{"line":182,"column":50},"end":{"line":182,"column":null}}],"line":182},"25":{"loc":{"start":{"line":182,"column":50},"end":{"line":182,"column":null}},"type":"binary-expr","locations":[{"start":{"line":182,"column":50},"end":{"line":182,"column":68}},{"start":{"line":182,"column":68},"end":{"line":182,"column":null}}],"line":182},"26":{"loc":{"start":{"line":193,"column":4},"end":{"line":194,"column":null}},"type":"if","locations":[{"start":{"line":193,"column":4},"end":{"line":194,"column":null}},{"start":{},"end":{}}],"line":193},"27":{"loc":{"start":{"line":235,"column":5},"end":{"line":237,"column":null}},"type":"cond-expr","locations":[{"start":{"line":236,"column":8},"end":{"line":236,"column":null}},{"start":{"line":237,"column":8},"end":{"line":237,"column":null}}],"line":235},"28":{"loc":{"start":{"line":239,"column":4},"end":{"line":245,"column":null}},"type":"if","locations":[{"start":{"line":239,"column":4},"end":{"line":245,"column":null}},{"start":{},"end":{}}],"line":239},"29":{"loc":{"start":{"line":242,"column":49},"end":{"line":242,"column":109}},"type":"cond-expr","locations":[{"start":{"line":242,"column":73},"end":{"line":242,"column":92}},{"start":{"line":242,"column":92},"end":{"line":242,"column":109}}],"line":242},"30":{"loc":{"start":{"line":262,"column":4},"end":{"line":268,"column":null}},"type":"if","locations":[{"start":{"line":262,"column":4},"end":{"line":268,"column":null}},{"start":{},"end":{}}],"line":262},"31":{"loc":{"start":{"line":274,"column":5},"end":{"line":277,"column":null}},"type":"if","locations":[{"start":{"line":274,"column":5},"end":{"line":277,"column":null}},{"start":{},"end":{}}],"line":274},"32":{"loc":{"start":{"line":279,"column":5},"end":{"line":282,"column":null}},"type":"if","locations":[{"start":{"line":279,"column":5},"end":{"line":282,"column":null}},{"start":{},"end":{}}],"line":279},"33":{"loc":{"start":{"line":287,"column":4},"end":{"line":305,"column":null}},"type":"if","locations":[{"start":{"line":287,"column":4},"end":{"line":305,"column":null}},{"start":{"line":295,"column":11},"end":{"line":305,"column":null}}],"line":287},"34":{"loc":{"start":{"line":325,"column":12},"end":{"line":325,"column":null}},"type":"binary-expr","locations":[{"start":{"line":325,"column":12},"end":{"line":325,"column":30}},{"start":{"line":325,"column":30},"end":{"line":325,"column":47}},{"start":{"line":325,"column":47},"end":{"line":325,"column":null}}],"line":325},"35":{"loc":{"start":{"line":362,"column":4},"end":{"line":365,"column":null}},"type":"if","locations":[{"start":{"line":362,"column":4},"end":{"line":365,"column":null}},{"start":{},"end":{}}],"line":362},"36":{"loc":{"start":{"line":366,"column":4},"end":{"line":366,"column":null}},"type":"if","locations":[{"start":{"line":366,"column":4},"end":{"line":366,"column":null}},{"start":{},"end":{}}],"line":366},"37":{"loc":{"start":{"line":367,"column":4},"end":{"line":368,"column":null}},"type":"if","locations":[{"start":{"line":367,"column":4},"end":{"line":368,"column":null}},{"start":{},"end":{}}],"line":367},"38":{"loc":{"start":{"line":367,"column":8},"end":{"line":367,"column":null}},"type":"binary-expr","locations":[{"start":{"line":367,"column":8},"end":{"line":367,"column":23}},{"start":{"line":367,"column":23},"end":{"line":367,"column":null}}],"line":367},"39":{"loc":{"start":{"line":382,"column":6},"end":{"line":382,"column":null}},"type":"if","locations":[{"start":{"line":382,"column":6},"end":{"line":382,"column":null}},{"start":{},"end":{}}],"line":382},"40":{"loc":{"start":{"line":409,"column":53},"end":{"line":409,"column":69}},"type":"binary-expr","locations":[{"start":{"line":409,"column":53},"end":{"line":409,"column":67}},{"start":{"line":409,"column":67},"end":{"line":409,"column":69}}],"line":409},"41":{"loc":{"start":{"line":422,"column":6},"end":{"line":425,"column":null}},"type":"if","locations":[{"start":{"line":422,"column":6},"end":{"line":425,"column":null}},{"start":{},"end":{}}],"line":422},"42":{"loc":{"start":{"line":424,"column":8},"end":{"line":424,"column":null}},"type":"if","locations":[{"start":{"line":424,"column":8},"end":{"line":424,"column":null}},{"start":{},"end":{}}],"line":424},"43":{"loc":{"start":{"line":431,"column":4},"end":{"line":433,"column":null}},"type":"if","locations":[{"start":{"line":431,"column":4},"end":{"line":433,"column":null}},{"start":{},"end":{}}],"line":431},"44":{"loc":{"start":{"line":511,"column":5},"end":{"line":514,"column":null}},"type":"if","locations":[{"start":{"line":511,"column":5},"end":{"line":514,"column":null}},{"start":{"line":513,"column":12},"end":{"line":514,"column":null}}],"line":511},"45":{"loc":{"start":{"line":517,"column":5},"end":{"line":531,"column":null}},"type":"if","locations":[{"start":{"line":517,"column":5},"end":{"line":531,"column":null}},{"start":{},"end":{}}],"line":517},"46":{"loc":{"start":{"line":520,"column":28},"end":{"line":520,"column":64}},"type":"binary-expr","locations":[{"start":{"line":520,"column":28},"end":{"line":520,"column":52}},{"start":{"line":520,"column":52},"end":{"line":520,"column":64}}],"line":520},"47":{"loc":{"start":{"line":534,"column":18},"end":{"line":534,"column":53}},"type":"cond-expr","locations":[{"start":{"line":534,"column":47},"end":{"line":534,"column":51}},{"start":{"line":534,"column":51},"end":{"line":534,"column":53}}],"line":534},"48":{"loc":{"start":{"line":581,"column":2},"end":{"line":583,"column":null}},"type":"if","locations":[{"start":{"line":581,"column":2},"end":{"line":583,"column":null}},{"start":{},"end":{}}],"line":581},"49":{"loc":{"start":{"line":592,"column":2},"end":{"line":599,"column":null}},"type":"if","locations":[{"start":{"line":592,"column":2},"end":{"line":599,"column":null}},{"start":{},"end":{}}],"line":592},"50":{"loc":{"start":{"line":602,"column":2},"end":{"line":611,"column":null}},"type":"if","locations":[{"start":{"line":602,"column":2},"end":{"line":611,"column":null}},{"start":{},"end":{}}],"line":602},"51":{"loc":{"start":{"line":614,"column":2},"end":{"line":621,"column":null}},"type":"if","locations":[{"start":{"line":614,"column":2},"end":{"line":621,"column":null}},{"start":{},"end":{}}],"line":614},"52":{"loc":{"start":{"line":624,"column":2},"end":{"line":631,"column":null}},"type":"if","locations":[{"start":{"line":624,"column":2},"end":{"line":631,"column":null}},{"start":{"line":630,"column":9},"end":{"line":631,"column":null}}],"line":624},"53":{"loc":{"start":{"line":648,"column":2},"end":{"line":649,"column":null}},"type":"if","locations":[{"start":{"line":648,"column":2},"end":{"line":649,"column":null}},{"start":{},"end":{}}],"line":648},"54":{"loc":{"start":{"line":648,"column":6},"end":{"line":648,"column":67}},"type":"binary-expr","locations":[{"start":{"line":648,"column":6},"end":{"line":648,"column":30}},{"start":{"line":648,"column":30},"end":{"line":648,"column":49}},{"start":{"line":648,"column":49},"end":{"line":648,"column":67}}],"line":648},"55":{"loc":{"start":{"line":660,"column":2},"end":{"line":660,"column":null}},"type":"if","locations":[{"start":{"line":660,"column":2},"end":{"line":660,"column":null}},{"start":{},"end":{}}],"line":660},"56":{"loc":{"start":{"line":661,"column":2},"end":{"line":661,"column":null}},"type":"if","locations":[{"start":{"line":661,"column":2},"end":{"line":661,"column":null}},{"start":{},"end":{}}],"line":661},"57":{"loc":{"start":{"line":696,"column":2},"end":{"line":699,"column":null}},"type":"if","locations":[{"start":{"line":696,"column":2},"end":{"line":699,"column":null}},{"start":{},"end":{}}],"line":696},"58":{"loc":{"start":{"line":710,"column":2},"end":{"line":710,"column":null}},"type":"if","locations":[{"start":{"line":710,"column":2},"end":{"line":710,"column":null}},{"start":{},"end":{}}],"line":710},"59":{"loc":{"start":{"line":713,"column":2},"end":{"line":716,"column":null}},"type":"if","locations":[{"start":{"line":713,"column":2},"end":{"line":716,"column":null}},{"start":{},"end":{}}],"line":713},"60":{"loc":{"start":{"line":713,"column":6},"end":{"line":713,"column":46}},"type":"binary-expr","locations":[{"start":{"line":713,"column":6},"end":{"line":713,"column":30}},{"start":{"line":713,"column":34},"end":{"line":713,"column":46}}],"line":713},"61":{"loc":{"start":{"line":732,"column":3},"end":{"line":736,"column":null}},"type":"cond-expr","locations":[{"start":{"line":733,"column":6},"end":{"line":733,"column":null}},{"start":{"line":734,"column":6},"end":{"line":736,"column":null}}],"line":732},"62":{"loc":{"start":{"line":734,"column":6},"end":{"line":736,"column":null}},"type":"cond-expr","locations":[{"start":{"line":735,"column":7},"end":{"line":735,"column":null}},{"start":{"line":736,"column":7},"end":{"line":736,"column":null}}],"line":734},"63":{"loc":{"start":{"line":767,"column":3},"end":{"line":771,"column":null}},"type":"cond-expr","locations":[{"start":{"line":768,"column":6},"end":{"line":768,"column":null}},{"start":{"line":769,"column":6},"end":{"line":771,"column":null}}],"line":767},"64":{"loc":{"start":{"line":769,"column":6},"end":{"line":771,"column":null}},"type":"cond-expr","locations":[{"start":{"line":770,"column":7},"end":{"line":770,"column":null}},{"start":{"line":771,"column":7},"end":{"line":771,"column":null}}],"line":769},"65":{"loc":{"start":{"line":780,"column":3},"end":{"line":784,"column":null}},"type":"cond-expr","locations":[{"start":{"line":781,"column":6},"end":{"line":781,"column":null}},{"start":{"line":782,"column":6},"end":{"line":784,"column":null}}],"line":780},"66":{"loc":{"start":{"line":782,"column":6},"end":{"line":784,"column":null}},"type":"cond-expr","locations":[{"start":{"line":783,"column":7},"end":{"line":783,"column":null}},{"start":{"line":784,"column":7},"end":{"line":784,"column":null}}],"line":782},"67":{"loc":{"start":{"line":787,"column":3},"end":{"line":791,"column":null}},"type":"cond-expr","locations":[{"start":{"line":788,"column":6},"end":{"line":788,"column":null}},{"start":{"line":789,"column":6},"end":{"line":791,"column":null}}],"line":787},"68":{"loc":{"start":{"line":789,"column":6},"end":{"line":791,"column":null}},"type":"cond-expr","locations":[{"start":{"line":790,"column":7},"end":{"line":790,"column":null}},{"start":{"line":791,"column":7},"end":{"line":791,"column":null}}],"line":789},"69":{"loc":{"start":{"line":798,"column":2},"end":{"line":802,"column":null}},"type":"if","locations":[{"start":{"line":798,"column":2},"end":{"line":802,"column":null}},{"start":{},"end":{}}],"line":798},"70":{"loc":{"start":{"line":861,"column":2},"end":{"line":871,"column":null}},"type":"if","locations":[{"start":{"line":861,"column":2},"end":{"line":871,"column":null}},{"start":{},"end":{}}],"line":861},"71":{"loc":{"start":{"line":874,"column":2},"end":{"line":884,"column":null}},"type":"if","locations":[{"start":{"line":874,"column":2},"end":{"line":884,"column":null}},{"start":{},"end":{}}],"line":874},"72":{"loc":{"start":{"line":887,"column":2},"end":{"line":897,"column":null}},"type":"if","locations":[{"start":{"line":887,"column":2},"end":{"line":897,"column":null}},{"start":{},"end":{}}],"line":887},"73":{"loc":{"start":{"line":902,"column":2},"end":{"line":908,"column":null}},"type":"if","locations":[{"start":{"line":902,"column":2},"end":{"line":908,"column":null}},{"start":{},"end":{}}],"line":902},"74":{"loc":{"start":{"line":910,"column":2},"end":{"line":913,"column":null}},"type":"if","locations":[{"start":{"line":910,"column":2},"end":{"line":913,"column":null}},{"start":{},"end":{}}],"line":910},"75":{"loc":{"start":{"line":915,"column":2},"end":{"line":918,"column":null}},"type":"if","locations":[{"start":{"line":915,"column":2},"end":{"line":918,"column":null}},{"start":{},"end":{}}],"line":915},"76":{"loc":{"start":{"line":920,"column":2},"end":{"line":921,"column":null}},"type":"if","locations":[{"start":{"line":920,"column":2},"end":{"line":921,"column":null}},{"start":{},"end":{}}],"line":920},"77":{"loc":{"start":{"line":935,"column":3},"end":{"line":939,"column":null}},"type":"cond-expr","locations":[{"start":{"line":936,"column":6},"end":{"line":936,"column":null}},{"start":{"line":937,"column":6},"end":{"line":939,"column":null}}],"line":935},"78":{"loc":{"start":{"line":937,"column":6},"end":{"line":939,"column":null}},"type":"cond-expr","locations":[{"start":{"line":938,"column":7},"end":{"line":938,"column":null}},{"start":{"line":939,"column":7},"end":{"line":939,"column":null}}],"line":937},"79":{"loc":{"start":{"line":953,"column":2},"end":{"line":953,"column":null}},"type":"if","locations":[{"start":{"line":953,"column":2},"end":{"line":953,"column":null}},{"start":{},"end":{}}],"line":953},"80":{"loc":{"start":{"line":954,"column":2},"end":{"line":954,"column":null}},"type":"if","locations":[{"start":{"line":954,"column":2},"end":{"line":954,"column":null}},{"start":{},"end":{}}],"line":954},"81":{"loc":{"start":{"line":961,"column":2},"end":{"line":961,"column":null}},"type":"if","locations":[{"start":{"line":961,"column":2},"end":{"line":961,"column":null}},{"start":{},"end":{}}],"line":961},"82":{"loc":{"start":{"line":962,"column":2},"end":{"line":962,"column":null}},"type":"if","locations":[{"start":{"line":962,"column":2},"end":{"line":962,"column":null}},{"start":{},"end":{}}],"line":962},"83":{"loc":{"start":{"line":967,"column":2},"end":{"line":967,"column":null}},"type":"if","locations":[{"start":{"line":967,"column":2},"end":{"line":967,"column":null}},{"start":{},"end":{}}],"line":967},"84":{"loc":{"start":{"line":980,"column":39},"end":{"line":980,"column":75}},"type":"binary-expr","locations":[{"start":{"line":980,"column":39},"end":{"line":980,"column":52}},{"start":{"line":980,"column":52},"end":{"line":980,"column":75}}],"line":980},"85":{"loc":{"start":{"line":982,"column":10},"end":{"line":982,"column":null}},"type":"binary-expr","locations":[{"start":{"line":982,"column":10},"end":{"line":982,"column":23}},{"start":{"line":982,"column":23},"end":{"line":982,"column":null}}],"line":982},"86":{"loc":{"start":{"line":985,"column":10},"end":{"line":985,"column":null}},"type":"binary-expr","locations":[{"start":{"line":985,"column":10},"end":{"line":985,"column":23}},{"start":{"line":985,"column":23},"end":{"line":985,"column":null}}],"line":985},"87":{"loc":{"start":{"line":990,"column":3},"end":{"line":997,"column":null}},"type":"if","locations":[{"start":{"line":990,"column":3},"end":{"line":997,"column":null}},{"start":{"line":992,"column":14},"end":{"line":997,"column":null}}],"line":990},"88":{"loc":{"start":{"line":992,"column":14},"end":{"line":997,"column":null}},"type":"if","locations":[{"start":{"line":992,"column":14},"end":{"line":997,"column":null}},{"start":{"line":994,"column":14},"end":{"line":997,"column":null}}],"line":992},"89":{"loc":{"start":{"line":994,"column":14},"end":{"line":997,"column":null}},"type":"if","locations":[{"start":{"line":994,"column":14},"end":{"line":997,"column":null}},{"start":{"line":996,"column":10},"end":{"line":997,"column":null}}],"line":994},"90":{"loc":{"start":{"line":999,"column":3},"end":{"line":1000,"column":null}},"type":"if","locations":[{"start":{"line":999,"column":3},"end":{"line":1000,"column":null}},{"start":{},"end":{}}],"line":999},"91":{"loc":{"start":{"line":999,"column":7},"end":{"line":999,"column":31}},"type":"binary-expr","locations":[{"start":{"line":999,"column":7},"end":{"line":999,"column":20}},{"start":{"line":999,"column":20},"end":{"line":999,"column":31}}],"line":999},"92":{"loc":{"start":{"line":1008,"column":2},"end":{"line":1015,"column":null}},"type":"if","locations":[{"start":{"line":1008,"column":2},"end":{"line":1015,"column":null}},{"start":{"line":1012,"column":9},"end":{"line":1015,"column":null}}],"line":1008},"93":{"loc":{"start":{"line":1008,"column":6},"end":{"line":1008,"column":65}},"type":"binary-expr","locations":[{"start":{"line":1008,"column":6},"end":{"line":1008,"column":30}},{"start":{"line":1008,"column":30},"end":{"line":1008,"column":41}},{"start":{"line":1008,"column":41},"end":{"line":1008,"column":65}}],"line":1008},"94":{"loc":{"start":{"line":1018,"column":2},"end":{"line":1019,"column":null}},"type":"if","locations":[{"start":{"line":1018,"column":2},"end":{"line":1019,"column":null}},{"start":{},"end":{}}],"line":1018},"95":{"loc":{"start":{"line":1020,"column":2},"end":{"line":1021,"column":null}},"type":"if","locations":[{"start":{"line":1020,"column":2},"end":{"line":1021,"column":null}},{"start":{},"end":{}}],"line":1020},"96":{"loc":{"start":{"line":1022,"column":2},"end":{"line":1023,"column":null}},"type":"if","locations":[{"start":{"line":1022,"column":2},"end":{"line":1023,"column":null}},{"start":{},"end":{}}],"line":1022},"97":{"loc":{"start":{"line":1035,"column":3},"end":{"line":1043,"column":null}},"type":"if","locations":[{"start":{"line":1035,"column":3},"end":{"line":1043,"column":null}},{"start":{},"end":{}}],"line":1035},"98":{"loc":{"start":{"line":1037,"column":4},"end":{"line":1041,"column":null}},"type":"if","locations":[{"start":{"line":1037,"column":4},"end":{"line":1041,"column":null}},{"start":{"line":1039,"column":11},"end":{"line":1041,"column":null}}],"line":1037},"99":{"loc":{"start":{"line":1060,"column":4},"end":{"line":1064,"column":null}},"type":"if","locations":[{"start":{"line":1060,"column":4},"end":{"line":1064,"column":null}},{"start":{},"end":{}}],"line":1060},"100":{"loc":{"start":{"line":1061,"column":5},"end":{"line":1062,"column":62}},"type":"binary-expr","locations":[{"start":{"line":1061,"column":5},"end":{"line":1061,"column":null}},{"start":{"line":1062,"column":5},"end":{"line":1062,"column":62}}],"line":1061},"101":{"loc":{"start":{"line":1070,"column":20},"end":{"line":1072,"column":25}},"type":"cond-expr","locations":[{"start":{"line":1071,"column":8},"end":{"line":1071,"column":24}},{"start":{"line":1072,"column":8},"end":{"line":1072,"column":25}}],"line":1070},"102":{"loc":{"start":{"line":1074,"column":6},"end":{"line":1078,"column":null}},"type":"cond-expr","locations":[{"start":{"line":1075,"column":9},"end":{"line":1075,"column":null}},{"start":{"line":1076,"column":9},"end":{"line":1078,"column":null}}],"line":1074},"103":{"loc":{"start":{"line":1076,"column":9},"end":{"line":1078,"column":null}},"type":"cond-expr","locations":[{"start":{"line":1077,"column":10},"end":{"line":1077,"column":null}},{"start":{"line":1078,"column":10},"end":{"line":1078,"column":null}}],"line":1076},"104":{"loc":{"start":{"line":1086,"column":3},"end":{"line":1091,"column":null}},"type":"if","locations":[{"start":{"line":1086,"column":3},"end":{"line":1091,"column":null}},{"start":{},"end":{}}],"line":1086},"105":{"loc":{"start":{"line":1111,"column":1},"end":{"line":1114,"column":null}},"type":"binary-expr","locations":[{"start":{"line":1111,"column":1},"end":{"line":1111,"column":null}},{"start":{"line":1112,"column":2},"end":{"line":1112,"column":36}},{"start":{"line":1113,"column":2},"end":{"line":1113,"column":36}},{"start":{"line":1114,"column":2},"end":{"line":1114,"column":34}}],"line":1111},"106":{"loc":{"start":{"line":1116,"column":0},"end":{"line":1120,"column":null}},"type":"if","locations":[{"start":{"line":1116,"column":0},"end":{"line":1120,"column":null}},{"start":{},"end":{}}],"line":1116}},"s":{"0":1,"1":1,"2":1,"3":22,"4":22,"5":22,"6":6,"7":6,"8":6,"9":6,"10":6,"11":0,"12":0,"13":6,"14":5,"15":0,"16":0,"17":0,"18":0,"19":0,"20":0,"21":5,"22":5,"23":415,"24":36,"25":36,"26":36,"27":36,"28":0,"29":36,"30":0,"31":5,"32":5,"33":1,"34":4,"35":5,"36":1,"37":83,"38":18,"39":18,"40":18,"41":5,"42":1,"43":1,"44":1,"45":5,"46":251,"47":5,"48":255,"49":5,"50":1,"51":1,"52":1,"53":22,"54":1,"55":1,"56":1,"57":1,"58":1,"59":1,"60":1,"61":1,"62":0,"63":1,"64":3,"65":3,"66":3,"67":1,"68":0,"69":0,"70":0,"71":22,"72":0,"73":0,"74":0,"75":0,"76":0,"77":0,"78":0,"79":0,"80":0,"81":0,"82":0,"83":0,"84":0,"85":0,"86":0,"87":0,"88":0,"89":0,"90":0,"91":0,"92":0,"93":0,"94":0,"95":0,"96":0,"97":0,"98":0,"99":0,"100":0,"101":0,"102":0,"103":0,"104":22,"105":0,"106":0,"107":0,"108":0,"109":0,"110":0,"111":0,"112":0,"113":0,"114":0,"115":0,"116":0,"117":0,"118":0,"119":0,"120":22,"121":1,"122":1,"123":1,"124":0,"125":1,"126":0,"127":1,"128":0,"129":1,"130":1,"131":1,"132":2,"133":14,"134":6,"135":1,"136":1,"137":0,"138":0,"139":0,"140":22,"141":1,"142":1,"143":1,"144":1,"145":2,"146":14,"147":14,"148":6,"149":6,"150":1,"151":6,"152":1,"153":0,"154":0,"155":1,"156":1,"157":1,"158":1,"159":6,"160":1,"161":0,"162":0,"163":0,"164":22,"165":8,"166":8,"167":8,"168":8,"169":7,"170":7,"171":7,"172":7,"173":1,"174":6,"175":7,"176":1,"177":1,"178":1,"179":1,"180":7,"181":1,"182":1,"183":1,"184":22,"185":6,"186":6,"187":1,"188":1,"189":5,"190":5,"191":5,"192":5,"193":5,"194":5,"195":5,"196":10,"197":5,"198":5,"199":5,"200":5,"201":5,"202":5,"203":5,"204":0,"205":0,"206":0,"207":0,"208":5,"209":5,"210":0,"211":5,"212":5,"213":8,"214":8,"215":0,"216":7,"217":2,"218":5,"219":5,"220":4,"221":8,"222":8,"223":1,"224":7,"225":40,"226":36,"227":4,"228":4,"229":0,"230":4,"231":7,"232":7,"233":7,"234":1,"235":1,"236":1,"237":1,"238":1,"239":1,"240":1,"241":1,"242":1,"243":1,"244":1,"245":1,"246":1,"247":1,"248":1,"249":6,"250":1,"251":1,"252":1,"253":1,"254":1,"255":1,"256":1,"257":1,"258":1,"259":1,"260":1,"261":1,"262":1,"263":1,"264":1,"265":1,"266":1,"267":1,"268":1,"269":1,"270":1,"271":1,"272":1,"273":1,"274":1,"275":1,"276":1,"277":1,"278":1,"279":1,"280":1,"281":1,"282":1,"283":1,"284":1,"285":1,"286":1,"287":1,"288":1,"289":1,"290":1,"291":1,"292":1,"293":1,"294":1,"295":1,"296":1,"297":1,"298":1,"299":1,"300":1,"301":1,"302":1,"303":1,"304":1,"305":1,"306":1,"307":1,"308":1,"309":1,"310":1,"311":1,"312":1,"313":1,"314":1,"315":2,"316":1,"317":1,"318":1,"319":1,"320":1,"321":1,"322":1,"323":1,"324":1,"325":1,"326":0,"327":0,"328":0,"329":0,"330":0,"331":0,"332":0,"333":1,"334":1,"335":1,"336":1,"337":1,"338":1,"339":1,"340":1,"341":0,"342":1,"343":0,"344":1,"345":1,"346":1,"347":1,"348":1,"349":1,"350":1,"351":1,"352":1,"353":1,"354":2,"355":2,"356":2,"357":2,"358":1,"359":1,"360":0,"361":0,"362":0,"363":1,"364":1,"365":0,"366":0,"367":0,"368":1,"369":0,"370":1,"371":1,"372":1,"373":1,"374":4,"375":332,"376":4,"377":332,"378":4,"379":332,"380":4,"381":332,"382":4,"383":4,"384":332,"385":296,"386":36,"387":6,"388":30,"389":14,"390":16,"391":332,"392":28,"393":4,"394":4,"395":4,"396":4,"397":2,"398":2,"399":4,"400":2,"401":4,"402":2,"403":4,"404":2,"405":4,"406":22,"407":3,"408":2,"409":2,"410":1,"411":1,"412":1,"413":2,"414":1,"415":1,"416":1,"417":1,"418":7,"419":6,"420":1,"421":1,"422":1,"423":15,"424":15,"425":15,"426":1,"427":1,"428":1,"429":22,"430":1,"431":1,"432":22,"433":1,"434":1,"435":0,"436":0,"437":0},"f":{"0":22,"1":6,"2":415,"3":83,"4":18,"5":251,"6":255,"7":1,"8":0,"9":0,"10":0,"11":0,"12":1,"13":1,"14":8,"15":6,"16":8,"17":7,"18":8,"19":40,"20":7,"21":1,"22":6,"23":2,"24":1,"25":0,"26":1,"27":2,"28":1,"29":1,"30":1,"31":4,"32":332,"33":332,"34":332,"35":332,"36":3,"37":1,"38":0},"b":{"0":[22],"1":[6,6,6],"2":[0,6],"3":[0,5],"4":[0,0],"5":[36,379],"6":[36,0],"7":[36,36],"8":[0,36],"9":[0,36],"10":[1,4],"11":[1,4],"12":[5,4,0],"13":[18,0],"14":[1,4],"15":[251,50],"16":[255,128],"17":[2,3],"18":[5,3,0],"19":[1,1],"20":[1,0],"21":[0,0],"22":[0,1],"23":[1,1],"24":[0,1],"25":[1,1],"26":[0,1],"27":[0,0],"28":[0,0],"29":[0,0],"30":[0,0],"31":[0,0],"32":[0,0],"33":[0,0],"34":[0,0,0],"35":[0,1],"36":[0,1],"37":[0,1],"38":[1,1],"39":[6,8],"40":[1,0],"41":[6,8],"42":[1,5],"43":[0,1],"44":[1,6],"45":[1,6],"46":[1,0],"47":[4,3],"48":[1,5],"49":[5,0],"50":[5,0],"51":[0,5],"52":[5,0],"53":[8,0],"54":[8,3,2],"55":[2,5],"56":[1,4],"57":[1,7],"58":[36,4],"59":[0,4],"60":[4,4],"61":[5,2],"62":[0,2],"63":[1,0],"64":[0,0],"65":[1,0],"66":[0,0],"67":[1,0],"68":[0,0],"69":[1,0],"70":[1,0],"71":[1,0],"72":[0,1],"73":[1,0],"74":[1,0],"75":[0,1],"76":[0,1],"77":[1,0],"78":[0,0],"79":[1,0],"80":[0,0],"81":[1,0],"82":[0,0],"83":[0,1],"84":[332,36],"85":[332,36],"86":[332,36],"87":[296,36],"88":[6,30],"89":[14,16],"90":[28,304],"91":[332,28],"92":[2,2],"93":[4,2,0],"94":[2,2],"95":[2,2],"96":[2,2],"97":[2,1],"98":[1,1],"99":[6,1],"100":[7,7],"101":[11,4],"102":[5,10],"103":[7,3],"104":[1,0],"105":[1,1,1,1],"106":[0,1]},"meta":{"lastBranch":107,"lastFunction":39,"lastStatement":438,"seen":{"s:27:18:27:62":0,"s:28:16:28:58":1,"s:29:12:29:56":2,"f:31:22:31:26":0,"b:31:43:31:57":0,"s:32:17:32:30":3,"s:34:1:37:Infinity":4,"s:39:1:147:Infinity":5,"f:55:10:55:17":1,"s:56:3:145:Infinity":6,"s:57:10:57:31":7,"s:58:26:61:Infinity":8,"b:60:13:60:31:60:31:60:48:60:48:60:Infinity":1,"s:63:33:63:35":9,"b:64:4:66:Infinity:undefined:undefined:undefined:undefined":2,"s:64:4:66:Infinity":10,"s:65:33:65:Infinity":11,"s:66:5:66:Infinity":12,"s:69:17:69:41":13,"b:71:4:79:Infinity:undefined:undefined:undefined:undefined":3,"s:71:4:79:Infinity":14,"s:72:28:72:Infinity":15,"s:73:18:73:Infinity":16,"s:74:22:74:38":17,"b:75:5:79:Infinity:undefined:undefined:undefined:undefined":4,"s:75:5:79:Infinity":18,"s:76:6:76:Infinity":19,"s:77:6:79:Infinity":20,"s:83:20:87:6":21,"s:90:4:102:Infinity":22,"f:90:12:90:21":2,"b:91:5:99:Infinity:undefined:undefined:undefined:undefined":5,"s:91:5:99:Infinity":23,"s:93:23:93:Infinity":24,"b:94:6:96:Infinity:undefined:undefined:undefined:undefined":6,"s:94:6:96:Infinity":25,"b:94:10:94:25:94:25:94:36":7,"s:95:25:95:65":26,"b:96:7:96:Infinity:undefined:undefined:undefined:undefined":8,"s:96:7:96:Infinity":27,"s:96:22:96:Infinity":28,"b:98:6:99:Infinity:undefined:undefined:undefined:undefined":9,"s:98:6:99:Infinity":29,"s:99:7:99:Infinity":30,"s:104:10:104:67":31,"b:106:4:109:Infinity:108:11:109:Infinity":10,"s:106:4:109:Infinity":32,"s:107:5:107:Infinity":33,"s:109:5:109:Infinity":34,"b:113:4:122:Infinity:undefined:undefined:undefined:undefined":11,"s:113:4:122:Infinity":35,"b:114:5:114:Infinity:114:13:115:23:115:27:115:Infinity":12,"s:117:5:122:Infinity":36,"f:118:7:118:15":3,"s:118:21:118:31":37,"f:119:7:119:16":4,"s:120:13:120:61":38,"b:121:7:121:Infinity:undefined:undefined:undefined:undefined":13,"s:121:7:121:Infinity":39,"s:121:23:121:Infinity":40,"b:126:4:129:Infinity:undefined:undefined:undefined:undefined":14,"s:126:4:129:Infinity":41,"s:127:11:127:63":42,"s:128:5:128:Infinity":43,"s:129:5:129:Infinity":44,"s:132:22:133:Infinity":45,"f:132:30:132:Infinity":5,"s:133:12:133:Infinity":46,"b:133:12:133:38:133:38:133:Infinity":15,"s:135:24:136:Infinity":47,"f:135:32:135:Infinity":6,"s:136:12:136:Infinity":48,"b:136:12:136:40:136:40:136:Infinity":16,"s:139:4:141:Infinity":49,"b:140:58:140:62:140:62:140:Infinity":17,"b:140:5:140:19:140:19:140:43:140:43:140:58":18,"s:143:18:143:Infinity":50,"s:144:4:144:Infinity":51,"s:145:4:145:Infinity":52,"s:152:1:213:Infinity":53,"f:167:10:167:17":7,"s:168:3:211:Infinity":54,"s:169:10:169:31":55,"s:170:22:170:43":56,"b:170:22:170:41:170:41:170:43":19,"s:172:26:183:Infinity":57,"b:176:9:176:Infinity:177:9:177:Infinity":20,"b:177:9:177:29:177:29:177:Infinity":21,"b:180:9:180:Infinity:181:9:181:Infinity":22,"b:181:9:181:30:181:30:181:Infinity":23,"b:182:35:182:50:182:50:182:Infinity":24,"b:182:50:182:68:182:68:182:Infinity":25,"s:185:17:185:41":58,"s:186:23:190:Infinity":59,"s:191:10:191:44":60,"b:193:4:194:Infinity:undefined:undefined:undefined:undefined":26,"s:193:4:194:Infinity":61,"s:194:5:194:Infinity":62,"s:197:4:200:Infinity":63,"s:198:22:198:74":64,"s:199:5:199:Infinity":65,"s:200:5:200:Infinity":66,"s:203:4:207:Infinity":67,"s:209:18:209:Infinity":68,"s:210:4:210:Infinity":69,"s:211:4:211:Infinity":70,"s:218:1:312:Infinity":71,"f:230:10:230:17":8,"s:231:3:310:Infinity":72,"s:232:21:232:Infinity":73,"s:233:17:233:Infinity":74,"s:235:5:237:Infinity":75,"b:236:8:236:Infinity:237:8:237:Infinity":27,"b:239:4:245:Infinity:undefined:undefined:undefined:undefined":28,"s:239:4:245:Infinity":76,"s:240:5:244:Infinity":77,"b:242:73:242:92:242:92:242:109":29,"s:245:5:245:Infinity":78,"s:248:4:250:Infinity":79,"s:251:17:251:41":80,"s:253:27:253:Infinity":81,"s:255:4:259:Infinity":82,"s:260:19:260:69":83,"b:262:4:268:Infinity:undefined:undefined:undefined:undefined":30,"s:262:4:268:Infinity":84,"s:263:5:267:Infinity":85,"s:268:5:268:Infinity":86,"s:271:4:271:Infinity":87,"s:272:4:284:Infinity":88,"s:273:5:273:Infinity":89,"b:274:5:277:Infinity:undefined:undefined:undefined:undefined":31,"s:274:5:277:Infinity":90,"s:275:6:277:Infinity":91,"b:279:5:282:Infinity:undefined:undefined:undefined:undefined":32,"s:279:5:282:Infinity":92,"s:280:6:282:Infinity":93,"s:284:5:284:Infinity":94,"b:287:4:305:Infinity:295:11:305:Infinity":33,"s:287:4:305:Infinity":95,"s:288:18:288:Infinity":96,"s:289:5:289:Infinity":97,"s:290:5:294:Infinity":98,"s:296:5:300:Infinity":99,"s:301:5:305:Infinity":100,"s:308:18:308:Infinity":101,"s:309:4:309:Infinity":102,"s:310:4:310:Infinity":103,"s:316:1:349:Infinity":104,"f:320:10:320:17":9,"s:321:20:321:Infinity":105,"s:322:9:322:30":106,"s:323:25:326:Infinity":107,"b:325:12:325:30:325:30:325:47:325:47:325:Infinity":34,"s:328:3:328:Infinity":108,"s:330:25:340:Infinity":109,"f:330:25:330:37":10,"s:331:4:340:Infinity":110,"s:332:18:332:42":111,"s:333:21:333:71":112,"s:334:5:336:Infinity":113,"s:337:5:337:Infinity":114,"s:339:19:339:Infinity":115,"s:340:5:340:Infinity":116,"s:344:3:344:Infinity":117,"s:346:3:348:Infinity":118,"f:346:56:346:72":11,"s:347:4:347:Infinity":119,"s:354:1:395:Infinity":120,"f:358:10:358:17":12,"s:359:3:393:Infinity":121,"s:360:17:360:41":122,"b:362:4:365:Infinity:undefined:undefined:undefined:undefined":35,"s:362:4:365:Infinity":123,"s:363:5:365:Infinity":124,"b:366:4:366:Infinity:undefined:undefined:undefined:undefined":36,"s:366:4:366:Infinity":125,"s:366:20:366:Infinity":126,"b:367:4:368:Infinity:undefined:undefined:undefined:undefined":37,"s:367:4:368:Infinity":127,"b:367:8:367:23:367:23:367:Infinity":38,"s:368:5:368:Infinity":128,"s:370:22:370:Infinity":129,"s:371:18:371:Infinity":130,"s:372:4:382:Infinity":131,"s:373:5:382:Infinity":132,"b:382:6:382:Infinity:undefined:undefined:undefined:undefined":39,"s:382:6:382:Infinity":133,"s:382:50:382:Infinity":134,"s:386:4:386:Infinity":135,"s:387:4:389:Infinity":136,"s:391:18:391:Infinity":137,"s:392:4:392:Infinity":138,"s:393:4:393:Infinity":139,"s:400:1:449:Infinity":140,"f:404:10:404:17":13,"s:405:3:447:Infinity":141,"s:406:17:406:41":142,"s:407:17:407:44":143,"s:409:4:425:Infinity":144,"b:409:53:409:67:409:67:409:69":40,"s:410:5:425:Infinity":145,"s:419:18:419:Infinity":146,"b:422:6:425:Infinity:undefined:undefined:undefined:undefined":41,"s:422:6:425:Infinity":147,"s:423:7:425:Infinity":148,"b:424:8:424:Infinity:undefined:undefined:undefined:undefined":42,"s:424:8:424:Infinity":149,"s:424:28:424:Infinity":150,"s:425:8:425:Infinity":151,"b:431:4:433:Infinity:undefined:undefined:undefined:undefined":43,"s:431:4:433:Infinity":152,"s:432:5:432:Infinity":153,"s:433:5:433:Infinity":154,"s:436:4:436:Infinity":155,"s:437:4:440:Infinity":156,"s:438:5:438:Infinity":157,"s:439:5:440:Infinity":158,"s:440:6:440:Infinity":159,"s:443:4:443:Infinity":160,"s:445:18:445:Infinity":161,"s:446:4:446:Infinity":162,"s:447:4:447:Infinity":163,"s:454:1:541:Infinity":164,"f:498:3:498:Infinity":14,"s:503:4:538:Infinity":165,"s:504:20:504:56":166,"s:505:24:505:53":167,"s:506:21:506:48":168,"s:507:21:507:48":169,"s:508:11:508:59":170,"s:509:18:509:56":171,"b:511:5:514:Infinity:513:12:514:Infinity":44,"s:511:5:514:Infinity":172,"s:512:6:512:Infinity":173,"s:514:6:514:Infinity":174,"b:517:5:531:Infinity:undefined:undefined:undefined:undefined":45,"s:517:5:531:Infinity":175,"s:518:47:522:Infinity":176,"b:520:28:520:52:520:52:520:64":46,"s:523:24:528:Infinity":177,"s:530:6:530:Infinity":178,"s:531:6:531:Infinity":179,"s:534:5:534:Infinity":180,"b:534:47:534:51:534:51:534:53":47,"s:536:19:536:Infinity":181,"s:537:5:537:Infinity":182,"s:538:5:538:Infinity":183,"s:568:49:574:Infinity":184,"f:576:10:576:Infinity":15,"s:580:18:580:Infinity":185,"b:581:2:583:Infinity:undefined:undefined:undefined:undefined":48,"s:581:2:583:Infinity":186,"s:582:3:582:Infinity":187,"s:583:3:583:Infinity":188,"s:586:19:586:Infinity":189,"s:587:22:587:Infinity":190,"s:588:22:588:Infinity":191,"s:590:2:590:Infinity":192,"b:592:2:599:Infinity:undefined:undefined:undefined:undefined":49,"s:592:2:599:Infinity":193,"s:593:3:593:Infinity":194,"s:594:3:597:Infinity":195,"s:595:4:597:Infinity":196,"s:599:3:599:Infinity":197,"b:602:2:611:Infinity:undefined:undefined:undefined:undefined":50,"s:602:2:611:Infinity":198,"s:603:3:605:Infinity":199,"s:606:3:609:Infinity":200,"s:607:4:609:Infinity":201,"s:611:3:611:Infinity":202,"b:614:2:621:Infinity:undefined:undefined:undefined:undefined":51,"s:614:2:621:Infinity":203,"s:615:3:615:Infinity":204,"s:616:3:619:Infinity":205,"s:617:4:619:Infinity":206,"s:621:3:621:Infinity":207,"b:624:2:631:Infinity:630:9:631:Infinity":52,"s:624:2:631:Infinity":208,"s:625:3:629:Infinity":209,"s:631:3:631:Infinity":210,"s:634:2:638:Infinity":211,"s:640:2:642:Infinity":212,"f:647:10:647:31":16,"b:648:2:649:Infinity:undefined:undefined:undefined:undefined":53,"s:648:2:649:Infinity":213,"b:648:6:648:30:648:30:648:49:648:49:648:67":54,"s:649:3:649:Infinity":214,"s:651:2:653:Infinity":215,"f:656:10:656:Infinity":17,"b:660:2:660:Infinity:undefined:undefined:undefined:undefined":55,"s:660:2:660:Infinity":216,"s:660:24:660:Infinity":217,"b:661:2:661:Infinity:undefined:undefined:undefined:undefined":56,"s:661:2:661:Infinity":218,"s:661:23:661:Infinity":219,"s:662:2:662:Infinity":220,"f:665:10:665:Infinity":18,"s:668:34:694:Infinity":221,"b:696:2:699:Infinity:undefined:undefined:undefined:undefined":57,"s:696:2:699:Infinity":222,"s:697:3:699:Infinity":223,"s:702:2:702:Infinity":224,"f:705:10:705:Infinity":19,"b:710:2:710:Infinity:undefined:undefined:undefined:undefined":58,"s:710:2:710:Infinity":225,"s:710:27:710:Infinity":226,"s:712:17:712:30":227,"b:713:2:716:Infinity:undefined:undefined:undefined:undefined":59,"s:713:2:716:Infinity":228,"b:713:6:713:30:713:34:713:46":60,"s:714:3:716:Infinity":229,"s:719:2:719:Infinity":230,"f:722:10:722:Infinity":20,"s:727:3:729:Infinity":231,"s:732:3:736:Infinity":232,"b:733:6:733:Infinity:734:6:736:Infinity":61,"b:735:7:735:Infinity:736:7:736:Infinity":62,"s:738:2:742:Infinity":233,"f:745:10:745:Infinity":21,"s:752:26:752:28":234,"s:753:22:753:46":235,"s:754:26:754:69":236,"s:755:20:755:44":237,"s:757:24:757:Infinity":238,"s:758:27:758:Infinity":239,"s:759:27:759:Infinity":240,"s:760:20:760:59":241,"s:761:20:764:Infinity":242,"s:767:3:771:Infinity":243,"b:768:6:768:Infinity:769:6:771:Infinity":63,"b:770:7:770:Inf
[...]
-expr","locations":[{"start":{"line":188,"column":6},"end":{"line":188,"column":null}},{"start":{"line":189,"column":6},"end":{"line":189,"column":null}}],"line":187},"31":{"loc":{"start":{"line":188,"column":60},"end":{"line":188,"column":null}},"type":"cond-expr","locations":[{"start":{"line":188,"column":86},"end":{"line":188,"column":126}},{"start":{"line":188,"column":126},"end":{"line":188,"column":null}}],"line":188},"32":{"loc":{"start":{"line":196,"column":3},"end":{"line":198,"column":null}},"type":"cond-expr","locations":[{"start":{"line":197,"column":6},"end":{"line":197,"column":null}},{"start":{"line":198,"column":6},"end":{"line":198,"column":null}}],"line":196},"33":{"loc":{"start":{"line":199,"column":20},"end":{"line":199,"column":null}},"type":"binary-expr","locations":[{"start":{"line":199,"column":20},"end":{"line":199,"column":34}},{"start":{"line":199,"column":34},"end":{"line":199,"column":null}}],"line":199},"34":{"loc":{"start":{"line":200,"column":2},"end":{"line":203,"column":null}},"type":"if","locations":[{"start":{"line":200,"column":2},"end":{"line":203,"column":null}},{"start":{},"end":{}}],"line":200},"35":{"loc":{"start":{"line":201,"column":29},"end":{"line":201,"column":57}},"type":"binary-expr","locations":[{"start":{"line":201,"column":29},"end":{"line":201,"column":55}},{"start":{"line":201,"column":55},"end":{"line":201,"column":57}}],"line":201},"36":{"loc":{"start":{"line":202,"column":3},"end":{"line":203,"column":null}},"type":"if","locations":[{"start":{"line":202,"column":3},"end":{"line":203,"column":null}},{"start":{},"end":{}}],"line":202},"37":{"loc":{"start":{"line":202,"column":7},"end":{"line":202,"column":59}},"type":"binary-expr","locations":[{"start":{"line":202,"column":7},"end":{"line":202,"column":29}},{"start":{"line":202,"column":33},"end":{"line":202,"column":59}}],"line":202},"38":{"loc":{"start":{"line":214,"column":3},"end":{"line":216,"column":null}},"type":"cond-expr","locations":[{"start":{"line":215,"column":6},"end":{"line":215,"column":null}},{"start":{"line":216,"column":6},"end":{"line":216,"column":null}}],"line":214},"39":{"loc":{"start":{"line":215,"column":60},"end":{"line":215,"column":null}},"type":"cond-expr","locations":[{"start":{"line":215,"column":86},"end":{"line":215,"column":126}},{"start":{"line":215,"column":126},"end":{"line":215,"column":null}}],"line":215},"40":{"loc":{"start":{"line":220,"column":28},"end":{"line":220,"column":46}},"type":"binary-expr","locations":[{"start":{"line":220,"column":28},"end":{"line":220,"column":44}},{"start":{"line":220,"column":44},"end":{"line":220,"column":46}}],"line":220},"41":{"loc":{"start":{"line":221,"column":9},"end":{"line":221,"column":51}},"type":"binary-expr","locations":[{"start":{"line":221,"column":9},"end":{"line":221,"column":18}},{"start":{"line":221,"column":18},"end":{"line":221,"column":51}}],"line":221},"42":{"loc":{"start":{"line":230,"column":3},"end":{"line":232,"column":null}},"type":"cond-expr","locations":[{"start":{"line":231,"column":6},"end":{"line":231,"column":null}},{"start":{"line":232,"column":6},"end":{"line":232,"column":null}}],"line":230},"43":{"loc":{"start":{"line":237,"column":1},"end":{"line":243,"column":null}},"type":"if","locations":[{"start":{"line":237,"column":1},"end":{"line":243,"column":null}},{"start":{},"end":{}}],"line":237},"44":{"loc":{"start":{"line":242,"column":3},"end":{"line":243,"column":null}},"type":"if","locations":[{"start":{"line":242,"column":3},"end":{"line":243,"column":null}},{"start":{},"end":{}}],"line":242},"45":{"loc":{"start":{"line":242,"column":7},"end":{"line":242,"column":50}},"type":"binary-expr","locations":[{"start":{"line":242,"column":7},"end":{"line":242,"column":28}},{"start":{"line":242,"column":28},"end":{"line":242,"column":50}}],"line":242},"46":{"loc":{"start":{"line":254,"column":3},"end":{"line":256,"column":null}},"type":"cond-expr","locations":[{"start":{"line":255,"column":6},"end":{"line":255,"column":null}},{"start":{"line":256,"column":6},"end":{"line":256,"column":null}}],"line":254},"47":{"loc":{"start":{"line":261,"column":1},"end":{"line":271,"column":null}},"type":"if","locations":[{"start":{"line":261,"column":1},"end":{"line":271,"column":null}},{"start":{},"end":{}}],"line":261},"48":{"loc":{"start":{"line":266,"column":3},"end":{"line":271,"column":null}},"type":"if","locations":[{"start":{"line":266,"column":3},"end":{"line":271,"column":null}},{"start":{},"end":{}}],"line":266},"49":{"loc":{"start":{"line":267,"column":4},"end":{"line":269,"column":42}},"type":"binary-expr","locations":[{"start":{"line":267,"column":4},"end":{"line":267,"column":null}},{"start":{"line":268,"column":4},"end":{"line":268,"column":null}},{"start":{"line":269,"column":4},"end":{"line":269,"column":42}}],"line":267},"50":{"loc":{"start":{"line":282,"column":3},"end":{"line":284,"column":null}},"type":"cond-expr","locations":[{"start":{"line":283,"column":6},"end":{"line":283,"column":null}},{"start":{"line":284,"column":6},"end":{"line":284,"column":null}}],"line":282},"51":{"loc":{"start":{"line":290,"column":20},"end":{"line":290,"column":48}},"type":"binary-expr","locations":[{"start":{"line":290,"column":20},"end":{"line":290,"column":46}},{"start":{"line":290,"column":46},"end":{"line":290,"column":48}}],"line":290},"52":{"loc":{"start":{"line":293,"column":5},"end":{"line":294,"column":6}},"type":"binary-expr","locations":[{"start":{"line":293,"column":5},"end":{"line":293,"column":null}},{"start":{"line":294,"column":4},"end":{"line":294,"column":6}}],"line":293},"53":{"loc":{"start":{"line":295,"column":3},"end":{"line":302,"column":null}},"type":"if","locations":[{"start":{"line":295,"column":3},"end":{"line":302,"column":null}},{"start":{},"end":{}}],"line":295},"54":{"loc":{"start":{"line":297,"column":6},"end":{"line":297,"column":66}},"type":"binary-expr","locations":[{"start":{"line":297,"column":6},"end":{"line":297,"column":64}},{"start":{"line":297,"column":64},"end":{"line":297,"column":66}}],"line":297},"55":{"loc":{"start":{"line":301,"column":4},"end":{"line":302,"column":null}},"type":"if","locations":[{"start":{"line":301,"column":4},"end":{"line":302,"column":null}},{"start":{},"end":{}}],"line":301},"56":{"loc":{"start":{"line":314,"column":3},"end":{"line":316,"column":null}},"type":"cond-expr","locations":[{"start":{"line":315,"column":6},"end":{"line":315,"column":null}},{"start":{"line":316,"column":6},"end":{"line":316,"column":null}}],"line":314}},"s":{"0":32,"1":32,"2":32,"3":32,"4":32,"5":32,"6":14,"7":14,"8":14,"9":1,"10":32,"11":32,"12":32,"13":32,"14":5,"15":11,"16":11,"17":29,"18":29,"19":191,"20":1,"21":32,"22":32,"23":32,"24":15,"25":32,"26":32,"27":8,"28":32,"29":1,"30":32,"31":32,"32":14,"33":14,"34":14,"35":2,"36":2,"37":2,"38":1,"39":32,"40":32,"41":32,"42":30,"43":30,"44":30,"45":20,"46":20,"47":1,"48":32,"49":32,"50":32,"51":30,"52":30,"53":30,"54":20,"55":20,"56":2,"57":32,"58":32,"59":8,"60":32,"61":1,"62":32,"63":32,"64":14,"65":14,"66":14,"67":1,"68":32,"69":32,"70":32,"71":14,"72":14,"73":14,"74":2,"75":32,"76":32,"77":32,"78":30,"79":30,"80":100,"81":100,"82":2,"83":2,"84":1,"85":2,"86":1,"87":32,"88":32},"f":{"0":32,"1":191,"2":15,"3":8,"4":1,"5":8,"6":1,"7":1},"b":{"0":[32,14],"1":[18,14],"2":[14,18],"3":[1,13],"4":[14,4],"5":[1,31],"6":[5,27],"7":[11,0],"8":[1,28],"9":[29,2],"10":[1,31],"11":[32,5],"12":[32,27],"13":[10,22],"14":[32,27],"15":[32,24],"16":[8,2,1],"17":[1,31],"18":[14,18],"19":[2,12],"20":[14,2],"21":[1,1],"22":[2,2],"23":[1,31],"24":[0,30],"25":[30,20],"26":[20,10],"27":[20,0],"28":[1,19],"29":[20,1],"30":[1,31],"31":[0,1],"32":[0,30],"33":[30,20],"34":[20,10],"35":[20,0],"36":[2,18],"37":[20,2],"38":[2,30],"39":[0,2],"40":[32,24],"41":[8,8],"42":[1,31],"43":[14,18],"44":[1,13],"45":[14,8],"46":[1,31],"47":[14,18],"48":[2,12],"49":[14,4,3],"50":[2,30],"51":[30,0],"52":[100,14],"53":[2,98],"54":[2,1],"55":[1,1],"56":[1,31]},"meta":{"lastBranch":57,"lastFunction":8,"lastStatement":89,"seen":{"f:12:16:12:33":0,"s:13:37:13:39":0,"s:14:7:14:35":1,"s:17:28:19:Infinity":2,"b:18:2:18:Infinity:19:2:19:Infinity":0,"s:21:1:30:Infinity":3,"b:28:5:28:Infinity:29:5:29:Infinity":1,"s:33:32:33:34":4,"b:34:1:40:Infinity:undefined:undefined:undefined:undefined":2,"s:34:1:40:Infinity":5,"s:35:2:40:Infinity":6,"s:38:13:38:Infinity":7,"b:39:3:40:Infinity:undefined:undefined:undefined:undefined":3,"s:39:3:40:Infinity":8,"b:39:7:39:30:39:30:39:48":4,"s:40:4:40:Infinity":9,"s:44:1:54:Infinity":10,"b:52:6:52:Infinity:53:6:53:Infinity":5,"s:57:25:65:Infinity":11,"s:66:32:66:34":12,"b:67:1:82:Infinity:undefined:undefined:undefined:undefined":6,"s:67:1:82:Infinity":13,"s:68:2:82:Infinity":14,"b:71:3:82:Infinity:undefined:undefined:undefined:undefined":7,"s:71:3:82:Infinity":15,"s:72:4:82:Infinity":16,"s:75:15:75:Infinity":17,"b:76:5:82:Infinity:undefined:undefined:undefined:undefined":8,"s:76:5:82:Infinity":18,"b:77:6:78:Infinity:80:6:80:Infinity":9,"f:77:22:77:28":1,"s:78:7:78:55":19,"s:82:6:82:Infinity":20,"s:89:1:99:Infinity":21,"b:97:6:97:Infinity:98:6:98:Infinity":10,"s:102:27:102:Infinity":22,"b:102:30:102:47:102:47:102:Infinity":11,"s:103:28:104:Infinity":23,"f:103:32:103:Infinity":2,"s:104:9:104:Infinity":24,"s:106:1:115:Infinity":25,"b:110:10:110:31:110:31:110:Infinity":12,"b:113:5:113:Infinity:114:5:114:Infinity":13,"b:112:13:112:34:112:34:112:Infinity":14,"s:118:7:122:Infinity":26,"b:118:22:118:38:118:38:118:40":15,"f:118:42:118:Infinity":3,"s:120:3:122:31":27,"b:120:3:120:31:121:3:121:31:122:3:122:31":16,"s:124:1:134:Infinity":28,"b:132:6:132:Infinity:133:6:133:Infinity":17,"f:132:41:132:46":4,"s:132:52:132:58":29,"s:137:33:137:35":30,"b:138:1:147:Infinity:undefined:undefined:undefined:undefined":18,"s:138:1:147:Infinity":31,"s:139:2:147:Infinity":32,"s:142:13:142:Infinity":33,"b:143:3:147:Infinity:undefined:undefined:undefined:undefined":19,"s:143:3:147:Infinity":34,"b:143:7:143:30:143:30:143:39":20,"s:144:4:147:Infinity":35,"s:145:15:145:Infinity":36,"b:146:5:147:Infinity:undefined:undefined:undefined:undefined":21,"s:146:5:147:Infinity":37,"b:146:9:146:22:146:22:146:58":22,"s:147:6:147:Infinity":38,"s:153:1:163:Infinity":39,"b:161:6:161:Infinity:162:6:162:Infinity":23,"s:166:32:166:34":40,"s:167:1:176:Infinity":41,"s:169:3:171:Infinity":42,"b:170:6:170:Infinity:171:6:171:Infinity":24,"s:172:20:172:Infinity":43,"b:172:20:172:34:172:34:172:Infinity":25,"b:173:2:176:Infinity:undefined:undefined:undefined:undefined":26,"s:173:2:176:Infinity":44,"s:174:17:174:58":45,"b:174:29:174:55:174:55:174:57":27,"b:175:3:176:Infinity:undefined:undefined:undefined:undefined":28,"s:175:3:176:Infinity":46,"b:175:7:175:29:175:33:175:59":29,"s:176:4:176:Infinity":47,"s:180:1:190:Infinity":48,"b:188:6:188:Infinity:189:6:189:Infinity":30,"b:188:86:188:126:188:126:188:Infinity":31,"s:193:32:193:34":49,"s:194:1:203:Infinity":50,"s:196:3:198:Infinity":51,"b:197:6:197:Infinity:198:6:198:Infinity":32,"s:199:20:199:Infinity":52,"b:199:20:199:34:199:34:199:Infinity":33,"b:200:2:203:Infinity:undefined:undefined:undefined:undefined":34,"s:200:2:203:Infinity":53,"s:201:17:201:58":54,"b:201:29:201:55:201:55:201:57":35,"b:202:3:203:Infinity:undefined:undefined:undefined:undefined":36,"s:202:3:203:Infinity":55,"b:202:7:202:29:202:33:202:59":37,"s:203:4:203:Infinity":56,"s:207:1:217:Infinity":57,"b:215:6:215:Infinity:216:6:216:Infinity":38,"b:215:86:215:126:215:126:215:Infinity":39,"s:220:7:221:Infinity":58,"b:220:28:220:44:220:44:220:46":40,"f:220:48:220:Infinity":5,"s:221:9:221:51":59,"b:221:9:221:18:221:18:221:51":41,"s:223:1:233:Infinity":60,"b:231:6:231:Infinity:232:6:232:Infinity":42,"f:231:47:231:52":6,"s:231:58:231:64":61,"s:236:32:236:34":62,"b:237:1:243:Infinity:undefined:undefined:undefined:undefined":43,"s:237:1:243:Infinity":63,"s:238:2:243:Infinity":64,"s:241:13:241:Infinity":65,"b:242:3:243:Infinity:undefined:undefined:undefined:undefined":44,"s:242:3:243:Infinity":66,"b:242:7:242:28:242:28:242:50":45,"s:243:4:243:Infinity":67,"s:247:1:257:Infinity":68,"b:255:6:255:Infinity:256:6:256:Infinity":46,"s:260:34:260:36":69,"b:261:1:271:Infinity:undefined:undefined:undefined:undefined":47,"s:261:1:271:Infinity":70,"s:262:2:271:Infinity":71,"s:265:13:265:Infinity":72,"b:266:3:271:Infinity:undefined:undefined:undefined:undefined":48,"s:266:3:271:Infinity":73,"b:267:4:267:Infinity:268:4:268:Infinity:269:4:269:42":49,"s:271:4:271:Infinity":74,"s:275:1:285:Infinity":75,"b:283:6:283:Infinity:284:6:284:Infinity":50,"s:288:34:288:36":76,"s:289:1:302:Infinity":77,"s:290:20:290:48":78,"b:290:20:290:46:290:46:290:48":51,"s:291:2:302:Infinity":79,"s:293:5:294:6":80,"b:293:5:293:Infinity:294:4:294:6":52,"b:295:3:302:Infinity:undefined:undefined:undefined:undefined":53,"s:295:3:302:Infinity":81,"s:297:6:297:66":82,"b:297:6:297:64:297:64:297:66":54,"s:298:19:299:Infinity":83,"f:298:40:298:Infinity":7,"s:299:12:299:Infinity":84,"b:301:4:302:Infinity:undefined:undefined:undefined:undefined":55,"s:301:4:302:Infinity":85,"s:302:5:302:Infinity":86,"s:307:1:317:Infinity":87,"b:315:6:315:Infinity:316:6:316:Infinity":56,"s:319:1:319:Infinity":88}}}
,"C:\\projects\\swagger-sentinel\\packages\\core\\src\\validators\\structure.ts": {"path":"C:\\projects\\swagger-sentinel\\packages\\core\\src\\validators\\structure.ts","statementMap":{"0":{"start":{"line":7,"column":37},"end":{"line":7,"column":39}},"1":{"start":{"line":8,"column":14},"end":{"line":8,"column":29}},"2":{"start":{"line":10,"column":1},"end":{"line":17,"column":null}},"3":{"start":{"line":19,"column":1},"end":{"line":29,"column":null}},"4":{"start":{"line":31,"column":1},"end":{"line":40,"column":null}},"5":{"start":{"line":42,"column":1},"end":{"line":48,"column":null}},"6":{"start":{"line":50,"column":17},"end":{"line":50,"column":null}},"7":{"start":{"line":51,"column":1},"end":{"line":57,"column":null}},"8":{"start":{"line":59,"column":1},"end":{"line":65,"column":null}},"9":{"start":{"line":67,"column":1},"end":{"line":76,"column":null}},"10":{"start":{"line":78,"column":1},"end":{"line":84,"column":null}},"11":{"start":{"line":87,"column":1},"end":{"line":93,"column":null}},"12":{"start":{"line":96,"column":17},"end":{"line":96,"column":66}},"13":{"start":{"line":97,"column":1},"end":{"line":103,"column":null}},"14":{"start":{"line":106,"column":1},"end":{"line":115,"column":null}},"15":{"start":{"line":117,"column":1},"end":{"line":117,"column":null}}},"fnMap":{"0":{"name":"validateStructure","decl":{"start":{"line":6,"column":16},"end":{"line":6,"column":34}},"loc":{"start":{"line":6,"column":73},"end":{"line":117,"column":null}},"line":6}},"branchMap":{"0":{"loc":{"start":{"line":8,"column":14},"end":{"line":8,"column":29}},"type":"binary-expr","locations":[{"start":{"line":8,"column":14},"end":{"line":8,"column":27}},{"start":{"line":8,"column":27},"end":{"line":8,"column":29}}],"line":8},"1":{"loc":{"start":{"line":16,"column":11},"end":{"line":16,"column":null}},"type":"cond-expr","locations":[{"start":{"line":16,"column":27},"end":{"line":16,"column":68}},{"start":{"line":16,"column":68},"end":{"line":16,"column":null}}],"line":16},"2":{"loc":{"start":{"line":23,"column":10},"end":{"line":23,"column":63}},"type":"binary-expr","locations":[{"start":{"line":23,"column":10},"end":{"line":23,"column":28}},{"start":{"line":23,"column":28},"end":{"line":23,"column":63}}],"line":23},"3":{"loc":{"start":{"line":26,"column":3},"end":{"line":28,"column":null}},"type":"cond-expr","locations":[{"start":{"line":27,"column":6},"end":{"line":27,"column":null}},{"start":{"line":28,"column":6},"end":{"line":28,"column":null}}],"line":26},"4":{"loc":{"start":{"line":26,"column":3},"end":{"line":26,"column":55}},"type":"binary-expr","locations":[{"start":{"line":26,"column":3},"end":{"line":26,"column":19}},{"start":{"line":26,"column":19},"end":{"line":26,"column":55}}],"line":26},"5":{"loc":{"start":{"line":35,"column":13},"end":{"line":35,"column":null}},"type":"binary-expr","locations":[{"start":{"line":35,"column":13},"end":{"line":35,"column":29}},{"start":{"line":35,"column":29},"end":{"line":35,"column":null}}],"line":35},"6":{"loc":{"start":{"line":37,"column":11},"end":{"line":39,"column":null}},"type":"cond-expr","locations":[{"start":{"line":38,"column":5},"end":{"line":38,"column":null}},{"start":{"line":39,"column":5},"end":{"line":39,"column":null}}],"line":37},"7":{"loc":{"start":{"line":37,"column":13},"end":{"line":37,"column":null}},"type":"binary-expr","locations":[{"start":{"line":37,"column":13},"end":{"line":37,"column":29}},{"start":{"line":37,"column":29},"end":{"line":37,"column":null}}],"line":37},"8":{"loc":{"start":{"line":46,"column":13},"end":{"line":46,"column":null}},"type":"binary-expr","locations":[{"start":{"line":46,"column":13},"end":{"line":46,"column":27}},{"start":{"line":46,"column":27},"end":{"line":46,"column":null}}],"line":46},"9":{"loc":{"start":{"line":50,"column":17},"end":{"line":50,"column":null}},"type":"binary-expr","locations":[{"start":{"line":50,"column":17},"end":{"line":50,"column":33}},{"start":{"line":50,"column":33},"end":{"line":50,"column":null}}],"line":50},"10":{"loc":{"start":{"line":55,"column":10},"end":{"line":55,"column":64}},"type":"binary-expr","locations":[{"start":{"line":55,"column":10},"end":{"line":55,"column":35}},{"start":{"line":55,"column":39},"end":{"line":55,"column":64}}],"line":55},"11":{"loc":{"start":{"line":73,"column":11},"end":{"line":75,"column":null}},"type":"cond-expr","locations":[{"start":{"line":74,"column":5},"end":{"line":74,"column":null}},{"start":{"line":75,"column":5},"end":{"line":75,"column":null}}],"line":73},"12":{"loc":{"start":{"line":82,"column":10},"end":{"line":82,"column":null}},"type":"binary-expr","locations":[{"start":{"line":82,"column":10},"end":{"line":82,"column":26}},{"start":{"line":82,"column":26},"end":{"line":82,"column":null}}],"line":82},"13":{"loc":{"start":{"line":96,"column":32},"end":{"line":96,"column":48}},"type":"binary-expr","locations":[{"start":{"line":96,"column":32},"end":{"line":96,"column":46}},{"start":{"line":96,"column":46},"end":{"line":96,"column":48}}],"line":96},"14":{"loc":{"start":{"line":101,"column":10},"end":{"line":101,"column":null}},"type":"binary-expr","locations":[{"start":{"line":101,"column":10},"end":{"line":101,"column":22}},{"start":{"line":101,"column":22},"end":{"line":101,"column":null}}],"line":101},"15":{"loc":{"start":{"line":112,"column":11},"end":{"line":114,"column":null}},"type":"cond-expr","locations":[{"start":{"line":113,"column":5},"end":{"line":113,"column":null}},{"start":{"line":114,"column":5},"end":{"line":114,"column":null}}],"line":112}},"s":{"0":23,"1":23,"2":23,"3":23,"4":23,"5":23,"6":23,"7":23,"8":23,"9":23,"10":23,"11":23,"12":23,"13":23,"14":23,"15":23},"f":{"0":23},"b":{"0":[23,0],"1":[3,20],"2":[23,21],"3":[1,22],"4":[23,21],"5":[23,4],"6":[19,4],"7":[23,4],"8":[23,23],"9":[23,0],"10":[23,1],"11":[20,3],"12":[23,23],"13":[23,0],"14":[23,2],"15":[19,4]},"meta":{"lastBranch":16,"lastFunction":1,"lastStatement":16,"seen":{"f:6:16:6:34":0,"s:7:37:7:39":0,"s:8:14:8:29":1,"b:8:14:8:27:8:27:8:29":0,"s:10:1:17:Infinity":2,"b:16:27:16:68:16:68:16:Infinity":1,"s:19:1:29:Infinity":3,"b:23:10:23:28:23:28:23:63":2,"b:27:6:27:Infinity:28:6:28:Infinity":3,"b:26:3:26:19:26:19:26:55":4,"s:31:1:40:Infinity":4,"b:35:13:35:29:35:29:35:Infinity":5,"b:38:5:38:Infinity:39:5:39:Infinity":6,"b:37:13:37:29:37:29:37:Infinity":7,"s:42:1:48:Infinity":5,"b:46:13:46:27:46:27:46:Infinity":8,"s:50:17:50:Infinity":6,"b:50:17:50:33:50:33:50:Infinity":9,"s:51:1:57:Infinity":7,"b:55:10:55:35:55:39:55:64":10,"s:59:1:65:Infinity":8,"s:67:1:76:Infinity":9,"b:74:5:74:Infinity:75:5:75:Infinity":11,"s:78:1:84:Infinity":10,"b:82:10:82:26:82:26:82:Infinity":12,"s:87:1:93:Infinity":11,"s:96:17:96:66":12,"b:96:32:96:46:96:46:96:48":13,"s:97:1:103:Infinity":13,"b:101:10:101:22:101:22:101:Infinity":14,"s:106:1:115:Infinity":14,"b:113:5:113:Infinity:114:5:114:Infinity":15,"s:117:1:117:Infinity":15}}}
}
