{"total": {"lines":{"total":1524,"covered":1379,"skipped":0,"pct":90.48},"statements":{"total":1634,"covered":1465,"skipped":0,"pct":89.65},"functions":{"total":194,"covered":181,"skipped":0,"pct":93.29},"branches":{"total":1471,"covered":1196,"skipped":0,"pct":81.3},"branchesTrue":{"total":0,"covered":0,"skipped":0,"pct":100}}
,"C:\\projects\\swagger-sentinel\\packages\\core\\src\\cli.ts": {"lines":{"total":324,"covered":238,"skipped":0,"pct":73.45},"functions":{"total":30,"covered":25,"skipped":0,"pct":83.33},"statements":{"total":334,"covered":246,"skipped":0,"pct":73.65},"branches":{"total":185,"covered":133,"skipped":0,"pct":71.89}}
,"C:\\projects\\swagger-sentinel\\packages\\core\\src\\comparator\\index.ts": {"lines":{"total":64,"covered":57,"skipped":0,"pct":89.06},"functions":{"total":10,"covered":10,"skipped":0,"pct":100},"statements":{"total":70,"covered":63,"skipped":0,"pct":90},"branches":{"total":81,"covered":68,"skipped":0,"pct":83.95}}
,"C:\\projects\\swagger-sentinel\\packages\\core\\src\\enricher\\index.ts": {"lines":{"total":49,"covered":49,"skipped":0,"pct":100},"functions":{"total":2,"covered":2,"skipped":0,"pct":100},"statements":{"total":52,"covered":50,"skipped":0,"pct":96.15},"branches":{"total":46,"covered":35,"skipped":0,"pct":76.08}}
,"C:\\projects\\swagger-sentinel\\packages\\core\\src\\enricher\\llm.ts": {"lines":{"total":34,"covered":33,"skipped":0,"pct":97.05},"functions":{"total":7,"covered":7,"skipped":0,"pct":100},"statements":{"total":34,"covered":33,"skipped":0,"pct":97.05},"branches":{"total":10,"covered":8,"skipped":0,"pct":80}}
,"C:\\projects\\swagger-sentinel\\packages\\core\\src\\fixer\\index.ts": {"lines":{"total":24,"covered":24,"skipped":0,"pct":100},"functions":{"total":4,"covered":4,"skipped":0,"pct":100},"statements":{"total":26,"covered":25,"skipped":0,"pct":96.15},"branches":{"total":14,"covered":12,"skipped":0,"pct":85.71}}
,"C:\\projects\\swagger-sentinel\\packages\\core\\src\\generators\\data-faker.ts": {"lines":{"total":53,"covered":46,"skipped":0,"pct":86.79},"functions":{"total":2,"covered":2,"skipped":0,"pct":100},"statements":{"total":71,"covered":56,"skipped":0,"pct":78.87},"branches":{"total":83,"covered":58,"skipped":0,"pct":69.87}}
,"C:\\projects\\swagger-sentinel\\packages\\core\\src\\generators\\index.ts": {"lines":{"total":104,"covered":93,"skipped":0,"pct":89.42},"functions":{"total":11,"covered":9,"skipped":0,"pct":81.81},"statements":{"total":114,"covered":102,"skipped":0,"pct":89.47},"branches":{"total":83,"covered":60,"skipped":0,"pct":72.28}}
,"C:\\projects\\swagger-sentinel\\packages\\core\\src\\rules\\manager.ts": {"lines":{"total":25,"covered":21,"skipped":0,"pct":84},"functions":{"total":3,"covered":3,"skipped":0,"pct":100},"statements":{"total":25,"covered":21,"skipped":0,"pct":84},"branches":{"total":12,"covered":7,"skipped":0,"pct":58.33}}
,"C:\\projects\\swagger-sentinel\\packages\\core\\src\\rules\\registry.ts": {"lines":{"total":8,"covered":7,"skipped":0,"pct":87.5},"functions":{"total":7,"covered":5,"skipped":0,"pct":71.42},"statements":{"total":11,"covered":9,"skipped":0,"pct":81.81},"branches":{"total":4,"covered":3,"skipped":0,"pct":75}}
,"C:\\projects\\swagger-sentinel\\packages\\core\\src\\rules\\spectral.ts": {"lines":{"total":21,"covered":21,"skipped":0,"pct":100},"functions":{"total":3,"covered":3,"skipped":0,"pct":100},"statements":{"total":22,"covered":22,"skipped":0,"pct":100},"branches":{"total":8,"covered":8,"skipped":0,"pct":100}}
,"C:\\projects\\swagger-sentinel\\packages\\core\\src\\utils\\config.ts": {"lines":{"total":20,"covered":18,"skipped":0,"pct":90},"functions":{"total":1,"covered":1,"skipped":0,"pct":100},"statements":{"total":20,"covered":18,"skipped":0,"pct":90},"branches":{"total":13,"covered":11,"skipped":0,"pct":84.61}}
,"C:\\projects\\swagger-sentinel\\packages\\core\\src\\utils\\formatter.ts": {"lines":{"total":9,"covered":9,"skipped":0,"pct":100},"functions":{"total":7,"covered":7,"skipped":0,"pct":100},"statements":{"total":11,"covered":11,"skipped":0,"pct":100},"branches":{"total":4,"covered":4,"skipped":0,"pct":100}}
,"C:\\projects\\swagger-sentinel\\packages\\core\\src\\utils\\github.ts": {"lines":{"total":38,"covered":37,"skipped":0,"pct":97.36},"functions":{"total":10,"covered":10,"skipped":0,"pct":100},"statements":{"total":41,"covered":40,"skipped":0,"pct":97.56},"branches":{"total":26,"covered":21,"skipped":0,"pct":80.76}}
,"C:\\projects\\swagger-sentinel\\packages\\core\\src\\utils\\loader.ts": {"lines":{"total":33,"covered":31,"skipped":0,"pct":93.93},"functions":{"total":3,"covered":3,"skipped":0,"pct":100},"statements":{"total":34,"covered":31,"skipped":0,"pct":91.17},"branches":{"total":18,"covered":14,"skipped":0,"pct":77.77}}
,"C:\\projects\\swagger-sentinel\\packages\\core\\src\\utils\\source-map.ts": {"lines":{"total":19,"covered":19,"skipped":0,"pct":100},"functions":{"total":5,"covered":5,"skipped":0,"pct":100},"statements":{"total":23,"covered":23,"skipped":0,"pct":100},"branches":{"total":17,"covered":13,"skipped":0,"pct":76.47}}
,"C:\\projects\\swagger-sentinel\\packages\\core\\src\\validators\\documentation.ts": {"lines":{"total":94,"covered":92,"skipped":0,"pct":97.87},"functions":{"total":6,"covered":6,"skipped":0,"pct":100},"statements":{"total":100,"covered":98,"skipped":0,"pct":98},"branches":{"total":107,"covered":90,"skipped":0,"pct":84.11}}
,"C:\\projects\\swagger-sentinel\\packages\\core\\src\\validators\\index.ts": {"lines":{"total":23,"covered":23,"skipped":0,"pct":100},"functions":{"total":3,"covered":3,"skipped":0,"pct":100},"statements":{"total":24,"covered":24,"skipped":0,"pct":100},"branches":{"total":19,"covered":19,"skipped":0,"pct":100}}
,"C:\\projects\\swagger-sentinel\\packages\\core\\src\\validators\\operations.ts": {"lines":{"total":110,"covered":100,"skipped":0,"pct":90.9},"functions":{"total":31,"covered":27,"skipped":0,"pct":87.09},"statements":{"total":123,"covered":111,"skipped":0,"pct":90.24},"branches":{"total":118,"covered":93,"skipped":0,"pct":78.81}}
,"C:\\projects\\swagger-sentinel\\packages\\core\\src\\validators\\paths.ts": {"lines":{"total":78,"covered":78,"skipped":0,"pct":100},"functions":{"total":24,"covered":24,"skipped":0,"pct":100},"statements":{"total":91,"covered":91,"skipped":0,"pct":100},"branches":{"total":78,"covered":74,"skipped":0,"pct":94.87}}
,"C:\\projects\\swagger-sentinel\\packages\\core\\src\\validators\\request.ts": {"lines":{"total":171,"covered":169,"skipped":0,"pct":98.83},"functions":{"total":9,"covered":9,"skipped":0,"pct":100},"statements":{"total":175,"covered":172,"skipped":0,"pct":98.28},"branches":{"total":250,"covered":211,"skipped":0,"pct":84.4}}
,"C:\\projects\\swagger-sentinel\\packages\\core\\src\\validators\\response.ts": {"lines":{"total":118,"covered":109,"skipped":0,"pct":92.37},"functions":{"total":7,"covered":7,"skipped":0,"pct":100},"statements":{"total":128,"covered":114,"skipped":0,"pct":89.06},"branches":{"total":147,"covered":117,"skipped":0,"pct":79.59}}
,"C:\\projects\\swagger-sentinel\\packages\\core\\src\\validators\\security.ts": {"lines":{"total":89,"covered":89,"skipped":0,"pct":100},"functions":{"total":8,"covered":8,"skipped":0,"pct":100},"statements":{"total":89,"covered":89,"skipped":0,"pct":100},"branches":{"total":116,"covered":108,"skipped":0,"pct":93.1}}
,"C:\\projects\\swagger-sentinel\\packages\\core\\src\\validators\\structure.ts": {"lines":{"total":16,"covered":16,"skipped":0,"pct":100},"functions":{"total":1,"covered":1,"skipped":0,"pct":100},"statements":{"total":16,"covered":16,"skipped":0,"pct":100},"branches":{"total":32,"covered":29,"skipped":0,"pct":90.62}}
}
