{"C:\\projects\\swagger-sentinel\\packages\\core\\src\\cli.ts": {"path":"C:\\projects\\swagger-sentinel\\packages\\core\\src\\cli.ts","statementMap":{"0":{"start":{"line":24,"column":18},"end":{"line":24,"column":62}},"1":{"start":{"line":25,"column":16},"end":{"line":25,"column":58}},"2":{"start":{"line":26,"column":12},"end":{"line":26,"column":56}},"3":{"start":{"line":29,"column":17},"end":{"line":29,"column":30}},"4":{"start":{"line":31,"column":1},"end":{"line":34,"column":null}},"5":{"start":{"line":36,"column":1},"end":{"line":144,"column":null}},"6":{"start":{"line":53,"column":3},"end":{"line":142,"column":null}},"7":{"start":{"line":54,"column":10},"end":{"line":54,"column":31}},"8":{"start":{"line":55,"column":26},"end":{"line":58,"column":null}},"9":{"start":{"line":60,"column":33},"end":{"line":60,"column":35}},"10":{"start":{"line":61,"column":4},"end":{"line":63,"column":null}},"11":{"start":{"line":62,"column":33},"end":{"line":62,"column":null}},"12":{"start":{"line":63,"column":5},"end":{"line":63,"column":null}},"13":{"start":{"line":66,"column":17},"end":{"line":66,"column":41}},"14":{"start":{"line":68,"column":4},"end":{"line":76,"column":null}},"15":{"start":{"line":69,"column":28},"end":{"line":69,"column":null}},"16":{"start":{"line":70,"column":18},"end":{"line":70,"column":null}},"17":{"start":{"line":71,"column":22},"end":{"line":71,"column":38}},"18":{"start":{"line":72,"column":5},"end":{"line":76,"column":null}},"19":{"start":{"line":73,"column":6},"end":{"line":73,"column":null}},"20":{"start":{"line":74,"column":6},"end":{"line":76,"column":null}},"21":{"start":{"line":80,"column":20},"end":{"line":84,"column":6}},"22":{"start":{"line":87,"column":4},"end":{"line":99,"column":null}},"23":{"start":{"line":88,"column":5},"end":{"line":96,"column":null}},"24":{"start":{"line":90,"column":23},"end":{"line":90,"column":null}},"25":{"start":{"line":91,"column":6},"end":{"line":93,"column":null}},"26":{"start":{"line":92,"column":25},"end":{"line":92,"column":65}},"27":{"start":{"line":93,"column":7},"end":{"line":93,"column":null}},"28":{"start":{"line":93,"column":22},"end":{"line":93,"column":null}},"29":{"start":{"line":95,"column":6},"end":{"line":96,"column":null}},"30":{"start":{"line":96,"column":7},"end":{"line":96,"column":null}},"31":{"start":{"line":101,"column":10},"end":{"line":101,"column":67}},"32":{"start":{"line":103,"column":4},"end":{"line":106,"column":null}},"33":{"start":{"line":104,"column":5},"end":{"line":104,"column":null}},"34":{"start":{"line":106,"column":5},"end":{"line":106,"column":null}},"35":{"start":{"line":110,"column":4},"end":{"line":119,"column":null}},"36":{"start":{"line":114,"column":5},"end":{"line":119,"column":null}},"37":{"start":{"line":115,"column":21},"end":{"line":115,"column":31}},"38":{"start":{"line":117,"column":13},"end":{"line":117,"column":61}},"39":{"start":{"line":118,"column":7},"end":{"line":118,"column":null}},"40":{"start":{"line":118,"column":23},"end":{"line":118,"column":null}},"41":{"start":{"line":123,"column":4},"end":{"line":126,"column":null}},"42":{"start":{"line":124,"column":11},"end":{"line":124,"column":63}},"43":{"start":{"line":125,"column":5},"end":{"line":125,"column":null}},"44":{"start":{"line":126,"column":5},"end":{"line":126,"column":null}},"45":{"start":{"line":129,"column":22},"end":{"line":130,"column":null}},"46":{"start":{"line":130,"column":12},"end":{"line":130,"column":null}},"47":{"start":{"line":132,"column":24},"end":{"line":133,"column":null}},"48":{"start":{"line":133,"column":12},"end":{"line":133,"column":null}},"49":{"start":{"line":136,"column":4},"end":{"line":138,"column":null}},"50":{"start":{"line":140,"column":18},"end":{"line":140,"column":null}},"51":{"start":{"line":141,"column":4},"end":{"line":141,"column":null}},"52":{"start":{"line":142,"column":4},"end":{"line":142,"column":null}},"53":{"start":{"line":149,"column":1},"end":{"line":210,"column":null}},"54":{"start":{"line":165,"column":3},"end":{"line":208,"column":null}},"55":{"start":{"line":166,"column":10},"end":{"line":166,"column":31}},"56":{"start":{"line":167,"column":22},"end":{"line":167,"column":43}},"57":{"start":{"line":169,"column":26},"end":{"line":180,"column":null}},"58":{"start":{"line":182,"column":17},"end":{"line":182,"column":41}},"59":{"start":{"line":183,"column":23},"end":{"line":187,"column":null}},"60":{"start":{"line":188,"column":10},"end":{"line":188,"column":44}},"61":{"start":{"line":190,"column":4},"end":{"line":191,"column":null}},"62":{"start":{"line":191,"column":5},"end":{"line":191,"column":null}},"63":{"start":{"line":194,"column":4},"end":{"line":197,"column":null}},"64":{"start":{"line":195,"column":22},"end":{"line":195,"column":74}},"65":{"start":{"line":196,"column":5},"end":{"line":196,"column":null}},"66":{"start":{"line":197,"column":5},"end":{"line":197,"column":null}},"67":{"start":{"line":200,"column":4},"end":{"line":204,"column":null}},"68":{"start":{"line":206,"column":18},"end":{"line":206,"column":null}},"69":{"start":{"line":207,"column":4},"end":{"line":207,"column":null}},"70":{"start":{"line":208,"column":4},"end":{"line":208,"column":null}},"71":{"start":{"line":215,"column":1},"end":{"line":293,"column":null}},"72":{"start":{"line":228,"column":3},"end":{"line":291,"column":null}},"73":{"start":{"line":229,"column":21},"end":{"line":229,"column":null}},"74":{"start":{"line":230,"column":17},"end":{"line":230,"column":null}},"75":{"start":{"line":232,"column":5},"end":{"line":234,"column":null}},"76":{"start":{"line":236,"column":4},"end":{"line":242,"column":null}},"77":{"start":{"line":237,"column":5},"end":{"line":241,"column":null}},"78":{"start":{"line":242,"column":5},"end":{"line":242,"column":null}},"79":{"start":{"line":245,"column":4},"end":{"line":247,"column":null}},"80":{"start":{"line":248,"column":17},"end":{"line":248,"column":41}},"81":{"start":{"line":250,"column":27},"end":{"line":250,"column":null}},"82":{"start":{"line":252,"column":4},"end":{"line":256,"column":null}},"83":{"start":{"line":257,"column":19},"end":{"line":257,"column":69}},"84":{"start":{"line":259,"column":4},"end":{"line":265,"column":null}},"85":{"start":{"line":260,"column":5},"end":{"line":264,"column":null}},"86":{"start":{"line":265,"column":5},"end":{"line":265,"column":null}},"87":{"start":{"line":268,"column":4},"end":{"line":286,"column":null}},"88":{"start":{"line":269,"column":18},"end":{"line":269,"column":null}},"89":{"start":{"line":270,"column":5},"end":{"line":270,"column":null}},"90":{"start":{"line":271,"column":5},"end":{"line":275,"column":null}},"91":{"start":{"line":277,"column":5},"end":{"line":281,"column":null}},"92":{"start":{"line":282,"column":5},"end":{"line":286,"column":null}},"93":{"start":{"line":289,"column":18},"end":{"line":289,"column":null}},"94":{"start":{"line":290,"column":4},"end":{"line":290,"column":null}},"95":{"start":{"line":291,"column":4},"end":{"line":291,"column":null}},"96":{"start":{"line":297,"column":1},"end":{"line":330,"column":null}},"97":{"start":{"line":302,"column":20},"end":{"line":302,"column":null}},"98":{"start":{"line":303,"column":9},"end":{"line":303,"column":30}},"99":{"start":{"line":304,"column":25},"end":{"line":307,"column":null}},"100":{"start":{"line":309,"column":3},"end":{"line":309,"column":null}},"101":{"start":{"line":311,"column":25},"end":{"line":321,"column":null}},"102":{"start":{"line":312,"column":4},"end":{"line":321,"column":null}},"103":{"start":{"line":313,"column":18},"end":{"line":313,"column":42}},"104":{"start":{"line":314,"column":21},"end":{"line":314,"column":71}},"105":{"start":{"line":315,"column":5},"end":{"line":317,"column":null}},"106":{"start":{"line":318,"column":5},"end":{"line":318,"column":null}},"107":{"start":{"line":320,"column":19},"end":{"line":320,"column":null}},"108":{"start":{"line":321,"column":5},"end":{"line":321,"column":null}},"109":{"start":{"line":325,"column":3},"end":{"line":325,"column":null}},"110":{"start":{"line":327,"column":3},"end":{"line":329,"column":null}},"111":{"start":{"line":328,"column":4},"end":{"line":328,"column":null}},"112":{"start":{"line":335,"column":1},"end":{"line":376,"column":null}},"113":{"start":{"line":340,"column":3},"end":{"line":374,"column":null}},"114":{"start":{"line":341,"column":17},"end":{"line":341,"column":41}},"115":{"start":{"line":343,"column":4},"end":{"line":346,"column":null}},"116":{"start":{"line":344,"column":5},"end":{"line":346,"column":null}},"117":{"start":{"line":347,"column":4},"end":{"line":347,"column":null}},"118":{"start":{"line":347,"column":20},"end":{"line":347,"column":null}},"119":{"start":{"line":348,"column":4},"end":{"line":349,"column":null}},"120":{"start":{"line":349,"column":5},"end":{"line":349,"column":null}},"121":{"start":{"line":351,"column":22},"end":{"line":351,"column":null}},"122":{"start":{"line":352,"column":18},"end":{"line":352,"column":null}},"123":{"start":{"line":353,"column":4},"end":{"line":363,"column":null}},"124":{"start":{"line":354,"column":5},"end":{"line":363,"column":null}},"125":{"start":{"line":363,"column":6},"end":{"line":363,"column":null}},"126":{"start":{"line":363,"column":50},"end":{"line":363,"column":null}},"127":{"start":{"line":367,"column":4},"end":{"line":367,"column":null}},"128":{"start":{"line":368,"column":4},"end":{"line":370,"column":null}},"129":{"start":{"line":372,"column":18},"end":{"line":372,"column":null}},"130":{"start":{"line":373,"column":4},"end":{"line":373,"column":null}},"131":{"start":{"line":374,"column":4},"end":{"line":374,"column":null}},"132":{"start":{"line":381,"column":1},"end":{"line":430,"column":null}},"133":{"start":{"line":386,"column":3},"end":{"line":428,"column":null}},"134":{"start":{"line":387,"column":17},"end":{"line":387,"column":41}},"135":{"start":{"line":388,"column":17},"end":{"line":388,"column":44}},"136":{"start":{"line":390,"column":4},"end":{"line":406,"column":null}},"137":{"start":{"line":391,"column":5},"end":{"line":406,"column":null}},"138":{"start":{"line":400,"column":18},"end":{"line":400,"column":null}},"139":{"start":{"line":403,"column":6},"end":{"line":406,"column":null}},"140":{"start":{"line":404,"column":7},"end":{"line":406,"column":null}},"141":{"start":{"line":405,"column":8},"end":{"line":405,"column":null}},"142":{"start":{"line":405,"column":28},"end":{"line":405,"column":null}},"143":{"start":{"line":406,"column":8},"end":{"line":406,"column":null}},"144":{"start":{"line":412,"column":4},"end":{"line":414,"column":null}},"145":{"start":{"line":413,"column":5},"end":{"line":413,"column":null}},"146":{"start":{"line":414,"column":5},"end":{"line":414,"column":null}},"147":{"start":{"line":417,"column":4},"end":{"line":417,"column":null}},"148":{"start":{"line":418,"column":4},"end":{"line":421,"column":null}},"149":{"start":{"line":419,"column":5},"end":{"line":419,"column":null}},"150":{"start":{"line":420,"column":5},"end":{"line":421,"column":null}},"151":{"start":{"line":421,"column":6},"end":{"line":421,"column":null}},"152":{"start":{"line":424,"column":4},"end":{"line":424,"column":null}},"153":{"start":{"line":426,"column":18},"end":{"line":426,"column":null}},"154":{"start":{"line":427,"column":4},"end":{"line":427,"column":null}},"155":{"start":{"line":428,"column":4},"end":{"line":428,"column":null}},"156":{"start":{"line":435,"column":1},"end":{"line":464,"column":null}},"157":{"start":{"line":445,"column":4},"end":{"line":461,"column":null}},"158":{"start":{"line":446,"column":21},"end":{"line":446,"column":48}},"159":{"start":{"line":447,"column":21},"end":{"line":447,"column":48}},"160":{"start":{"line":448,"column":11},"end":{"line":448,"column":51}},"161":{"start":{"line":450,"column":5},"end":{"line":453,"column":null}},"162":{"start":{"line":451,"column":6},"end":{"line":451,"column":null}},"163":{"start":{"line":453,"column":6},"end":{"line":453,"column":null}},"164":{"start":{"line":456,"column":25},"end":{"line":456,"column":67}},"165":{"start":{"line":456,"column":45},"end":{"line":456,"column":67}},"166":{"start":{"line":457,"column":5},"end":{"line":457,"column":null}},"167":{"start":{"line":459,"column":19},"end":{"line":459,"column":null}},"168":{"start":{"line":460,"column":5},"end":{"line":460,"column":null}},"169":{"start":{"line":461,"column":5},"end":{"line":461,"column":null}},"170":{"start":{"line":470,"column":2},"end":{"line":472,"column":null}},"171":{"start":{"line":471,"column":3},"end":{"line":471,"column":null}},"172":{"start":{"line":472,"column":3},"end":{"line":472,"column":null}},"173":{"start":{"line":475,"column":19},"end":{"line":475,"column":63}},"174":{"start":{"line":475,"column":41},"end":{"line":475,"column":63}},"175":{"start":{"line":476,"column":22},"end":{"line":476,"column":70}},"176":{"start":{"line":476,"column":44},"end":{"line":476,"column":70}},"177":{"start":{"line":477,"column":22},"end":{"line":477,"column":69}},"178":{"start":{"line":477,"column":44},"end":{"line":477,"column":69}},"179":{"start":{"line":479,"column":2},"end":{"line":479,"column":null}},"180":{"start":{"line":481,"column":2},"end":{"line":488,"column":null}},"181":{"start":{"line":482,"column":3},"end":{"line":482,"column":null}},"182":{"start":{"line":483,"column":3},"end":{"line":486,"column":null}},"183":{"start":{"line":484,"column":4},"end":{"line":486,"column":null}},"184":{"start":{"line":488,"column":3},"end":{"line":488,"column":null}},"185":{"start":{"line":491,"column":2},"end":{"line":500,"column":null}},"186":{"start":{"line":492,"column":3},"end":{"line":494,"column":null}},"187":{"start":{"line":495,"column":3},"end":{"line":498,"column":null}},"188":{"start":{"line":496,"column":4},"end":{"line":498,"column":null}},"189":{"start":{"line":500,"column":3},"end":{"line":500,"column":null}},"190":{"start":{"line":503,"column":2},"end":{"line":510,"column":null}},"191":{"start":{"line":504,"column":3},"end":{"line":504,"column":null}},"192":{"start":{"line":505,"column":3},"end":{"line":508,"column":null}},"193":{"start":{"line":506,"column":4},"end":{"line":508,"column":null}},"194":{"start":{"line":510,"column":3},"end":{"line":510,"column":null}},"195":{"start":{"line":513,"column":2},"end":{"line":520,"column":null}},"196":{"start":{"line":514,"column":3},"end":{"line":518,"column":null}},"197":{"start":{"line":520,"column":3},"end":{"line":520,"column":null}},"198":{"start":{"line":525,"column":17},"end":{"line":525,"column":48}},"199":{"start":{"line":525,"column":39},"end":{"line":525,"column":48}},"200":{"start":{"line":526,"column":17},"end":{"line":526,"column":75}},"201":{"start":{"line":526,"column":39},"end":{"line":526,"column":75}},"202":{"start":{"line":527,"column":19},"end":{"line":528,"column":null}},"203":{"start":{"line":528,"column":10},"end":{"line":528,"column":null}},"204":{"start":{"line":530,"column":22},"end":{"line":531,"column":null}},"205":{"start":{"line":531,"column":10},"end":{"line":531,"column":null}},"206":{"start":{"line":534,"column":2},"end":{"line":534,"column":null}},"207":{"start":{"line":535,"column":2},"end":{"line":546,"column":null}},"208":{"start":{"line":536,"column":3},"end":{"line":543,"column":null}},"209":{"start":{"line":537,"column":4},"end":{"line":537,"column":null}},"210":{"start":{"line":538,"column":14},"end":{"line":543,"column":null}},"211":{"start":{"line":539,"column":4},"end":{"line":539,"column":null}},"212":{"start":{"line":540,"column":14},"end":{"line":543,"column":null}},"213":{"start":{"line":541,"column":4},"end":{"line":541,"column":null}},"214":{"start":{"line":543,"column":4},"end":{"line":543,"column":null}},"215":{"start":{"line":545,"column":3},"end":{"line":546,"column":null}},"216":{"start":{"line":546,"column":4},"end":{"line":546,"column":null}},"217":{"start":{"line":550,"column":16},"end":{"line":550,"column":null}},"218":{"start":{"line":551,"column":20},"end":{"line":551,"column":null}},"219":{"start":{"line":552,"column":2},"end":{"line":552,"column":null}},"220":{"start":{"line":554,"column":2},"end":{"line":561,"column":null}},"221":{"start":{"line":555,"column":3},"end":{"line":557,"column":null}},"222":{"start":{"line":559,"column":3},"end":{"line":561,"column":null}},"223":{"start":{"line":564,"column":2},"end":{"line":565,"column":null}},"224":{"start":{"line":565,"column":3},"end":{"line":565,"column":null}},"225":{"start":{"line":566,"column":2},"end":{"line":567,"column":null}},"226":{"start":{"line":567,"column":3},"end":{"line":567,"column":null}},"227":{"start":{"line":568,"column":2},"end":{"line":569,"column":null}},"228":{"start":{"line":569,"column":3},"end":{"line":569,"column":null}},"229":{"start":{"line":570,"column":2},"end":{"line":570,"column":null}},"230":{"start":{"line":576,"column":1},"end":{"line":639,"column":null}},"231":{"start":{"line":581,"column":3},"end":{"line":589,"column":null}},"232":{"start":{"line":582,"column":10},"end":{"line":582,"column":40}},"233":{"start":{"line":583,"column":4},"end":{"line":587,"column":null}},"234":{"start":{"line":584,"column":5},"end":{"line":584,"column":null}},"235":{"start":{"line":586,"column":5},"end":{"line":586,"column":null}},"236":{"start":{"line":587,"column":5},"end":{"line":587,"column":null}},"237":{"start":{"line":589,"column":4},"end":{"line":589,"column":null}},"238":{"start":{"line":592,"column":22},"end":{"line":600,"column":null}},"239":{"start":{"line":601,"column":21},"end":{"line":601,"column":null}},"240":{"start":{"line":603,"column":3},"end":{"line":603,"column":null}},"241":{"start":{"line":605,"column":3},"end":{"line":629,"column":null}},"242":{"start":{"line":606,"column":4},"end":{"line":610,"column":null}},"243":{"start":{"line":610,"column":5},"end":{"line":610,"column":null}},"244":{"start":{"line":612,"column":10},"end":{"line":612,"column":41}},"245":{"start":{"line":613,"column":4},"end":{"line":613,"column":null}},"246":{"start":{"line":615,"column":4},"end":{"line":627,"column":null}},"247":{"start":{"line":616,"column":20},"end":{"line":618,"column":25}},"248":{"start":{"line":620,"column":6},"end":{"line":624,"column":null}},"249":{"start":{"line":625,"column":5},"end":{"line":627,"column":null}},"250":{"start":{"line":629,"column":4},"end":{"line":629,"column":null}},"251":{"start":{"line":632,"column":3},"end":{"line":637,"column":null}},"252":{"start":{"line":633,"column":4},"end":{"line":637,"column":null}},"253":{"start":{"line":644,"column":1},"end":{"line":650,"column":null}},"254":{"start":{"line":648,"column":39},"end":{"line":648,"column":null}},"255":{"start":{"line":649,"column":3},"end":{"line":649,"column":null}},"256":{"start":{"line":652,"column":1},"end":{"line":652,"column":null}},"257":{"start":{"line":657,"column":1},"end":{"line":660,"column":null}},"258":{"start":{"line":662,"column":0},"end":{"line":666,"column":null}},"259":{"start":{"line":663,"column":1},"end":{"line":666,"column":null}},"260":{"start":{"line":664,"column":2},"end":{"line":664,"column":null}},"261":{"start":{"line":665,"column":2},"end":{"line":665,"column":null}}},"fnMap":{"0":{"name":"run","decl":{"start":{"line":28,"column":22},"end":{"line":28,"column":26}},"loc":{"start":{"line":28,"column":57},"end":{"line":652,"column":null}},"line":28},"1":{"name":"(anonymous_1)","decl":{"start":{"line":52,"column":10},"end":{"line":52,"column":17}},"loc":{"start":{"line":52,"column":72},"end":{"line":144,"column":null}},"line":52},"2":{"name":"(anonymous_2)","decl":{"start":{"line":87,"column":12},"end":{"line":87,"column":21}},"loc":{"start":{"line":87,"column":27},"end":{"line":99,"column":null}},"line":87},"3":{"name":"(anonymous_3)","decl":{"start":{"line":115,"column":7},"end":{"line":115,"column":15}},"loc":{"start":{"line":115,"column":21},"end":{"line":115,"column":31}},"line":115},"4":{"name":"(anonymous_4)","decl":{"start":{"line":116,"column":7},"end":{"line":116,"column":16}},"loc":{"start":{"line":116,"column":22},"end":{"line":119,"column":null}},"line":116},"5":{"name":"(anonymous_5)","decl":{"start":{"line":129,"column":30},"end":{"line":129,"column":null}},"loc":{"start":{"line":130,"column":12},"end":{"line":130,"column":null}},"line":130},"6":{"name":"(anonymous_6)","decl":{"start":{"line":132,"column":32},"end":{"line":132,"column":null}},"loc":{"start":{"line":133,"column":12},"end":{"line":133,"column":null}},"line":133},"7":{"name":"(anonymous_7)","decl":{"start":{"line":164,"column":10},"end":{"line":164,"column":17}},"loc":{"start":{"line":164,"column":72},"end":{"line":210,"column":null}},"line":164},"8":{"name":"(anonymous_8)","decl":{"start":{"line":227,"column":10},"end":{"line":227,"column":17}},"loc":{"start":{"line":227,"column":72},"end":{"line":293,"column":null}},"line":227},"9":{"name":"(anonymous_9)","decl":{"start":{"line":301,"column":10},"end":{"line":301,"column":17}},"loc":{"start":{"line":301,"column":72},"end":{"line":330,"column":null}},"line":301},"10":{"name":"(anonymous_10)","decl":{"start":{"line":311,"column":25},"end":{"line":311,"column":37}},"loc":{"start":{"line":311,"column":37},"end":{"line":321,"column":null}},"line":311},"11":{"name":"(anonymous_11)","decl":{"start":{"line":327,"column":56},"end":{"line":327,"column":72}},"loc":{"start":{"line":327,"column":72},"end":{"line":329,"column":null}},"line":327},"12":{"name":"(anonymous_12)","decl":{"start":{"line":339,"column":10},"end":{"line":339,"column":17}},"loc":{"start":{"line":339,"column":38},"end":{"line":376,"column":null}},"line":339},"13":{"name":"(anonymous_13)","decl":{"start":{"line":385,"column":10},"end":{"line":385,"column":17}},"loc":{"start":{"line":385,"column":38},"end":{"line":430,"column":null}},"line":385},"14":{"name":"(anonymous_14)","decl":{"start":{"line":440,"column":3},"end":{"line":440,"column":null}},"loc":{"start":{"line":444,"column":8},"end":{"line":464,"column":null}},"line":444},"15":{"name":"(anonymous_15)","decl":{"start":{"line":456,"column":33},"end":{"line":456,"column":39}},"loc":{"start":{"line":456,"column":45},"end":{"line":456,"column":67}},"line":456},"16":{"name":"printDiffResults","decl":{"start":{"line":469,"column":10},"end":{"line":469,"column":27}},"loc":{"start":{"line":469,"column":50},"end":{"line":520,"column":null}},"line":469},"17":{"name":"(anonymous_17)","decl":{"start":{"line":475,"column":27},"end":{"line":475,"column":35}},"loc":{"start":{"line":475,"column":41},"end":{"line":475,"column":63}},"line":475},"18":{"name":"(anonymous_18)","decl":{"start":{"line":476,"column":30},"end":{"line":476,"column":38}},"loc":{"start":{"line":476,"column":44},"end":{"line":476,"column":70}},"line":476},"19":{"name":"(anonymous_19)","decl":{"start":{"line":477,"column":30},"end":{"line":477,"column":38}},"loc":{"start":{"line":477,"column":44},"end":{"line":477,"column":69}},"line":477},"20":{"name":"printResults","decl":{"start":{"line":524,"column":10},"end":{"line":524,"column":23}},"loc":{"start":{"line":524,"column":69},"end":{"line":570,"column":null}},"line":524},"21":{"name":"(anonymous_21)","decl":{"start":{"line":525,"column":25},"end":{"line":525,"column":33}},"loc":{"start":{"line":525,"column":39},"end":{"line":525,"column":48}},"line":525},"22":{"name":"(anonymous_22)","decl":{"start":{"line":526,"column":25},"end":{"line":526,"column":33}},"loc":{"start":{"line":526,"column":39},"end":{"line":526,"column":75}},"line":526},"23":{"name":"(anonymous_23)","decl":{"start":{"line":527,"column":27},"end":{"line":527,"column":null}},"loc":{"start":{"line":528,"column":10},"end":{"line":528,"column":null}},"line":528},"24":{"name":"(anonymous_24)","decl":{"start":{"line":530,"column":30},"end":{"line":530,"column":null}},"loc":{"start":{"line":531,"column":10},"end":{"line":531,"column":null}},"line":531},"25":{"name":"(anonymous_25)","decl":{"start":{"line":580,"column":3},"end":{"line":580,"column":11}},"loc":{"start":{"line":580,"column":72},"end":{"line":639,"column":null}},"line":580},"26":{"name":"(anonymous_26)","decl":{"start":{"line":647,"column":10},"end":{"line":647,"column":22}},"loc":{"start":{"line":647,"column":22},"end":{"line":650,"column":null}},"line":647},"27":{"name":"(anonymous_27)","decl":{"start":{"line":663,"column":7},"end":{"line":663,"column":14}},"loc":{"start":{"line":663,"column":22},"end":{"line":666,"column":null}},"line":663}},"branchMap":{"0":{"loc":{"start":{"line":28,"column":26},"end":{"line":28,"column":57}},"type":"default-arg","locations":[{"start":{"line":28,"column":43},"end":{"line":28,"column":57}}],"line":28},"1":{"loc":{"start":{"line":57,"column":13},"end":{"line":57,"column":null}},"type":"binary-expr","locations":[{"start":{"line":57,"column":13},"end":{"line":57,"column":31}},{"start":{"line":57,"column":31},"end":{"line":57,"column":48}},{"start":{"line":57,"column":48},"end":{"line":57,"column":null}}],"line":57},"2":{"loc":{"start":{"line":61,"column":4},"end":{"line":63,"column":null}},"type":"if","locations":[{"start":{"line":61,"column":4},"end":{"line":63,"column":null}},{"start":{},"end":{}}],"line":61},"3":{"loc":{"start":{"line":68,"column":4},"end":{"line":76,"column":null}},"type":"if","locations":[{"start":{"line":68,"column":4},"end":{"line":76,"column":null}},{"start":{},"end":{}}],"line":68},"4":{"loc":{"start":{"line":72,"column":5},"end":{"line":76,"column":null}},"type":"if","locations":[{"start":{"line":72,"column":5},"end":{"line":76,"column":null}},{"start":{},"end":{}}],"line":72},"5":{"loc":{"start":{"line":88,"column":5},"end":{"line":96,"column":null}},"type":"if","locations":[{"start":{"line":88,"column":5},"end":{"line":96,"column":null}},{"start":{},"end":{}}],"line":88},"6":{"loc":{"start":{"line":91,"column":6},"end":{"line":93,"column":null}},"type":"if","locations":[{"start":{"line":91,"column":6},"end":{"line":93,"column":null}},{"start":{},"end":{}}],"line":91},"7":{"loc":{"start":{"line":91,"column":10},"end":{"line":91,"column":36}},"type":"binary-expr","locations":[{"start":{"line":91,"column":10},"end":{"line":91,"column":25}},{"start":{"line":91,"column":25},"end":{"line":91,"column":36}}],"line":91},"8":{"loc":{"start":{"line":93,"column":7},"end":{"line":93,"column":null}},"type":"if","locations":[{"start":{"line":93,"column":7},"end":{"line":93,"column":null}},{"start":{},"end":{}}],"line":93},"9":{"loc":{"start":{"line":95,"column":6},"end":{"line":96,"column":null}},"type":"if","locations":[{"start":{"line":95,"column":6},"end":{"line":96,"column":null}},{"start":{},"end":{}}],"line":95},"10":{"loc":{"start":{"line":103,"column":4},"end":{"line":106,"column":null}},"type":"if","locations":[{"start":{"line":103,"column":4},"end":{"line":106,"column":null}},{"start":{"line":105,"column":11},"end":{"line":106,"column":null}}],"line":103},"11":{"loc":{"start":{"line":110,"column":4},"end":{"line":119,"column":null}},"type":"if","locations":[{"start":{"line":110,"column":4},"end":{"line":119,"column":null}},{"start":{},"end":{}}],"line":110},"12":{"loc":{"start":{"line":111,"column":5},"end":{"line":112,"column":null}},"type":"binary-expr","locations":[{"start":{"line":111,"column":5},"end":{"line":111,"column":null}},{"start":{"line":111,"column":13},"end":{"line":112,"column":23}},{"start":{"line":112,"column":27},"end":{"line":112,"column":null}}],"line":111},"13":{"loc":{"start":{"line":118,"column":7},"end":{"line":118,"column":null}},"type":"if","locations":[{"start":{"line":118,"column":7},"end":{"line":118,"column":null}},{"start":{},"end":{}}],"line":118},"14":{"loc":{"start":{"line":123,"column":4},"end":{"line":126,"column":null}},"type":"if","locations":[{"start":{"line":123,"column":4},"end":{"line":126,"column":null}},{"start":{},"end":{}}],"line":123},"15":{"loc":{"start":{"line":130,"column":12},"end":{"line":130,"column":null}},"type":"binary-expr","locations":[{"start":{"line":130,"column":12},"end":{"line":130,"column":38}},{"start":{"line":130,"column":38},"end":{"line":130,"column":null}}],"line":130},"16":{"loc":{"start":{"line":133,"column":12},"end":{"line":133,"column":null}},"type":"binary-expr","locations":[{"start":{"line":133,"column":12},"end":{"line":133,"column":40}},{"start":{"line":133,"column":40},"end":{"line":133,"column":null}}],"line":133},"17":{"loc":{"start":{"line":137,"column":5},"end":{"line":137,"column":null}},"type":"cond-expr","locations":[{"start":{"line":137,"column":58},"end":{"line":137,"column":62}},{"start":{"line":137,"column":62},"end":{"line":137,"column":null}}],"line":137},"18":{"loc":{"start":{"line":137,"column":5},"end":{"line":137,"column":58}},"type":"binary-expr","locations":[{"start":{"line":137,"column":5},"end":{"line":137,"column":19}},{"start":{"line":137,"column":19},"end":{"line":137,"column":43}},{"start":{"line":137,"column":43},"end":{"line":137,"column":58}}],"line":137},"19":{"loc":{"start":{"line":167,"column":22},"end":{"line":167,"column":43}},"type":"binary-expr","locations":[{"start":{"line":167,"column":22},"end":{"line":167,"column":41}},{"start":{"line":167,"column":41},"end":{"line":167,"column":43}}],"line":167},"20":{"loc":{"start":{"line":172,"column":6},"end":{"line":174,"column":null}},"type":"cond-expr","locations":[{"start":{"line":173,"column":9},"end":{"line":173,"column":null}},{"start":{"line":174,"column":9},"end":{"line":174,"column":null}}],"line":172},"21":{"loc":{"start":{"line":174,"column":9},"end":{"line":174,"column":null}},"type":"binary-expr","locations":[{"start":{"line":174,"column":9},"end":{"line":174,"column":29}},{"start":{"line":174,"column":29},"end":{"line":174,"column":null}}],"line":174},"22":{"loc":{"start":{"line":176,"column":6},"end":{"line":178,"column":null}},"type":"cond-expr","locations":[{"start":{"line":177,"column":9},"end":{"line":177,"column":null}},{"start":{"line":178,"column":9},"end":{"line":178,"column":null}}],"line":176},"23":{"loc":{"start":{"line":178,"column":9},"end":{"line":178,"column":null}},"type":"binary-expr","locations":[{"start":{"line":178,"column":9},"end":{"line":178,"column":30}},{"start":{"line":178,"column":30},"end":{"line":178,"column":null}}],"line":178},"24":{"loc":{"start":{"line":179,"column":11},"end":{"line":179,"column":null}},"type":"cond-expr","locations":[{"start":{"line":179,"column":35},"end":{"line":179,"column":50}},{"start":{"line":179,"column":50},"end":{"line":179,"column":null}}],"line":179},"25":{"loc":{"start":{"line":179,"column":50},"end":{"line":179,"column":null}},"type":"binary-expr","locations":[{"start":{"line":179,"column":50},"end":{"line":179,"column":68}},{"start":{"line":179,"column":68},"end":{"line":179,"column":null}}],"line":179},"26":{"loc":{"start":{"line":190,"column":4},"end":{"line":191,"column":null}},"type":"if","locations":[{"start":{"line":190,"column":4},"end":{"line":191,"column":null}},{"start":{},"end":{}}],"line":190},"27":{"loc":{"start":{"line":232,"column":5},"end":{"line":234,"column":null}},"type":"cond-expr","locations":[{"start":{"line":233,"column":8},"end":{"line":233,"column":null}},{"start":{"line":234,"column":8},"end":{"line":234,"column":null}}],"line":232},"28":{"loc":{"start":{"line":236,"column":4},"end":{"line":242,"column":null}},"type":"if","locations":[{"start":{"line":236,"column":4},"end":{"line":242,"column":null}},{"start":{},"end":{}}],"line":236},"29":{"loc":{"start":{"line":239,"column":49},"end":{"line":239,"column":109}},"type":"cond-expr","locations":[{"start":{"line":239,"column":73},"end":{"line":239,"column":92}},{"start":{"line":239,"column":92},"end":{"line":239,"column":109}}],"line":239},"30":{"loc":{"start":{"line":259,"column":4},"end":{"line":265,"column":null}},"type":"if","locations":[{"start":{"line":259,"column":4},"end":{"line":265,"column":null}},{"start":{},"end":{}}],"line":259},"31":{"loc":{"start":{"line":268,"column":4},"end":{"line":286,"column":null}},"type":"if","locations":[{"start":{"line":268,"column":4},"end":{"line":286,"column":null}},{"start":{"line":276,"column":11},"end":{"line":286,"column":null}}],"line":268},"32":{"loc":{"start":{"line":306,"column":12},"end":{"line":306,"column":null}},"type":"binary-expr","locations":[{"start":{"line":306,"column":12},"end":{"line":306,"column":30}},{"start":{"line":306,"column":30},"end":{"line":306,"column":47}},{"start":{"line":306,"column":47},"end":{"line":306,"column":null}}],"line":306},"33":{"loc":{"start":{"line":343,"column":4},"end":{"line":346,"column":null}},"type":"if","locations":[{"start":{"line":343,"column":4},"end":{"line":346,"column":null}},{"start":{},"end":{}}],"line":343},"34":{"loc":{"start":{"line":347,"column":4},"end":{"line":347,"column":null}},"type":"if","locations":[{"start":{"line":347,"column":4},"end":{"line":347,"column":null}},{"start":{},"end":{}}],"line":347},"35":{"loc":{"start":{"line":348,"column":4},"end":{"line":349,"column":null}},"type":"if","locations":[{"start":{"line":348,"column":4},"end":{"line":349,"column":null}},{"start":{},"end":{}}],"line":348},"36":{"loc":{"start":{"line":348,"column":8},"end":{"line":348,"column":null}},"type":"binary-expr","locations":[{"start":{"line":348,"column":8},"end":{"line":348,"column":23}},{"start":{"line":348,"column":23},"end":{"line":348,"column":null}}],"line":348},"37":{"loc":{"start":{"line":363,"column":6},"end":{"line":363,"column":null}},"type":"if","locations":[{"start":{"line":363,"column":6},"end":{"line":363,"column":null}},{"start":{},"end":{}}],"line":363},"38":{"loc":{"start":{"line":390,"column":53},"end":{"line":390,"column":69}},"type":"binary-expr","locations":[{"start":{"line":390,"column":53},"end":{"line":390,"column":67}},{"start":{"line":390,"column":67},"end":{"line":390,"column":69}}],"line":390},"39":{"loc":{"start":{"line":403,"column":6},"end":{"line":406,"column":null}},"type":"if","locations":[{"start":{"line":403,"column":6},"end":{"line":406,"column":null}},{"start":{},"end":{}}],"line":403},"40":{"loc":{"start":{"line":405,"column":8},"end":{"line":405,"column":null}},"type":"if","locations":[{"start":{"line":405,"column":8},"end":{"line":405,"column":null}},{"start":{},"end":{}}],"line":405},"41":{"loc":{"start":{"line":412,"column":4},"end":{"line":414,"column":null}},"type":"if","locations":[{"start":{"line":412,"column":4},"end":{"line":414,"column":null}},{"start":{},"end":{}}],"line":412},"42":{"loc":{"start":{"line":450,"column":5},"end":{"line":453,"column":null}},"type":"if","locations":[{"start":{"line":450,"column":5},"end":{"line":453,"column":null}},{"start":{"line":452,"column":12},"end":{"line":453,"column":null}}],"line":450},"43":{"loc":{"start":{"line":457,"column":18},"end":{"line":457,"column":38}},"type":"cond-expr","locations":[{"start":{"line":457,"column":32},"end":{"line":457,"column":36}},{"start":{"line":457,"column":36},"end":{"line":457,"column":38}}],"line":457},"44":{"loc":{"start":{"line":470,"column":2},"end":{"line":472,"column":null}},"type":"if","locations":[{"start":{"line":470,"column":2},"end":{"line":472,"column":null}},{"start":{},"end":{}}],"line":470},"45":{"loc":{"start":{"line":481,"column":2},"end":{"line":488,"column":null}},"type":"if","locations":[{"start":{"line":481,"column":2},"end":{"line":488,"column":null}},{"start":{},"end":{}}],"line":481},"46":{"loc":{"start":{"line":491,"column":2},"end":{"line":500,"column":null}},"type":"if","locations":[{"start":{"line":491,"column":2},"end":{"line":500,"column":null}},{"start":{},"end":{}}],"line":491},"47":{"loc":{"start":{"line":503,"column":2},"end":{"line":510,"column":null}},"type":"if","locations":[{"start":{"line":503,"column":2},"end":{"line":510,"column":null}},{"start":{},"end":{}}],"line":503},"48":{"loc":{"start":{"line":513,"column":2},"end":{"line":520,"column":null}},"type":"if","locations":[{"start":{"line":513,"column":2},"end":{"line":520,"column":null}},{"start":{"line":519,"column":9},"end":{"line":520,"column":null}}],"line":513},"49":{"loc":{"start":{"line":526,"column":39},"end":{"line":526,"column":75}},"type":"binary-expr","locations":[{"start":{"line":526,"column":39},"end":{"line":526,"column":52}},{"start":{"line":526,"column":52},"end":{"line":526,"column":75}}],"line":526},"50":{"loc":{"start":{"line":528,"column":10},"end":{"line":528,"column":null}},"type":"binary-expr","locations":[{"start":{"line":528,"column":10},"end":{"line":528,"column":23}},{"start":{"line":528,"column":23},"end":{"line":528,"column":null}}],"line":528},"51":{"loc":{"start":{"line":531,"column":10},"end":{"line":531,"column":null}},"type":"binary-expr","locations":[{"start":{"line":531,"column":10},"end":{"line":531,"column":23}},{"start":{"line":531,"column":23},"end":{"line":531,"column":null}}],"line":531},"52":{"loc":{"start":{"line":536,"column":3},"end":{"line":543,"column":null}},"type":"if","locations":[{"start":{"line":536,"column":3},"end":{"line":543,"column":null}},{"start":{"line":538,"column":14},"end":{"line":543,"column":null}}],"line":536},"53":{"loc":{"start":{"line":538,"column":14},"end":{"line":543,"column":null}},"type":"if","locations":[{"start":{"line":538,"column":14},"end":{"line":543,"column":null}},{"start":{"line":540,"column":14},"end":{"line":543,"column":null}}],"line":538},"54":{"loc":{"start":{"line":540,"column":14},"end":{"line":543,"column":null}},"type":"if","locations":[{"start":{"line":540,"column":14},"end":{"line":543,"column":null}},{"start":{"line":542,"column":10},"end":{"line":543,"column":null}}],"line":540},"55":{"loc":{"start":{"line":545,"column":3},"end":{"line":546,"column":null}},"type":"if","locations":[{"start":{"line":545,"column":3},"end":{"line":546,"column":null}},{"start":{},"end":{}}],"line":545},"56":{"loc":{"start":{"line":545,"column":7},"end":{"line":545,"column":31}},"type":"binary-expr","locations":[{"start":{"line":545,"column":7},"end":{"line":545,"column":20}},{"start":{"line":545,"column":20},"end":{"line":545,"column":31}}],"line":545},"57":{"loc":{"start":{"line":554,"column":2},"end":{"line":561,"column":null}},"type":"if","locations":[{"start":{"line":554,"column":2},"end":{"line":561,"column":null}},{"start":{"line":558,"column":9},"end":{"line":561,"column":null}}],"line":554},"58":{"loc":{"start":{"line":554,"column":6},"end":{"line":554,"column":65}},"type":"binary-expr","locations":[{"start":{"line":554,"column":6},"end":{"line":554,"column":30}},{"start":{"line":554,"column":30},"end":{"line":554,"column":41}},{"start":{"line":554,"column":41},"end":{"line":554,"column":65}}],"line":554},"59":{"loc":{"start":{"line":564,"column":2},"end":{"line":565,"column":null}},"type":"if","locations":[{"start":{"line":564,"column":2},"end":{"line":565,"column":null}},{"start":{},"end":{}}],"line":564},"60":{"loc":{"start":{"line":566,"column":2},"end":{"line":567,"column":null}},"type":"if","locations":[{"start":{"line":566,"column":2},"end":{"line":567,"column":null}},{"start":{},"end":{}}],"line":566},"61":{"loc":{"start":{"line":568,"column":2},"end":{"line":569,"column":null}},"type":"if","locations":[{"start":{"line":568,"column":2},"end":{"line":569,"column":null}},{"start":{},"end":{}}],"line":568},"62":{"loc":{"start":{"line":581,"column":3},"end":{"line":589,"column":null}},"type":"if","locations":[{"start":{"line":581,"column":3},"end":{"line":589,"column":null}},{"start":{},"end":{}}],"line":581},"63":{"loc":{"start":{"line":583,"column":4},"end":{"line":587,"column":null}},"type":"if","locations":[{"start":{"line":583,"column":4},"end":{"line":587,"column":null}},{"start":{"line":585,"column":11},"end":{"line":587,"column":null}}],"line":583},"64":{"loc":{"start":{"line":606,"column":4},"end":{"line":610,"column":null}},"type":"if","locations":[{"start":{"line":606,"column":4},"end":{"line":610,"column":null}},{"start":{},"end":{}}],"line":606},"65":{"loc":{"start":{"line":607,"column":5},"end":{"line":608,"column":62}},"type":"binary-expr","locations":[{"start":{"line":607,"column":5},"end":{"line":607,"column":null}},{"start":{"line":608,"column":5},"end":{"line":608,"column":62}}],"line":607},"66":{"loc":{"start":{"line":616,"column":20},"end":{"line":618,"column":25}},"type":"cond-expr","locations":[{"start":{"line":617,"column":8},"end":{"line":617,"column":24}},{"start":{"line":618,"column":8},"end":{"line":618,"column":25}}],"line":616},"67":{"loc":{"start":{"line":620,"column":6},"end":{"line":624,"column":null}},"type":"cond-expr","locations":[{"start":{"line":621,"column":9},"end":{"line":621,"column":null}},{"start":{"line":622,"column":9},"end":{"line":624,"column":null}}],"line":620},"68":{"loc":{"start":{"line":622,"column":9},"end":{"line":624,"column":null}},"type":"cond-expr","locations":[{"start":{"line":623,"column":10},"end":{"line":623,"column":null}},{"start":{"line":624,"column":10},"end":{"line":624,"column":null}}],"line":622},"69":{"loc":{"start":{"line":632,"column":3},"end":{"line":637,"column":null}},"type":"if","locations":[{"start":{"line":632,"column":3},"end":{"line":637,"column":null}},{"start":{},"end":{}}],"line":632},"70":{"loc":{"start":{"line":657,"column":1},"end":{"line":660,"column":null}},"type":"binary-expr","locations":[{"start":{"line":657,"column":1},"end":{"line":657,"column":null}},{"start":{"line":658,"column":2},"end":{"line":658,"column":36}},{"start":{"line":659,"column":2},"end":{"line":659,"column":36}},{"start":{"line":660,"column":2},"end":{"line":660,"column":34}}],"line":657},"71":{"loc":{"start":{"line":662,"column":0},"end":{"line":666,"column":null}},"type":"if","locations":[{"start":{"line":662,"column":0},"end":{"line":666,"column":null}},{"start":{},"end":{}}],"line":662}},"s":{"0":1,"1":1,"2":1,"3":16,"4":16,"5":16,"6":6,"7":6,"8":6,"9":6,"10":6,"11":0,"12":0,"13":6,"14":5,"15":0,"16":0,"17":0,"18":0,"19":0,"20":0,"21":5,"22":5,"23":415,"24":36,"25":36,"26":36,"27":36,"28":0,"29":36,"30":0,"31":5,"32":5,"33":1,"34":4,"35":5,"36":1,"37":83,"38":18,"39":18,"40":18,"41":5,"42":1,"43":1,"44":1,"45":5,"46":251,"47":5,"48":255,"49":5,"50":1,"51":1,"52":1,"53":16,"54":1,"55":1,"56":1,"57":1,"58":1,"59":1,"60":1,"61":1,"62":0,"63":1,"64":3,"65":3,"66":3,"67":1,"68":0,"69":0,"70":0,"71":16,"72":0,"73":0,"74":0,"75":0,"76":0,"77":0,"78":0,"79":0,"80":0,"81":0,"82":0,"83":0,"84":0,"85":0,"86":0,"87":0,"88":0,"89":0,"90":0,"91":0,"92":0,"93":0,"94":0,"95":0,"96":16,"97":0,"98":0,"99":0,"100":0,"101":0,"102":0,"103":0,"104":0,"105":0,"106":0,"107":0,"108":0,"109":0,"110":0,"111":0,"112":16,"113":1,"114":1,"115":1,"116":0,"117":1,"118":0,"119":1,"120":0,"121":1,"122":1,"123":1,"124":2,"125":14,"126":6,"127":1,"128":1,"129":0,"130":0,"131":0,"132":16,"133":1,"134":1,"135":1,"136":1,"137":2,"138":14,"139":14,"140":6,"141":6,"142":1,"143":6,"144":1,"145":0,"146":0,"147":1,"148":1,"149":1,"150":1,"151":6,"152":1,"153":0,"154":0,"155":0,"156":16,"157":2,"158":2,"159":2,"160":2,"161":2,"162":0,"163":2,"164":2,"165":1,"166":2,"167":0,"168":0,"169":0,"170":2,"171":1,"172":1,"173":1,"174":3,"175":1,"176":3,"177":1,"178":3,"179":1,"180":1,"181":1,"182":1,"183":2,"184":1,"185":1,"186":1,"187":1,"188":1,"189":1,"190":1,"191":0,"192":0,"193":0,"194":0,"195":1,"196":1,"197":0,"198":4,"199":332,"200":4,"201":332,"202":4,"203":332,"204":4,"205":332,"206":4,"207":4,"208":332,"209":296,"210":36,"211":6,"212":30,"213":14,"214":16,"215":332,"216":28,"217":4,"218":4,"219":4,"220":4,"221":2,"222":2,"223":4,"224":2,"225":4,"226":2,"227":4,"228":2,"229":4,"230":16,"231":3,"232":2,"233":2,"234":1,"235":1,"236":1,"237":2,"238":1,"239":1,"240":1,"241":1,"242":7,"243":6,"244":1,"245":1,"246":1,"247":15,"248":15,"249":15,"250":1,"251":1,"252":1,"253":16,"254":1,"255":1,"256":16,"257":1,"258":1,"259":0,"260":0,"261":0},"f":{"0":16,"1":6,"2":415,"3":83,"4":18,"5":251,"6":255,"7":1,"8":0,"9":0,"10":0,"11":0,"12":1,"13":1,"14":2,"15":1,"16":2,"17":3,"18":3,"19":3,"20":4,"21":332,"22":332,"23":332,"24":332,"25":3,"26":1,"27":0},"b":{"0":[16],"1":[6,6,6],"2":[0,6],"3":[0,5],"4":[0,0],"5":[36,379],"6":[36,0],"7":[36,36],"8":[0,36],"9":[0,36],"10":[1,4],"11":[1,4],"12":[5,4,0],"13":[18,0],"14":[1,4],"15":[251,50],"16":[255,128],"17":[2,3],"18":[5,3,0],"19":[1,1],"20":[1,0],"21":[0,0],"22":[0,1],"23":[1,1],"24":[0,1],"25":[1,1],"26":[0,1],"27":[0,0],"28":[0,0],"29":[0,0],"30":[0,0],"31":[0,0],"32":[0,0,0],"33":[0,1],"34":[0,1],"35":[0,1],"36":[1,1],"37":[6,8],"38":[1,0],"39":[6,8],"40":[1,5],"41":[0,1],"42":[0,2],"43":[1,1],"44":[1,1],"45":[1,0],"46":[1,0],"47":[0,1],"48":[1,0],"49":[332,36],"50":[332,36],"51":[332,36],"52":[296,36],"53":[6,30],"54":[14,16],"55":[28,304],"56":[332,28],"57":[2,2],"58":[4,2,0],"59":[2,2],"60":[2,2],"61":[2,2],"62":[2,1],"63":[1,1],"64":[6,1],"65":[7,7],"66":[11,4],"67":[5,10],"68":[7,3],"69":[1,0],"70":[1,1,1,1],"71":[0,1]},"meta":{"lastBranch":72,"lastFunction":28,"lastStatement":262,"seen":{"s:24:18:24:62":0,"s:25:16:25:58":1,"s:26:12:26:56":2,"f:28:22:28:26":0,"b:28:43:28:57":0,"s:29:17:29:30":3,"s:31:1:34:Infinity":4,"s:36:1:144:Infinity":5,"f:52:10:52:17":1,"s:53:3:142:Infinity":6,"s:54:10:54:31":7,"s:55:26:58:Infinity":8,"b:57:13:57:31:57:31:57:48:57:48:57:Infinity":1,"s:60:33:60:35":9,"b:61:4:63:Infinity:undefined:undefined:undefined:undefined":2,"s:61:4:63:Infinity":10,"s:62:33:62:Infinity":11,"s:63:5:63:Infinity":12,"s:66:17:66:41":13,"b:68:4:76:Infinity:undefined:undefined:undefined:undefined":3,"s:68:4:76:Infinity":14,"s:69:28:69:Infinity":15,"s:70:18:70:Infinity":16,"s:71:22:71:38":17,"b:72:5:76:Infinity:undefined:undefined:undefined:undefined":4,"s:72:5:76:Infinity":18,"s:73:6:73:Infinity":19,"s:74:6:76:Infinity":20,"s:80:20:84:6":21,"s:87:4:99:Infinity":22,"f:87:12:87:21":2,"b:88:5:96:Infinity:undefined:undefined:undefined:undefined":5,"s:88:5:96:Infinity":23,"s:90:23:90:Infinity":24,"b:91:6:93:Infinity:undefined:undefined:undefined:undefined":6,"s:91:6:93:Infinity":25,"b:91:10:91:25:91:25:91:36":7,"s:92:25:92:65":26,"b:93:7:93:Infinity:undefined:undefined:undefined:undefined":8,"s:93:7:93:Infinity":27,"s:93:22:93:Infinity":28,"b:95:6:96:Infinity:undefined:undefined:undefined:undefined":9,"s:95:6:96:Infinity":29,"s:96:7:96:Infinity":30,"s:101:10:101:67":31,"b:103:4:106:Infinity:105:11:106:Infinity":10,"s:103:4:106:Infinity":32,"s:104:5:104:Infinity":33,"s:106:5:106:Infinity":34,"b:110:4:119:Infinity:undefined:undefined:undefined:undefined":11,"s:110:4:119:Infinity":35,"b:111:5:111:Infinity:111:13:112:23:112:27:112:Infinity":12,"s:114:5:119:Infinity":36,"f:115:7:115:15":3,"s:115:21:115:31":37,"f:116:7:116:16":4,"s:117:13:117:61":38,"b:118:7:118:Infinity:undefined:undefined:undefined:undefined":13,"s:118:7:118:Infinity":39,"s:118:23:118:Infinity":40,"b:123:4:126:Infinity:undefined:undefined:undefined:undefined":14,"s:123:4:126:Infinity":41,"s:124:11:124:63":42,"s:125:5:125:Infinity":43,"s:126:5:126:Infinity":44,"s:129:22:130:Infinity":45,"f:129:30:129:Infinity":5,"s:130:12:130:Infinity":46,"b:130:12:130:38:130:38:130:Infinity":15,"s:132:24:133:Infinity":47,"f:132:32:132:Infinity":6,"s:133:12:133:Infinity":48,"b:133:12:133:40:133:40:133:Infinity":16,"s:136:4:138:Infinity":49,"b:137:58:137:62:137:62:137:Infinity":17,"b:137:5:137:19:137:19:137:43:137:43:137:58":18,"s:140:18:140:Infinity":50,"s:141:4:141:Infinity":51,"s:142:4:142:Infinity":52,"s:149:1:210:Infinity":53,"f:164:10:164:17":7,"s:165:3:208:Infinity":54,"s:166:10:166:31":55,"s:167:22:167:43":56,"b:167:22:167:41:167:41:167:43":19,"s:169:26:180:Infinity":57,"b:173:9:173:Infinity:174:9:174:Infinity":20,"b:174:9:174:29:174:29:174:Infinity":21,"b:177:9:177:Infinity:178:9:178:Infinity":22,"b:178:9:178:30:178:30:178:Infinity":23,"b:179:35:179:50:179:50:179:Infinity":24,"b:179:50:179:68:179:68:179:Infinity":25,"s:182:17:182:41":58,"s:183:23:187:Infinity":59,"s:188:10:188:44":60,"b:190:4:191:Infinity:undefined:undefined:undefined:undefined":26,"s:190:4:191:Infinity":61,"s:191:5:191:Infinity":62,"s:194:4:197:Infinity":63,"s:195:22:195:74":64,"s:196:5:196:Infinity":65,"s:197:5:197:Infinity":66,"s:200:4:204:Infinity":67,"s:206:18:206:Infinity":68,"s:207:4:207:Infinity":69,"s:208:4:208:Infinity":70,"s:215:1:293:Infinity":71,"f:227:10:227:17":8,"s:228:3:291:Infinity":72,"s:229:21:229:Infinity":73,"s:230:17:230:Infinity":74,"s:232:5:234:Infinity":75,"b:233:8:233:Infinity:234:8:234:Infinity":27,"b:236:4:242:Infinity:undefined:undefined:undefined:undefined":28,"s:236:4:242:Infinity":76,"s:237:5:241:Infinity":77,"b:239:73:239:92:239:92:239:109":29,"s:242:5:242:Infinity":78,"s:245:4:247:Infinity":79,"s:248:17:248:41":80,"s:250:27:250:Infinity":81,"s:252:4:256:Infinity":82,"s:257:19:257:69":83,"b:259:4:265:Infinity:undefined:undefined:undefined:undefined":30,"s:259:4:265:Infinity":84,"s:260:5:264:Infinity":85,"s:265:5:265:Infinity":86,"b:268:4:286:Infinity:276:11:286:Infinity":31,"s:268:4:286:Infinity":87,"s:269:18:269:Infinity":88,"s:270:5:270:Infinity":89,"s:271:5:275:Infinity":90,"s:277:5:281:Infinity":91,"s:282:5:286:Infinity":92,"s:289:18:289:Infinity":93,"s:290:4:290:Infinity":94,"s:291:4:291:Infinity":95,"s:297:1:330:Infinity":96,"f:301:10:301:17":9,"s:302:20:302:Infinity":97,"s:303:9:303:30":98,"s:304:25:307:Infinity":99,"b:306:12:306:30:306:30:306:47:306:47:306:Infinity":32,"s:309:3:309:Infinity":100,"s:311:25:321:Infinity":101,"f:311:25:311:37":10,"s:312:4:321:Infinity":102,"s:313:18:313:42":103,"s:314:21:314:71":104,"s:315:5:317:Infinity":105,"s:318:5:318:Infinity":106,"s:320:19:320:Infinity":107,"s:321:5:321:Infinity":108,"s:325:3:325:Infinity":109,"s:327:3:329:Infinity":110,"f:327:56:327:72":11,"s:328:4:328:Infinity":111,"s:335:1:376:Infinity":112,"f:339:10:339:17":12,"s:340:3:374:Infinity":113,"s:341:17:341:41":114,"b:343:4:346:Infinity:undefined:undefined:undefined:undefined":33,"s:343:4:346:Infinity":115,"s:344:5:346:Infinity":116,"b:347:4:347:Infinity:undefined:undefined:undefined:undefined":34,"s:347:4:347:Infinity":117,"s:347:20:347:Infinity":118,"b:348:4:349:Infinity:undefined:undefined:undefined:undefined":35,"s:348:4:349:Infinity":119,"b:348:8:348:23:348:23:348:Infinity":36,"s:349:5:349:Infinity":120,"s:351:22:351:Infinity":121,"s:352:18:352:Infinity":122,"s:353:4:363:Infinity":123,"s:354:5:363:Infinity":124,"b:363:6:363:Infinity:undefined:undefined:undefined:undefined":37,"s:363:6:363:Infinity":125,"s:363:50:363:Infinity":126,"s:367:4:367:Infinity":127,"s:368:4:370:Infinity":128,"s:372:18:372:Infinity":129,"s:373:4:373:Infinity":130,"s:374:4:374:Infinity":131,"s:381:1:430:Infinity":132,"f:385:10:385:17":13,"s:386:3:428:Infinity":133,"s:387:17:387:41":134,"s:388:17:388:44":135,"s:390:4:406:Infinity":136,"b:390:53:390:67:390:67:390:69":38,"s:391:5:406:Infinity":137,"s:400:18:400:Infinity":138,"b:403:6:406:Infinity:undefined:undefined:undefined:undefined":39,"s:403:6:406:Infinity":139,"s:404:7:406:Infinity":140,"b:405:8:405:Infinity:undefined:undefined:undefined:undefined":40,"s:405:8:405:Infinity":141,"s:405:28:405:Infinity":142,"s:406:8:406:Infinity":143,"b:412:4:414:Infinity:undefined:undefined:undefined:undefined":41,"s:412:4:414:Infinity":144,"s:413:5:413:Infinity":145,"s:414:5:414:Infinity":146,"s:417:4:417:Infinity":147,"s:418:4:421:Infinity":148,"s:419:5:419:Infinity":149,"s:420:5:421:Infinity":150,"s:421:6:421:Infinity":151,"s:424:4:424:Infinity":152,"s:426:18:426:Infinity":153,"s:427:4:427:Infinity":154,"s:428:4:428:Infinity":155,"s:435:1:464:Infinity":156,"f:440:3:440:Infinity":14,"s:445:4:461:Infinity":157,"s:446:21:446:48":158,"s:447:21:447:48":159,"s:448:11:448:51":160,"b:450:5:453:Infinity:452:12:453:Infinity":42,"s:450:5:453:Infinity":161,"s:451:6:451:Infinity":162,"s:453:6:453:Infinity":163,"s:456:25:456:67":164,"f:456:33:456:39":15,"s:456:45:456:67":165,"s:457:5:457:Infinity":166,"b:457:32:457:36:457:36:457:38":43,"s:459:19:459:Infinity":167,"s:460:5:460:Infinity":168,"s:461:5:461:Infinity":169,"f:469:10:469:27":16,"b:470:2:472:Infinity:undefined:undefined:undefined:undefined":44,"s:470:2:472:Infinity":170,"s:471:3:471:Infinity":171,"s:472:3:472:Infinity":172,"s:475:19:475:63":173,"f:475:27:475:35":17,"s:475:41:475:63":174,"s:476:22:476:70":175,"f:476:30:476:38":18,"s:476:44:476:70":176,"s:477:22:477:69":177,"f:477:30:477:38":19,"s:477:44:477:69":178,"s:479:2:479:Infinity":179,"b:481:2:488:Infinity:undefined:undefined:undefined:undefined":45,"s:481:2:488:Infinity":180,"s:482:3:482:Infinity":181,"s:483:3:486:Infinity":182,"s:484:4:486:Infinity":183,"s:488:3:488:Infinity":184,"b:491:2:500:Infinity:undefined:undefined:undefined:undefined":46,"s:491:2:500:Infinity":185,"s:492:3:494:Infinity":186,"s:495:3:498:Infinity":187,"s:496:4:498:Infinity":188,"s:500:3:500:Infinity":189,"b:503:2:510:Infinity:undefined:undefined:undefined:undefined":47,"s:503:2:510:Infinity":190,"s:504:3:504:Infinity":191,"s:505:3:508:Infinity":192,"s:506:4:508:Infinity":193,"s:510:3:510:Infinity":194,"b:513:2:520:Infinity:519:9:520:Infinity":48,"s:513:2:520:Infinity":195,"s:514:3:518:Infinity":196,"s:520:3:520:Infinity":197,"f:524:10:524:23":20,"s:525:17:525:48":198,"f:525:25:525:33":21,"s:525:39:525:48":199,"s:526:17:526:75":200,"f:526:25:526:33":22,"s:526:39:526:75":201,"b:526:39:526:52:526:52:526:75":49,"s:527:19:528:Infinity":202,"f:527:27:527:Infinity":23,"s:528:10:528:Infinity":203,"b:528:10:528:23:528:23:528:Infinity":50,"s:530:22:531:Infinity":204,"f:530:30:530:Infinity":24,"s:531:10:531:Infinity":205,"b:531:10:531:23:531:23:531:Infinity":51,"s:534:2:534:Infinity":206,"s:535:2:546:Infinity":207,"b:536:3:543:Infinity:538:14:543:Infinity":52,"s:536:3:543:Infinity":208,"s:537:4:537:Infinity":209,"b:538:14:543:Infinity:540:14:543:Infinity":53,"s:538:14:543:Infinity":210,"s:539:4:539:Infinity":211,"b:540:14:543:Infinity:542:10:543:Infinity":54,"s:540:14:543:Infinity":212,"s:541:4:541:Infinity":213,"s:543:4:543:Infinity":214,"b:545:3:546:Infinity:undefined:undefined:undefined:undefined":55,"s:545:3:546:Infinity":215,"b:545:7:545:20:545:20:545:31":56,"s:546:4:546:Infinity":216,"s:550:16:550:Infinity":217,"s:551:20:551:Infinity":218,"s:552:2:552:Infinity":219,"b:554:2:561:Infinity:558:9:561:Infinity":57,"s:554:2:561:Infinity":220,"b:554:6:554:30:554:30:554:41:554:41:554:65":58,"s:555:3:557:Infinity":221,"s:559:3:561:Infinity":222,"b:564:2:565:Infinity:undefined:undefined:undefined:undefined":59,"s:564:2:565:Infinity":223,"s:565:3:565:Infinity":224,"b:566:2:567:Infinity:undefined:undefined:undefined:undefined":60,"s:566:2:567:Infinity":225,"s:567:3:567:Infinity":226,"b:568:2:569:Infinity:undefined:undefined:undefined:undefined":61,"s:568:2:569:Infinity":227,"s:569:3:569:Infinity":228,"s:570:2:570:Infinity":229,"s:576:1:639:Infinity":230,"f:580:3:580:11":25,"b:581:3:589:Infinity:undefined:undefined:undefined:undefined":62,"s:581:3:589:Infinity":231,"s:582:10:582:40":232,"b:583:4:587:Infinity:585:11:587:Infinity":63,"s:583:4:587:Infinity":233,"s:584:5:584:Infinity":234,"s:586:5:586:Infinity":235,"s:587:5:587:Infinity":236,"s:589:4:589:Infinity":237,"s:592:22:600:Infinity":238,"s:601:21:601:Infinity":239,"s:603:3:603:Infinity":240,"s:605:3:629:Infinity":241,"b:606:4:610:Infinity:undefined:undefined:undefined:undefined":64,"s:606:4:610:Infinity":242,"b:607:5:607:Infinity:608:5:608:62":65,"s:610:5:610:Infinity":243,"s:612:10:612:41":244,"s:613:4:613:Infinity":245,"s:615:4:627:Infinity":246,"s:616:20:618:25":247,"b:617:8:617:24:618:8:618:25":66,"s:620:6:624:Infinity":248,"b:621:9:621:Infinity:622:9:624:Infinity":67,"b:623:10:623:Infinity:624:10:624:Infinity":68,"s:625:5:627:Infinity":249,"s:629:4:629:Infinity":250,"b:632:3:637:Infinity:undefined:undefined:undefined:undefined":69,"s:632:3:637:Infinity":251,"s:633:4:637:Infinity":252,"s:644:1:650:Infinity":253,"f:647:10:647:22":26,"s:648:39:648:Infinity":254,"s:649:3:649:Infinity":255,"s:652:1:652:Infinity":256,"s:657:1:660:Infinity":257,"b:657:1:657:Infinity:658:2:658:36:659:2:659:36:660:2:660:34":70,"b:662:0:666:Infinity:undefined:undefined:undefined:undefined":71,"s:662:0:666:Infinity":258,"s:663:1:666:Infinity":259,"f:663:7:663:14":27,"s:664:2:664:Infinity":260,"s:665:2:665:Infinity":261}}}
,"C:\\projects\\swagger-sentinel\\packages\\core\\src\\comparator\\index.ts": {"path":"C:\\projects\\swagger-sentinel\\packages\\core\\src\\comparator\\index.ts","statementMap":{"0":{"start":{"line":24,"column":31},"end":{"line":24,"column":33}},"1":{"start":{"line":26,"column":18},"end":{"line":26,"column":37}},"2":{"start":{"line":27,"column":18},"end":{"line":27,"column":37}},"3":{"start":{"line":30,"column":1},"end":{"line":40,"column":null}},"4":{"start":{"line":31,"column":2},"end":{"line":40,"column":null}},"5":{"start":{"line":32,"column":3},"end":{"line":37,"column":null}},"6":{"start":{"line":40,"column":3},"end":{"line":40,"column":null}},"7":{"start":{"line":44,"column":1},"end":{"line":51,"column":null}},"8":{"start":{"line":45,"column":2},"end":{"line":51,"column":null}},"9":{"start":{"line":46,"column":3},"end":{"line":51,"column":null}},"10":{"start":{"line":55,"column":1},"end":{"line":55,"column":null}},"11":{"start":{"line":64,"column":17},"end":{"line":72,"column":null}},"12":{"start":{"line":74,"column":1},"end":{"line":93,"column":null}},"13":{"start":{"line":75,"column":16},"end":{"line":75,"column":null}},"14":{"start":{"line":76,"column":16},"end":{"line":76,"column":null}},"15":{"start":{"line":78,"column":2},"end":{"line":93,"column":null}},"16":{"start":{"line":79,"column":3},"end":{"line":84,"column":null}},"17":{"start":{"line":85,"column":13},"end":{"line":93,"column":null}},"18":{"start":{"line":86,"column":3},"end":{"line":91,"column":null}},"19":{"start":{"line":92,"column":13},"end":{"line":93,"column":null}},"20":{"start":{"line":93,"column":3},"end":{"line":93,"column":null}},"21":{"start":{"line":105,"column":16},"end":{"line":105,"column":null}},"22":{"start":{"line":108,"column":19},"end":{"line":108,"column":41}},"23":{"start":{"line":109,"column":19},"end":{"line":109,"column":41}},"24":{"start":{"line":111,"column":1},"end":{"line":140,"column":null}},"25":{"start":{"line":112,"column":15},"end":{"line":113,"column":null}},"26":{"start":{"line":113,"column":10},"end":{"line":113,"column":null}},"27":{"start":{"line":115,"column":2},"end":{"line":140,"column":null}},"28":{"start":{"line":116,"column":3},"end":{"line":121,"column":null}},"29":{"start":{"line":123,"column":3},"end":{"line":129,"column":null}},"30":{"start":{"line":124,"column":4},"end":{"line":129,"column":null}},"31":{"start":{"line":132,"column":3},"end":{"line":140,"column":null}},"32":{"start":{"line":135,"column":4},"end":{"line":140,"column":null}},"33":{"start":{"line":145,"column":1},"end":{"line":155,"column":null}},"34":{"start":{"line":146,"column":15},"end":{"line":147,"column":null}},"35":{"start":{"line":147,"column":10},"end":{"line":147,"column":null}},"36":{"start":{"line":149,"column":2},"end":{"line":155,"column":null}},"37":{"start":{"line":150,"column":3},"end":{"line":155,"column":null}},"38":{"start":{"line":160,"column":1},"end":{"line":188,"column":null}},"39":{"start":{"line":161,"column":2},"end":{"line":166,"column":null}},"40":{"start":{"line":168,"column":2},"end":{"line":188,"column":null}},"41":{"start":{"line":172,"column":2},"end":{"line":177,"column":null}},"42":{"start":{"line":178,"column":12},"end":{"line":188,"column":null}},"43":{"start":{"line":179,"column":2},"end":{"line":188,"column":null}},"44":{"start":{"line":183,"column":3},"end":{"line":188,"column":null}},"45":{"start":{"line":193,"column":22},"end":{"line":193,"column":43}},"46":{"start":{"line":194,"column":22},"end":{"line":194,"column":43}},"47":{"start":{"line":196,"column":1},"end":{"line":216,"column":null}},"48":{"start":{"line":197,"column":2},"end":{"line":216,"column":null}},"49":{"start":{"line":198,"column":3},"end":{"line":216,"column":null}},"50":{"start":{"line":199,"column":4},"end":{"line":204,"column":null}},"51":{"start":{"line":207,"column":4},"end":{"line":216,"column":null}},"52":{"start":{"line":211,"column":5},"end":{"line":216,"column":null}},"53":{"start":{"line":223,"column":1},"end":{"line":229,"column":null}},"54":{"start":{"line":224,"column":2},"end":{"line":229,"column":null}}},"fnMap":{"0":{"name":"compareSpecs","decl":{"start":{"line":20,"column":16},"end":{"line":20,"column":null}},"loc":{"start":{"line":23,"column":16},"end":{"line":55,"column":null}},"line":23},"1":{"name":"comparePathItems","decl":{"start":{"line":58,"column":9},"end":{"line":58,"column":null}},"loc":{"start":{"line":63,"column":2},"end":{"line":93,"column":null}},"line":63},"2":{"name":"compareOperations","decl":{"start":{"line":98,"column":9},"end":{"line":98,"column":null}},"loc":{"start":{"line":104,"column":2},"end":{"line":229,"column":null}},"line":104},"3":{"name":"(anonymous_3)","decl":{"start":{"line":112,"column":25},"end":{"line":112,"column":null}},"loc":{"start":{"line":113,"column":10},"end":{"line":113,"column":null}},"line":113},"4":{"name":"(anonymous_4)","decl":{"start":{"line":146,"column":25},"end":{"line":146,"column":null}},"loc":{"start":{"line":147,"column":10},"end":{"line":147,"column":null}},"line":147}},"branchMap":{"0":{"loc":{"start":{"line":26,"column":18},"end":{"line":26,"column":37}},"type":"binary-expr","locations":[{"start":{"line":26,"column":18},"end":{"line":26,"column":35}},{"start":{"line":26,"column":35},"end":{"line":26,"column":37}}],"line":26},"1":{"loc":{"start":{"line":27,"column":18},"end":{"line":27,"column":37}},"type":"binary-expr","locations":[{"start":{"line":27,"column":18},"end":{"line":27,"column":35}},{"start":{"line":27,"column":35},"end":{"line":27,"column":37}}],"line":27},"2":{"loc":{"start":{"line":31,"column":2},"end":{"line":40,"column":null}},"type":"if","locations":[{"start":{"line":31,"column":2},"end":{"line":40,"column":null}},{"start":{"line":38,"column":9},"end":{"line":40,"column":null}}],"line":31},"3":{"loc":{"start":{"line":45,"column":2},"end":{"line":51,"column":null}},"type":"if","locations":[{"start":{"line":45,"column":2},"end":{"line":51,"column":null}},{"start":{},"end":{}}],"line":45},"4":{"loc":{"start":{"line":78,"column":2},"end":{"line":93,"column":null}},"type":"if","locations":[{"start":{"line":78,"column":2},"end":{"line":93,"column":null}},{"start":{"line":85,"column":13},"end":{"line":93,"column":null}}],"line":78},"5":{"loc":{"start":{"line":78,"column":6},"end":{"line":78,"column":23}},"type":"binary-expr","locations":[{"start":{"line":78,"column":6},"end":{"line":78,"column":15}},{"start":{"line":78,"column":15},"end":{"line":78,"column":23}}],"line":78},"6":{"loc":{"start":{"line":85,"column":13},"end":{"line":93,"column":null}},"type":"if","locations":[{"start":{"line":85,"column":13},"end":{"line":93,"column":null}},{"start":{"line":92,"column":13},"end":{"line":93,"column":null}}],"line":85},"7":{"loc":{"start":{"line":85,"column":13},"end":{"line":85,"column":30}},"type":"binary-expr","locations":[{"start":{"line":85,"column":13},"end":{"line":85,"column":23}},{"start":{"line":85,"column":23},"end":{"line":85,"column":30}}],"line":85},"8":{"loc":{"start":{"line":92,"column":13},"end":{"line":93,"column":null}},"type":"if","locations":[{"start":{"line":92,"column":13},"end":{"line":93,"column":null}},{"start":{},"end":{}}],"line":92},"9":{"loc":{"start":{"line":92,"column":13},"end":{"line":92,"column":29}},"type":"binary-expr","locations":[{"start":{"line":92,"column":13},"end":{"line":92,"column":22}},{"start":{"line":92,"column":22},"end":{"line":92,"column":29}}],"line":92},"10":{"loc":{"start":{"line":108,"column":19},"end":{"line":108,"column":41}},"type":"binary-expr","locations":[{"start":{"line":108,"column":19},"end":{"line":108,"column":39}},{"start":{"line":108,"column":39},"end":{"line":108,"column":41}}],"line":108},"11":{"loc":{"start":{"line":109,"column":19},"end":{"line":109,"column":41}},"type":"binary-expr","locations":[{"start":{"line":109,"column":19},"end":{"line":109,"column":39}},{"start":{"line":109,"column":39},"end":{"line":109,"column":41}}],"line":109},"12":{"loc":{"start":{"line":113,"column":10},"end":{"line":113,"column":null}},"type":"binary-expr","locations":[{"start":{"line":113,"column":10},"end":{"line":113,"column":34}},{"start":{"line":113,"column":34},"end":{"line":113,"column":null}}],"line":113},"13":{"loc":{"start":{"line":115,"column":2},"end":{"line":140,"column":null}},"type":"if","locations":[{"start":{"line":115,"column":2},"end":{"line":140,"column":null}},{"start":{"line":122,"column":9},"end":{"line":140,"column":null}}],"line":115},"14":{"loc":{"start":{"line":123,"column":3},"end":{"line":129,"column":null}},"type":"if","locations":[{"start":{"line":123,"column":3},"end":{"line":129,"column":null}},{"start":{},"end":{}}],"line":123},"15":{"loc":{"start":{"line":123,"column":7},"end":{"line":123,"column":40}},"type":"binary-expr","locations":[{"start":{"line":123,"column":7},"end":{"line":123,"column":25}},{"start":{"line":123,"column":25},"end":{"line":123,"column":40}}],"line":123},"16":{"loc":{"start":{"line":132,"column":3},"end":{"line":140,"column":null}},"type":"if","locations":[{"start":{"line":132,"column":3},"end":{"line":140,"column":null}},{"start":{},"end":{}}],"line":132},"17":{"loc":{"start":{"line":133,"column":19},"end":{"line":133,"column":36}},"type":"binary-expr","locations":[{"start":{"line":133,"column":19},"end":{"line":133,"column":34}},{"start":{"line":133,"column":34},"end":{"line":133,"column":36}}],"line":133},"18":{"loc":{"start":{"line":133,"column":57},"end":{"line":133,"column":74}},"type":"binary-expr","locations":[{"start":{"line":133,"column":57},"end":{"line":133,"column":72}},{"start":{"line":133,"column":72},"end":{"line":133,"column":74}}],"line":133},"19":{"loc":{"start":{"line":147,"column":10},"end":{"line":147,"column":null}},"type":"binary-expr","locations":[{"start":{"line":147,"column":10},"end":{"line":147,"column":34}},{"start":{"line":147,"column":34},"end":{"line":147,"column":null}}],"line":147},"20":{"loc":{"start":{"line":149,"column":2},"end":{"line":155,"column":null}},"type":"if","locations":[{"start":{"line":149,"column":2},"end":{"line":155,"column":null}},{"start":{},"end":{}}],"line":149},"21":{"loc":{"start":{"line":149,"column":6},"end":{"line":149,"column":30}},"type":"binary-expr","locations":[{"start":{"line":149,"column":6},"end":{"line":149,"column":15}},{"start":{"line":149,"column":15},"end":{"line":149,"column":30}}],"line":149},"22":{"loc":{"start":{"line":160,"column":1},"end":{"line":188,"column":null}},"type":"if","locations":[{"start":{"line":160,"column":1},"end":{"line":188,"column":null}},{"start":{"line":168,"column":2},"end":{"line":188,"column":null}}],"line":160},"23":{"loc":{"start":{"line":160,"column":5},"end":{"line":160,"column":46}},"type":"binary-expr","locations":[{"start":{"line":160,"column":5},"end":{"line":160,"column":26}},{"start":{"line":160,"column":26},"end":{"line":160,"column":46}}],"line":160},"24":{"loc":{"start":{"line":168,"column":2},"end":{"line":188,"column":null}},"type":"if","locations":[{"start":{"line":168,"column":2},"end":{"line":188,"column":null}},{"start":{"line":178,"column":12},"end":{"line":188,"column":null}}],"line":168},"25":{"loc":{"start":{"line":168,"column":2},"end":{"line":170,"column":null}},"type":"binary-expr","locations":[{"start":{"line":168,"column":2},"end":{"line":168,"column":null}},{"start":{"line":169,"column":2},"end":{"line":169,"column":null}},{"start":{"line":170,"column":2},"end":{"line":170,"column":null}}],"line":168},"26":{"loc":{"start":{"line":178,"column":12},"end":{"line":188,"column":null}},"type":"if","locations":[{"start":{"line":178,"column":12},"end":{"line":188,"column":null}},{"start":{},"end":{}}],"line":178},"27":{"loc":{"start":{"line":178,"column":12},"end":{"line":178,"column":52}},"type":"binary-expr","locations":[{"start":{"line":178,"column":12},"end":{"line":178,"column":33}},{"start":{"line":178,"column":33},"end":{"line":178,"column":52}}],"line":178},"28":{"loc":{"start":{"line":179,"column":2},"end":{"line":188,"column":null}},"type":"if","locations":[{"start":{"line":179,"column":2},"end":{"line":188,"column":null}},{"start":{},"end":{}}],"line":179},"29":{"loc":{"start":{"line":193,"column":22},"end":{"line":193,"column":43}},"type":"binary-expr","locations":[{"start":{"line":193,"column":22},"end":{"line":193,"column":41}},{"start":{"line":193,"column":41},"end":{"line":193,"column":43}}],"line":193},"30":{"loc":{"start":{"line":194,"column":22},"end":{"line":194,"column":43}},"type":"binary-expr","locations":[{"start":{"line":194,"column":22},"end":{"line":194,"column":41}},{"start":{"line":194,"column":41},"end":{"line":194,"column":43}}],"line":194},"31":{"loc":{"start":{"line":197,"column":2},"end":{"line":216,"column":null}},"type":"if","locations":[{"start":{"line":197,"column":2},"end":{"line":216,"column":null}},{"start":{},"end":{}}],"line":197},"32":{"loc":{"start":{"line":198,"column":3},"end":{"line":216,"column":null}},"type":"if","locations":[{"start":{"line":198,"column":3},"end":{"line":216,"column":null}},{"start":{"line":205,"column":10},"end":{"line":216,"column":null}}],"line":198},"33":{"loc":{"start":{"line":207,"column":4},"end":{"line":216,"column":null}},"type":"if","locations":[{"start":{"line":207,"column":4},"end":{"line":216,"column":null}},{"start":{},"end":{}}],"line":207},"34":{"loc":{"start":{"line":208,"column":20},"end":{"line":208,"column":52}},"type":"binary-expr","locations":[{"start":{"line":208,"column":20},"end":{"line":208,"column":50}},{"start":{"line":208,"column":50},"end":{"line":208,"column":52}}],"line":208},"35":{"loc":{"start":{"line":209,"column":20},"end":{"line":209,"column":52}},"type":"binary-expr","locations":[{"start":{"line":209,"column":20},"end":{"line":209,"column":50}},{"start":{"line":209,"column":50},"end":{"line":209,"column":52}}],"line":209},"36":{"loc":{"start":{"line":223,"column":1},"end":{"line":229,"column":null}},"type":"if","locations":[{"start":{"line":223,"column":1},"end":{"line":229,"column":null}},{"start":{},"end":{}}],"line":223}},"s":{"0":9,"1":9,"2":9,"3":9,"4":10,"5":3,"6":7,"7":9,"8":9,"9":2,"10":9,"11":7,"12":7,"13":49,"14":49,"15":49,"16":1,"17":48,"18":0,"19":48,"20":11,"21":11,"22":11,"23":11,"24":11,"25":4,"26":4,"27":4,"28":1,"29":3,"30":1,"31":3,"32":0,"33":11,"34":3,"35":4,"36":3,"37":0,"38":11,"39":0,"40":11,"41":0,"42":11,"43":1,"44":0,"45":11,"46":11,"47":11,"48":31,"49":8,"50":1,"51":7,"52":0,"53":11,"54":1},"f":{"0":9,"1":7,"2":11,"3":4,"4":4},"b":{"0":[9,0],"1":[9,0],"2":[3,7],"3":[2,7],"4":[1,48],"5":[49,12],"6":[0,48],"7":[48,37],"8":[11,37],"9":[48,11],"10":[11,8],"11":[11,8],"12":[4,3],"13":[1,3],"14":[1,2],"15":[3,3],"16":[0,3],"17":[3,1],"18":[3,1],"19":[4,3],"20":[0,3],"21":[3,0],"22":[0,11],"23":[11,1],"24":[0,11],"25":[11,10,0],"26":[1,10],"27":[11,1],"28":[0,1],"29":[11,1],"30":[11,1],"31":[8,23],"32":[1,7],"33":[0,7],"34":[7,2],"35":[7,2],"36":[1,10]},"meta":{"lastBranch":37,"lastFunction":5,"lastStatement":55,"seen":{"f:20:16:20:Infinity":0,"s:24:31:24:33":0,"s:26:18:26:37":1,"b:26:18:26:35:26:35:26:37":0,"s:27:18:27:37":2,"b:27:18:27:35:27:35:27:37":1,"s:30:1:40:Infinity":3,"b:31:2:40:Infinity:38:9:40:Infinity":2,"s:31:2:40:Infinity":4,"s:32:3:37:Infinity":5,"s:40:3:40:Infinity":6,"s:44:1:51:Infinity":7,"b:45:2:51:Infinity:undefined:undefined:undefined:undefined":3,"s:45:2:51:Infinity":8,"s:46:3:51:Infinity":9,"s:55:1:55:Infinity":10,"f:58:9:58:Infinity":1,"s:64:17:72:Infinity":11,"s:74:1:93:Infinity":12,"s:75:16:75:Infinity":13,"s:76:16:76:Infinity":14,"b:78:2:93:Infinity:85:13:93:Infinity":4,"s:78:2:93:Infinity":15,"b:78:6:78:15:78:15:78:23":5,"s:79:3:84:Infinity":16,"b:85:13:93:Infinity:92:13:93:Infinity":6,"s:85:13:93:Infinity":17,"b:85:13:85:23:85:23:85:30":7,"s:86:3:91:Infinity":18,"b:92:13:93:Infinity:undefined:undefined:undefined:undefined":8,"s:92:13:93:Infinity":19,"b:92:13:92:22:92:22:92:29":9,"s:93:3:93:Infinity":20,"f:98:9:98:Infinity":2,"s:105:16:105:Infinity":21,"s:108:19:108:41":22,"b:108:19:108:39:108:39:108:41":10,"s:109:19:109:41":23,"b:109:19:109:39:109:39:109:41":11,"s:111:1:140:Infinity":24,"s:112:15:113:Infinity":25,"f:112:25:112:Infinity":3,"s:113:10:113:Infinity":26,"b:113:10:113:34:113:34:113:Infinity":12,"b:115:2:140:Infinity:122:9:140:Infinity":13,"s:115:2:140:Infinity":27,"s:116:3:121:Infinity":28,"b:123:3:129:Infinity:undefined:undefined:undefined:undefined":14,"s:123:3:129:Infinity":29,"b:123:7:123:25:123:25:123:40":15,"s:124:4:129:Infinity":30,"b:132:3:140:Infinity:undefined:undefined:undefined:undefined":16,"s:132:3:140:Infinity":31,"b:133:19:133:34:133:34:133:36":17,"b:133:57:133:72:133:72:133:74":18,"s:135:4:140:Infinity":32,"s:145:1:155:Infinity":33,"s:146:15:147:Infinity":34,"f:146:25:146:Infinity":4,"s:147:10:147:Infinity":35,"b:147:10:147:34:147:34:147:Infinity":19,"b:149:2:155:Infinity:undefined:undefined:undefined:undefined":20,"s:149:2:155:Infinity":36,"b:149:6:149:15:149:15:149:30":21,"s:150:3:155:Infinity":37,"b:160:1:188:Infinity:168:2:188:Infinity":22,"s:160:1:188:Infinity":38,"b:160:5:160:26:160:26:160:46":23,"s:161:2:166:Infinity":39,"b:168:2:188:Infinity:178:12:188:Infinity":24,"s:168:2:188:Infinity":40,"b:168:2:168:Infinity:169:2:169:Infinity:170:2:170:Infinity":25,"s:172:2:177:Infinity":41,"b:178:12:188:Infinity:undefined:undefined:undefined:undefined":26,"s:178:12:188:Infinity":42,"b:178:12:178:33:178:33:178:52":27,"b:179:2:188:Infinity:undefined:undefined:undefined:undefined":28,"s:179:2:188:Infinity":43,"s:183:3:188:Infinity":44,"s:193:22:193:43":45,"b:193:22:193:41:193:41:193:43":29,"s:194:22:194:43":46,"b:194:22:194:41:194:41:194:43":30,"s:196:1:216:Infinity":47,"b:197:2:216:Infinity:undefined:undefined:undefined:undefined":31,"s:197:2:216:Infinity":48,"b:198:3:216:Infinity:205:10:216:Infinity":32,"s:198:3:216:Infinity":49,"s:199:4:204:Infinity":50,"b:207:4:216:Infinity:undefined:undefined:undefined:undefined":33,"s:207:4:216:Infinity":51,"b:208:20:208:50:208:50:208:52":34,"b:209:20:209:50:209:50:209:52":35,"s:211:5:216:Infinity":52,"b:223:1:229:Infinity:undefined:undefined:undefined:undefined":36,"s:223:1:229:Infinity":53,"s:224:2:229:Infinity":54}}}
,"C:\\projects\\swagger-sentinel\\packages\\core\\src\\enricher\\index.ts": {"path":"C:\\projects\\swagger-sentinel\\packages\\core\\src\\enricher\\index.ts","statementMap":{"0":{"start":{"line":20,"column":37},"end":{"line":20,"column":39}},"1":{"start":{"line":23,"column":1},"end":{"line":51,"column":null}},"2":{"start":{"line":24,"column":2},"end":{"line":51,"column":null}},"3":{"start":{"line":25,"column":3},"end":{"line":25,"column":null}},"4":{"start":{"line":25,"column":18},"end":{"line":25,"column":null}},"5":{"start":{"line":26,"column":3},"end":{"line":51,"column":null}},"6":{"start":{"line":35,"column":23},"end":{"line":35,"column":null}},"7":{"start":{"line":36,"column":4},"end":{"line":51,"column":null}},"8":{"start":{"line":37,"column":5},"end":{"line":51,"column":null}},"9":{"start":{"line":38,"column":6},"end":{"line":51,"column":null}},"10":{"start":{"line":59,"column":1},"end":{"line":76,"column":null}},"11":{"start":{"line":60,"column":2},"end":{"line":76,"column":null}},"12":{"start":{"line":63,"column":21},"end":{"line":63,"column":null}},"13":{"start":{"line":64,"column":3},"end":{"line":76,"column":null}},"14":{"start":{"line":65,"column":4},"end":{"line":76,"column":null}},"15":{"start":{"line":81,"column":1},"end":{"line":82,"column":null}},"16":{"start":{"line":82,"column":2},"end":{"line":82,"column":null}},"17":{"start":{"line":86,"column":7},"end":{"line":86,"column":64}},"18":{"start":{"line":87,"column":23},"end":{"line":87,"column":72}},"19":{"start":{"line":89,"column":13},"end":{"line":89,"column":null}},"20":{"start":{"line":92,"column":1},"end":{"line":116,"column":null}},"21":{"start":{"line":93,"column":2},"end":{"line":116,"column":null}},"22":{"start":{"line":95,"column":17},"end":{"line":95,"column":35}},"23":{"start":{"line":96,"column":18},"end":{"line":96,"column":null}},"24":{"start":{"line":97,"column":19},"end":{"line":97,"column":43}},"25":{"start":{"line":99,"column":22},"end":{"line":99,"column":null}},"26":{"start":{"line":100,"column":3},"end":{"line":107,"column":null}},"27":{"start":{"line":101,"column":4},"end":{"line":103,"column":null}},"28":{"start":{"line":102,"column":5},"end":{"line":102,"column":null}},"29":{"start":{"line":103,"column":5},"end":{"line":103,"column":null}},"30":{"start":{"line":105,"column":4},"end":{"line":107,"column":null}},"31":{"start":{"line":106,"column":5},"end":{"line":106,"column":null}},"32":{"start":{"line":107,"column":5},"end":{"line":107,"column":null}},"33":{"start":{"line":110,"column":13},"end":{"line":116,"column":null}},"34":{"start":{"line":111,"column":22},"end":{"line":111,"column":null}},"35":{"start":{"line":112,"column":9},"end":{"line":112,"column":null}},"36":{"start":{"line":113,"column":3},"end":{"line":116,"column":null}},"37":{"start":{"line":114,"column":4},"end":{"line":116,"column":null}},"38":{"start":{"line":115,"column":5},"end":{"line":115,"column":null}},"39":{"start":{"line":116,"column":5},"end":{"line":116,"column":null}},"40":{"start":{"line":122,"column":1},"end":{"line":122,"column":null}}},"fnMap":{"0":{"name":"enrichSpec","decl":{"start":{"line":16,"column":22},"end":{"line":16,"column":null}},"loc":{"start":{"line":19,"column":25},"end":{"line":122,"column":null}},"line":19}},"branchMap":{"0":{"loc":{"start":{"line":23,"column":1},"end":{"line":51,"column":null}},"type":"if","locations":[{"start":{"line":23,"column":1},"end":{"line":51,"column":null}},{"start":{},"end":{}}],"line":23},"1":{"loc":{"start":{"line":25,"column":3},"end":{"line":25,"column":null}},"type":"if","locations":[{"start":{"line":25,"column":3},"end":{"line":25,"column":null}},{"start":{},"end":{}}],"line":25},"2":{"loc":{"start":{"line":36,"column":4},"end":{"line":51,"column":null}},"type":"if","locations":[{"start":{"line":36,"column":4},"end":{"line":51,"column":null}},{"start":{},"end":{}}],"line":36},"3":{"loc":{"start":{"line":37,"column":5},"end":{"line":51,"column":null}},"type":"if","locations":[{"start":{"line":37,"column":5},"end":{"line":51,"column":null}},{"start":{},"end":{}}],"line":37},"4":{"loc":{"start":{"line":37,"column":9},"end":{"line":37,"column":55}},"type":"binary-expr","locations":[{"start":{"line":37,"column":9},"end":{"line":37,"column":31}},{"start":{"line":37,"column":31},"end":{"line":37,"column":55}}],"line":37},"5":{"loc":{"start":{"line":47,"column":19},"end":{"line":49,"column":null}},"type":"cond-expr","locations":[{"start":{"line":48,"column":11},"end":{"line":48,"column":43}},{"start":{"line":49,"column":11},"end":{"line":49,"column":null}}],"line":47},"6":{"loc":{"start":{"line":59,"column":1},"end":{"line":76,"column":null}},"type":"if","locations":[{"start":{"line":59,"column":1},"end":{"line":76,"column":null}},{"start":{},"end":{}}],"line":59},"7":{"loc":{"start":{"line":64,"column":3},"end":{"line":76,"column":null}},"type":"if","locations":[{"start":{"line":64,"column":3},"end":{"line":76,"column":null}},{"start":{},"end":{}}],"line":64},"8":{"loc":{"start":{"line":64,"column":7},"end":{"line":64,"column":44}},"type":"binary-expr","locations":[{"start":{"line":64,"column":7},"end":{"line":64,"column":20}},{"start":{"line":64,"column":20},"end":{"line":64,"column":44}}],"line":64},"9":{"loc":{"start":{"line":72,"column":18},"end":{"line":74,"column":null}},"type":"cond-expr","locations":[{"start":{"line":73,"column":9},"end":{"line":73,"column":42}},{"start":{"line":74,"column":9},"end":{"line":74,"column":null}}],"line":72},"10":{"loc":{"start":{"line":81,"column":1},"end":{"line":82,"column":null}},"type":"if","locations":[{"start":{"line":81,"column":1},"end":{"line":82,"column":null}},{"start":{},"end":{}}],"line":81},"11":{"loc":{"start":{"line":93,"column":2},"end":{"line":116,"column":null}},"type":"if","locations":[{"start":{"line":93,"column":2},"end":{"line":116,"column":null}},{"start":{"line":110,"column":13},"end":{"line":116,"column":null}}],"line":93},"12":{"loc":{"start":{"line":100,"column":3},"end":{"line":107,"column":null}},"type":"if","locations":[{"start":{"line":100,"column":3},"end":{"lin
[...]
-expr","locations":[{"start":{"line":188,"column":6},"end":{"line":188,"column":null}},{"start":{"line":189,"column":6},"end":{"line":189,"column":null}}],"line":187},"31":{"loc":{"start":{"line":188,"column":60},"end":{"line":188,"column":null}},"type":"cond-expr","locations":[{"start":{"line":188,"column":86},"end":{"line":188,"column":126}},{"start":{"line":188,"column":126},"end":{"line":188,"column":null}}],"line":188},"32":{"loc":{"start":{"line":196,"column":3},"end":{"line":198,"column":null}},"type":"cond-expr","locations":[{"start":{"line":197,"column":6},"end":{"line":197,"column":null}},{"start":{"line":198,"column":6},"end":{"line":198,"column":null}}],"line":196},"33":{"loc":{"start":{"line":199,"column":20},"end":{"line":199,"column":null}},"type":"binary-expr","locations":[{"start":{"line":199,"column":20},"end":{"line":199,"column":34}},{"start":{"line":199,"column":34},"end":{"line":199,"column":null}}],"line":199},"34":{"loc":{"start":{"line":200,"column":2},"end":{"line":203,"column":null}},"type":"if","locations":[{"start":{"line":200,"column":2},"end":{"line":203,"column":null}},{"start":{},"end":{}}],"line":200},"35":{"loc":{"start":{"line":201,"column":29},"end":{"line":201,"column":57}},"type":"binary-expr","locations":[{"start":{"line":201,"column":29},"end":{"line":201,"column":55}},{"start":{"line":201,"column":55},"end":{"line":201,"column":57}}],"line":201},"36":{"loc":{"start":{"line":202,"column":3},"end":{"line":203,"column":null}},"type":"if","locations":[{"start":{"line":202,"column":3},"end":{"line":203,"column":null}},{"start":{},"end":{}}],"line":202},"37":{"loc":{"start":{"line":202,"column":7},"end":{"line":202,"column":59}},"type":"binary-expr","locations":[{"start":{"line":202,"column":7},"end":{"line":202,"column":29}},{"start":{"line":202,"column":33},"end":{"line":202,"column":59}}],"line":202},"38":{"loc":{"start":{"line":214,"column":3},"end":{"line":216,"column":null}},"type":"cond-expr","locations":[{"start":{"line":215,"column":6},"end":{"line":215,"column":null}},{"start":{"line":216,"column":6},"end":{"line":216,"column":null}}],"line":214},"39":{"loc":{"start":{"line":215,"column":60},"end":{"line":215,"column":null}},"type":"cond-expr","locations":[{"start":{"line":215,"column":86},"end":{"line":215,"column":126}},{"start":{"line":215,"column":126},"end":{"line":215,"column":null}}],"line":215},"40":{"loc":{"start":{"line":220,"column":28},"end":{"line":220,"column":46}},"type":"binary-expr","locations":[{"start":{"line":220,"column":28},"end":{"line":220,"column":44}},{"start":{"line":220,"column":44},"end":{"line":220,"column":46}}],"line":220},"41":{"loc":{"start":{"line":221,"column":9},"end":{"line":221,"column":51}},"type":"binary-expr","locations":[{"start":{"line":221,"column":9},"end":{"line":221,"column":18}},{"start":{"line":221,"column":18},"end":{"line":221,"column":51}}],"line":221},"42":{"loc":{"start":{"line":230,"column":3},"end":{"line":232,"column":null}},"type":"cond-expr","locations":[{"start":{"line":231,"column":6},"end":{"line":231,"column":null}},{"start":{"line":232,"column":6},"end":{"line":232,"column":null}}],"line":230},"43":{"loc":{"start":{"line":237,"column":1},"end":{"line":243,"column":null}},"type":"if","locations":[{"start":{"line":237,"column":1},"end":{"line":243,"column":null}},{"start":{},"end":{}}],"line":237},"44":{"loc":{"start":{"line":242,"column":3},"end":{"line":243,"column":null}},"type":"if","locations":[{"start":{"line":242,"column":3},"end":{"line":243,"column":null}},{"start":{},"end":{}}],"line":242},"45":{"loc":{"start":{"line":242,"column":7},"end":{"line":242,"column":50}},"type":"binary-expr","locations":[{"start":{"line":242,"column":7},"end":{"line":242,"column":28}},{"start":{"line":242,"column":28},"end":{"line":242,"column":50}}],"line":242},"46":{"loc":{"start":{"line":254,"column":3},"end":{"line":256,"column":null}},"type":"cond-expr","locations":[{"start":{"line":255,"column":6},"end":{"line":255,"column":null}},{"start":{"line":256,"column":6},"end":{"line":256,"column":null}}],"line":254},"47":{"loc":{"start":{"line":261,"column":1},"end":{"line":271,"column":null}},"type":"if","locations":[{"start":{"line":261,"column":1},"end":{"line":271,"column":null}},{"start":{},"end":{}}],"line":261},"48":{"loc":{"start":{"line":266,"column":3},"end":{"line":271,"column":null}},"type":"if","locations":[{"start":{"line":266,"column":3},"end":{"line":271,"column":null}},{"start":{},"end":{}}],"line":266},"49":{"loc":{"start":{"line":267,"column":4},"end":{"line":269,"column":42}},"type":"binary-expr","locations":[{"start":{"line":267,"column":4},"end":{"line":267,"column":null}},{"start":{"line":268,"column":4},"end":{"line":268,"column":null}},{"start":{"line":269,"column":4},"end":{"line":269,"column":42}}],"line":267},"50":{"loc":{"start":{"line":282,"column":3},"end":{"line":284,"column":null}},"type":"cond-expr","locations":[{"start":{"line":283,"column":6},"end":{"line":283,"column":null}},{"start":{"line":284,"column":6},"end":{"line":284,"column":null}}],"line":282},"51":{"loc":{"start":{"line":290,"column":20},"end":{"line":290,"column":48}},"type":"binary-expr","locations":[{"start":{"line":290,"column":20},"end":{"line":290,"column":46}},{"start":{"line":290,"column":46},"end":{"line":290,"column":48}}],"line":290},"52":{"loc":{"start":{"line":293,"column":5},"end":{"line":294,"column":6}},"type":"binary-expr","locations":[{"start":{"line":293,"column":5},"end":{"line":293,"column":null}},{"start":{"line":294,"column":4},"end":{"line":294,"column":6}}],"line":293},"53":{"loc":{"start":{"line":295,"column":3},"end":{"line":302,"column":null}},"type":"if","locations":[{"start":{"line":295,"column":3},"end":{"line":302,"column":null}},{"start":{},"end":{}}],"line":295},"54":{"loc":{"start":{"line":297,"column":6},"end":{"line":297,"column":66}},"type":"binary-expr","locations":[{"start":{"line":297,"column":6},"end":{"line":297,"column":64}},{"start":{"line":297,"column":64},"end":{"line":297,"column":66}}],"line":297},"55":{"loc":{"start":{"line":301,"column":4},"end":{"line":302,"column":null}},"type":"if","locations":[{"start":{"line":301,"column":4},"end":{"line":302,"column":null}},{"start":{},"end":{}}],"line":301},"56":{"loc":{"start":{"line":314,"column":3},"end":{"line":316,"column":null}},"type":"cond-expr","locations":[{"start":{"line":315,"column":6},"end":{"line":315,"column":null}},{"start":{"line":316,"column":6},"end":{"line":316,"column":null}}],"line":314}},"s":{"0":32,"1":32,"2":32,"3":32,"4":32,"5":32,"6":14,"7":14,"8":14,"9":1,"10":32,"11":32,"12":32,"13":32,"14":5,"15":11,"16":11,"17":29,"18":29,"19":191,"20":1,"21":32,"22":32,"23":32,"24":15,"25":32,"26":32,"27":8,"28":32,"29":1,"30":32,"31":32,"32":14,"33":14,"34":14,"35":2,"36":2,"37":2,"38":1,"39":32,"40":32,"41":32,"42":30,"43":30,"44":30,"45":20,"46":20,"47":1,"48":32,"49":32,"50":32,"51":30,"52":30,"53":30,"54":20,"55":20,"56":2,"57":32,"58":32,"59":8,"60":32,"61":1,"62":32,"63":32,"64":14,"65":14,"66":14,"67":1,"68":32,"69":32,"70":32,"71":14,"72":14,"73":14,"74":2,"75":32,"76":32,"77":32,"78":30,"79":30,"80":100,"81":100,"82":2,"83":2,"84":1,"85":2,"86":1,"87":32,"88":32},"f":{"0":32,"1":191,"2":15,"3":8,"4":1,"5":8,"6":1,"7":1},"b":{"0":[32,14],"1":[18,14],"2":[14,18],"3":[1,13],"4":[14,4],"5":[1,31],"6":[5,27],"7":[11,0],"8":[1,28],"9":[29,2],"10":[1,31],"11":[32,5],"12":[32,27],"13":[10,22],"14":[32,27],"15":[32,24],"16":[8,2,1],"17":[1,31],"18":[14,18],"19":[2,12],"20":[14,2],"21":[1,1],"22":[2,2],"23":[1,31],"24":[0,30],"25":[30,20],"26":[20,10],"27":[20,0],"28":[1,19],"29":[20,1],"30":[1,31],"31":[0,1],"32":[0,30],"33":[30,20],"34":[20,10],"35":[20,0],"36":[2,18],"37":[20,2],"38":[2,30],"39":[0,2],"40":[32,24],"41":[8,8],"42":[1,31],"43":[14,18],"44":[1,13],"45":[14,8],"46":[1,31],"47":[14,18],"48":[2,12],"49":[14,4,3],"50":[2,30],"51":[30,0],"52":[100,14],"53":[2,98],"54":[2,1],"55":[1,1],"56":[1,31]},"meta":{"lastBranch":57,"lastFunction":8,"lastStatement":89,"seen":{"f:12:16:12:33":0,"s:13:37:13:39":0,"s:14:7:14:35":1,"s:17:28:19:Infinity":2,"b:18:2:18:Infinity:19:2:19:Infinity":0,"s:21:1:30:Infinity":3,"b:28:5:28:Infinity:29:5:29:Infinity":1,"s:33:32:33:34":4,"b:34:1:40:Infinity:undefined:undefined:undefined:undefined":2,"s:34:1:40:Infinity":5,"s:35:2:40:Infinity":6,"s:38:13:38:Infinity":7,"b:39:3:40:Infinity:undefined:undefined:undefined:undefined":3,"s:39:3:40:Infinity":8,"b:39:7:39:30:39:30:39:48":4,"s:40:4:40:Infinity":9,"s:44:1:54:Infinity":10,"b:52:6:52:Infinity:53:6:53:Infinity":5,"s:57:25:65:Infinity":11,"s:66:32:66:34":12,"b:67:1:82:Infinity:undefined:undefined:undefined:undefined":6,"s:67:1:82:Infinity":13,"s:68:2:82:Infinity":14,"b:71:3:82:Infinity:undefined:undefined:undefined:undefined":7,"s:71:3:82:Infinity":15,"s:72:4:82:Infinity":16,"s:75:15:75:Infinity":17,"b:76:5:82:Infinity:undefined:undefined:undefined:undefined":8,"s:76:5:82:Infinity":18,"b:77:6:78:Infinity:80:6:80:Infinity":9,"f:77:22:77:28":1,"s:78:7:78:55":19,"s:82:6:82:Infinity":20,"s:89:1:99:Infinity":21,"b:97:6:97:Infinity:98:6:98:Infinity":10,"s:102:27:102:Infinity":22,"b:102:30:102:47:102:47:102:Infinity":11,"s:103:28:104:Infinity":23,"f:103:32:103:Infinity":2,"s:104:9:104:Infinity":24,"s:106:1:115:Infinity":25,"b:110:10:110:31:110:31:110:Infinity":12,"b:113:5:113:Infinity:114:5:114:Infinity":13,"b:112:13:112:34:112:34:112:Infinity":14,"s:118:7:122:Infinity":26,"b:118:22:118:38:118:38:118:40":15,"f:118:42:118:Infinity":3,"s:120:3:122:31":27,"b:120:3:120:31:121:3:121:31:122:3:122:31":16,"s:124:1:134:Infinity":28,"b:132:6:132:Infinity:133:6:133:Infinity":17,"f:132:41:132:46":4,"s:132:52:132:58":29,"s:137:33:137:35":30,"b:138:1:147:Infinity:undefined:undefined:undefined:undefined":18,"s:138:1:147:Infinity":31,"s:139:2:147:Infinity":32,"s:142:13:142:Infinity":33,"b:143:3:147:Infinity:undefined:undefined:undefined:undefined":19,"s:143:3:147:Infinity":34,"b:143:7:143:30:143:30:143:39":20,"s:144:4:147:Infinity":35,"s:145:15:145:Infinity":36,"b:146:5:147:Infinity:undefined:undefined:undefined:undefined":21,"s:146:5:147:Infinity":37,"b:146:9:146:22:146:22:146:58":22,"s:147:6:147:Infinity":38,"s:153:1:163:Infinity":39,"b:161:6:161:Infinity:162:6:162:Infinity":23,"s:166:32:166:34":40,"s:167:1:176:Infinity":41,"s:169:3:171:Infinity":42,"b:170:6:170:Infinity:171:6:171:Infinity":24,"s:172:20:172:Infinity":43,"b:172:20:172:34:172:34:172:Infinity":25,"b:173:2:176:Infinity:undefined:undefined:undefined:undefined":26,"s:173:2:176:Infinity":44,"s:174:17:174:58":45,"b:174:29:174:55:174:55:174:57":27,"b:175:3:176:Infinity:undefined:undefined:undefined:undefined":28,"s:175:3:176:Infinity":46,"b:175:7:175:29:175:33:175:59":29,"s:176:4:176:Infinity":47,"s:180:1:190:Infinity":48,"b:188:6:188:Infinity:189:6:189:Infinity":30,"b:188:86:188:126:188:126:188:Infinity":31,"s:193:32:193:34":49,"s:194:1:203:Infinity":50,"s:196:3:198:Infinity":51,"b:197:6:197:Infinity:198:6:198:Infinity":32,"s:199:20:199:Infinity":52,"b:199:20:199:34:199:34:199:Infinity":33,"b:200:2:203:Infinity:undefined:undefined:undefined:undefined":34,"s:200:2:203:Infinity":53,"s:201:17:201:58":54,"b:201:29:201:55:201:55:201:57":35,"b:202:3:203:Infinity:undefined:undefined:undefined:undefined":36,"s:202:3:203:Infinity":55,"b:202:7:202:29:202:33:202:59":37,"s:203:4:203:Infinity":56,"s:207:1:217:Infinity":57,"b:215:6:215:Infinity:216:6:216:Infinity":38,"b:215:86:215:126:215:126:215:Infinity":39,"s:220:7:221:Infinity":58,"b:220:28:220:44:220:44:220:46":40,"f:220:48:220:Infinity":5,"s:221:9:221:51":59,"b:221:9:221:18:221:18:221:51":41,"s:223:1:233:Infinity":60,"b:231:6:231:Infinity:232:6:232:Infinity":42,"f:231:47:231:52":6,"s:231:58:231:64":61,"s:236:32:236:34":62,"b:237:1:243:Infinity:undefined:undefined:undefined:undefined":43,"s:237:1:243:Infinity":63,"s:238:2:243:Infinity":64,"s:241:13:241:Infinity":65,"b:242:3:243:Infinity:undefined:undefined:undefined:undefined":44,"s:242:3:243:Infinity":66,"b:242:7:242:28:242:28:242:50":45,"s:243:4:243:Infinity":67,"s:247:1:257:Infinity":68,"b:255:6:255:Infinity:256:6:256:Infinity":46,"s:260:34:260:36":69,"b:261:1:271:Infinity:undefined:undefined:undefined:undefined":47,"s:261:1:271:Infinity":70,"s:262:2:271:Infinity":71,"s:265:13:265:Infinity":72,"b:266:3:271:Infinity:undefined:undefined:undefined:undefined":48,"s:266:3:271:Infinity":73,"b:267:4:267:Infinity:268:4:268:Infinity:269:4:269:42":49,"s:271:4:271:Infinity":74,"s:275:1:285:Infinity":75,"b:283:6:283:Infinity:284:6:284:Infinity":50,"s:288:34:288:36":76,"s:289:1:302:Infinity":77,"s:290:20:290:48":78,"b:290:20:290:46:290:46:290:48":51,"s:291:2:302:Infinity":79,"s:293:5:294:6":80,"b:293:5:293:Infinity:294:4:294:6":52,"b:295:3:302:Infinity:undefined:undefined:undefined:undefined":53,"s:295:3:302:Infinity":81,"s:297:6:297:66":82,"b:297:6:297:64:297:64:297:66":54,"s:298:19:299:Infinity":83,"f:298:40:298:Infinity":7,"s:299:12:299:Infinity":84,"b:301:4:302:Infinity:undefined:undefined:undefined:undefined":55,"s:301:4:302:Infinity":85,"s:302:5:302:Infinity":86,"s:307:1:317:Infinity":87,"b:315:6:315:Infinity:316:6:316:Infinity":56,"s:319:1:319:Infinity":88}}}
,"C:\\projects\\swagger-sentinel\\packages\\core\\src\\validators\\structure.ts": {"path":"C:\\projects\\swagger-sentinel\\packages\\core\\src\\validators\\structure.ts","statementMap":{"0":{"start":{"line":7,"column":37},"end":{"line":7,"column":39}},"1":{"start":{"line":8,"column":14},"end":{"line":8,"column":29}},"2":{"start":{"line":10,"column":1},"end":{"line":17,"column":null}},"3":{"start":{"line":19,"column":1},"end":{"line":29,"column":null}},"4":{"start":{"line":31,"column":1},"end":{"line":40,"column":null}},"5":{"start":{"line":42,"column":1},"end":{"line":48,"column":null}},"6":{"start":{"line":50,"column":17},"end":{"line":50,"column":null}},"7":{"start":{"line":51,"column":1},"end":{"line":57,"column":null}},"8":{"start":{"line":59,"column":1},"end":{"line":65,"column":null}},"9":{"start":{"line":67,"column":1},"end":{"line":76,"column":null}},"10":{"start":{"line":78,"column":1},"end":{"line":84,"column":null}},"11":{"start":{"line":87,"column":1},"end":{"line":93,"column":null}},"12":{"start":{"line":96,"column":17},"end":{"line":96,"column":66}},"13":{"start":{"line":97,"column":1},"end":{"line":103,"column":null}},"14":{"start":{"line":106,"column":1},"end":{"line":115,"column":null}},"15":{"start":{"line":117,"column":1},"end":{"line":117,"column":null}}},"fnMap":{"0":{"name":"validateStructure","decl":{"start":{"line":6,"column":16},"end":{"line":6,"column":34}},"loc":{"start":{"line":6,"column":73},"end":{"line":117,"column":null}},"line":6}},"branchMap":{"0":{"loc":{"start":{"line":8,"column":14},"end":{"line":8,"column":29}},"type":"binary-expr","locations":[{"start":{"line":8,"column":14},"end":{"line":8,"column":27}},{"start":{"line":8,"column":27},"end":{"line":8,"column":29}}],"line":8},"1":{"loc":{"start":{"line":16,"column":11},"end":{"line":16,"column":null}},"type":"cond-expr","locations":[{"start":{"line":16,"column":27},"end":{"line":16,"column":68}},{"start":{"line":16,"column":68},"end":{"line":16,"column":null}}],"line":16},"2":{"loc":{"start":{"line":23,"column":10},"end":{"line":23,"column":63}},"type":"binary-expr","locations":[{"start":{"line":23,"column":10},"end":{"line":23,"column":28}},{"start":{"line":23,"column":28},"end":{"line":23,"column":63}}],"line":23},"3":{"loc":{"start":{"line":26,"column":3},"end":{"line":28,"column":null}},"type":"cond-expr","locations":[{"start":{"line":27,"column":6},"end":{"line":27,"column":null}},{"start":{"line":28,"column":6},"end":{"line":28,"column":null}}],"line":26},"4":{"loc":{"start":{"line":26,"column":3},"end":{"line":26,"column":55}},"type":"binary-expr","locations":[{"start":{"line":26,"column":3},"end":{"line":26,"column":19}},{"start":{"line":26,"column":19},"end":{"line":26,"column":55}}],"line":26},"5":{"loc":{"start":{"line":35,"column":13},"end":{"line":35,"column":null}},"type":"binary-expr","locations":[{"start":{"line":35,"column":13},"end":{"line":35,"column":29}},{"start":{"line":35,"column":29},"end":{"line":35,"column":null}}],"line":35},"6":{"loc":{"start":{"line":37,"column":11},"end":{"line":39,"column":null}},"type":"cond-expr","locations":[{"start":{"line":38,"column":5},"end":{"line":38,"column":null}},{"start":{"line":39,"column":5},"end":{"line":39,"column":null}}],"line":37},"7":{"loc":{"start":{"line":37,"column":13},"end":{"line":37,"column":null}},"type":"binary-expr","locations":[{"start":{"line":37,"column":13},"end":{"line":37,"column":29}},{"start":{"line":37,"column":29},"end":{"line":37,"column":null}}],"line":37},"8":{"loc":{"start":{"line":46,"column":13},"end":{"line":46,"column":null}},"type":"binary-expr","locations":[{"start":{"line":46,"column":13},"end":{"line":46,"column":27}},{"start":{"line":46,"column":27},"end":{"line":46,"column":null}}],"line":46},"9":{"loc":{"start":{"line":50,"column":17},"end":{"line":50,"column":null}},"type":"binary-expr","locations":[{"start":{"line":50,"column":17},"end":{"line":50,"column":33}},{"start":{"line":50,"column":33},"end":{"line":50,"column":null}}],"line":50},"10":{"loc":{"start":{"line":55,"column":10},"end":{"line":55,"column":64}},"type":"binary-expr","locations":[{"start":{"line":55,"column":10},"end":{"line":55,"column":35}},{"start":{"line":55,"column":39},"end":{"line":55,"column":64}}],"line":55},"11":{"loc":{"start":{"line":73,"column":11},"end":{"line":75,"column":null}},"type":"cond-expr","locations":[{"start":{"line":74,"column":5},"end":{"line":74,"column":null}},{"start":{"line":75,"column":5},"end":{"line":75,"column":null}}],"line":73},"12":{"loc":{"start":{"line":82,"column":10},"end":{"line":82,"column":null}},"type":"binary-expr","locations":[{"start":{"line":82,"column":10},"end":{"line":82,"column":26}},{"start":{"line":82,"column":26},"end":{"line":82,"column":null}}],"line":82},"13":{"loc":{"start":{"line":96,"column":32},"end":{"line":96,"column":48}},"type":"binary-expr","locations":[{"start":{"line":96,"column":32},"end":{"line":96,"column":46}},{"start":{"line":96,"column":46},"end":{"line":96,"column":48}}],"line":96},"14":{"loc":{"start":{"line":101,"column":10},"end":{"line":101,"column":null}},"type":"binary-expr","locations":[{"start":{"line":101,"column":10},"end":{"line":101,"column":22}},{"start":{"line":101,"column":22},"end":{"line":101,"column":null}}],"line":101},"15":{"loc":{"start":{"line":112,"column":11},"end":{"line":114,"column":null}},"type":"cond-expr","locations":[{"start":{"line":113,"column":5},"end":{"line":113,"column":null}},{"start":{"line":114,"column":5},"end":{"line":114,"column":null}}],"line":112}},"s":{"0":23,"1":23,"2":23,"3":23,"4":23,"5":23,"6":23,"7":23,"8":23,"9":23,"10":23,"11":23,"12":23,"13":23,"14":23,"15":23},"f":{"0":23},"b":{"0":[23,0],"1":[3,20],"2":[23,21],"3":[1,22],"4":[23,21],"5":[23,4],"6":[19,4],"7":[23,4],"8":[23,23],"9":[23,0],"10":[23,1],"11":[20,3],"12":[23,23],"13":[23,0],"14":[23,2],"15":[19,4]},"meta":{"lastBranch":16,"lastFunction":1,"lastStatement":16,"seen":{"f:6:16:6:34":0,"s:7:37:7:39":0,"s:8:14:8:29":1,"b:8:14:8:27:8:27:8:29":0,"s:10:1:17:Infinity":2,"b:16:27:16:68:16:68:16:Infinity":1,"s:19:1:29:Infinity":3,"b:23:10:23:28:23:28:23:63":2,"b:27:6:27:Infinity:28:6:28:Infinity":3,"b:26:3:26:19:26:19:26:55":4,"s:31:1:40:Infinity":4,"b:35:13:35:29:35:29:35:Infinity":5,"b:38:5:38:Infinity:39:5:39:Infinity":6,"b:37:13:37:29:37:29:37:Infinity":7,"s:42:1:48:Infinity":5,"b:46:13:46:27:46:27:46:Infinity":8,"s:50:17:50:Infinity":6,"b:50:17:50:33:50:33:50:Infinity":9,"s:51:1:57:Infinity":7,"b:55:10:55:35:55:39:55:64":10,"s:59:1:65:Infinity":8,"s:67:1:76:Infinity":9,"b:74:5:74:Infinity:75:5:75:Infinity":11,"s:78:1:84:Infinity":10,"b:82:10:82:26:82:26:82:Infinity":12,"s:87:1:93:Infinity":11,"s:96:17:96:66":12,"b:96:32:96:46:96:46:96:48":13,"s:97:1:103:Infinity":13,"b:101:10:101:22:101:22:101:Infinity":14,"s:106:1:115:Infinity":14,"b:113:5:113:Infinity:114:5:114:Infinity":15,"s:117:1:117:Infinity":15}}}
}
